#
# A fatal error has been detected by the Java Runtime Environment:
#
#  EXCEPTION_ACCESS_VIOLATION (0xc0000005) at pc=0x00007ff81102ab00, pid=19800, tid=1980
#
# JRE version: OpenJDK Runtime Environment Corretto-19.0.2.7.1 (19.0.2+7) (build 19.0.2+7-FR)
# Java VM: OpenJDK 64-Bit Server VM Corretto-19.0.2.7.1 (19.0.2+7-FR, mixed mode, sharing, tiered, compressed oops, compressed class ptrs, g1 gc, windows-amd64)
# Problematic frame:
# C  [atio6axx.dll+0x229ab00]
#
# No core dump will be written. Minidumps are not enabled by default on client versions of Windows
#
# If you would like to submit a bug report, please visit:
#   https://github.com/corretto/corretto-19/issues/
# The crash happened outside the Java Virtual Machine in native code.
# See problematic frame for where to report the bug.
#

---------------  S U M M A R Y ------------

Command Line: -Dfile.encoding=windows-1252 -Duser.country=US -Duser.language=en -Duser.variant -ea Main

Host: Intel(R) Core(TM) i7-9700 CPU @ 3.00GHz, 8 cores, 31G,  Windows 11 , 64 bit Build 22621 (10.0.22621.1928)
Time: Sun Jul 23 11:37:08 2023 Mountain Daylight Time elapsed time: 0.528107 seconds (0d 0h 0m 0s)

---------------  T H R E A D  ---------------

Current thread (0x0000017e4280e7a0):  JavaThread "main" [_thread_in_native, id=1980, stack(0x00000025e5d00000,0x00000025e5e00000)]

Stack: [0x00000025e5d00000,0x00000025e5e00000],  sp=0x00000025e5dfe358,  free space=1016k
Native frames: (J=compiled Java code, j=interpreted, Vv=VM code, C=native code)
C  [atio6axx.dll+0x229ab00]

Java frames: (J=compiled Java code, j=interpreted, Vv=VM code)
j  org.lwjgl.opengl.GL11C.nglTexImage2D(IIIIIIIIJ)V+0
j  org.lwjgl.opengl.GL11C.glTexImage2D(IIIIIIIILjava/nio/ByteBuffer;)V+17
j  org.lwjgl.opengl.GL11.glTexImage2D(IIIIIIIILjava/nio/ByteBuffer;)V+14
j  render.Texture.<init>(Ljava/lang/String;)V+132
j  jade.LevelEditorScene.init()V+45
j  jade.Window.changeScene(I)V+41
j  jade.Window.init()V+162
j  jade.Window.run()V+15
j  Main.main([Ljava/lang/String;)V+5
v  ~StubRoutines::call_stub 0x0000017e536f100e

siginfo: EXCEPTION_ACCESS_VIOLATION (0xc0000005), reading address 0x0000017e05766020


Registers:
RAX=0x0000017e77fc0000, RBX=0x00000025e5dfe470, RCX=0x0000017e77fc0000, RDX=0x0000017e04956040
RSP=0x00000025e5dfe358, RBP=0x00000025e5dfe4d0, RSI=0x0000017e04956040, RDI=0x0000017e04956040
R8 =0x0000000000e10000, R9 =0x0000017e05766040, R10=0x00007ff80ed90000, R11=0x00000025e5dfdf60
R12=0x0000017e77fc0000, R13=0x00000025e5dfe6d0, R14=0x00000000ffffffff, R15=0x0000017e7f8eb080
RIP=0x00007ff81102ab00, EFLAGS=0x0000000000010206


Register to memory mapping:

RIP=0x00007ff81102ab00 atio6axx.dll
RAX=0x0000017e77fc0000 points into unknown readable memory: 0x0000000000000000 | 00 00 00 00 00 00 00 00
RBX=0x00000025e5dfe470 is pointing into the stack for thread: 0x0000017e4280e7a0
RCX=0x0000017e77fc0000 points into unknown readable memory: 0x0000000000000000 | 00 00 00 00 00 00 00 00
RDX=0x0000017e04956040 points into unknown readable memory: 0xffffffffffffffff | ff ff ff ff ff ff ff ff
RSP=0x00000025e5dfe358 is pointing into the stack for thread: 0x0000017e4280e7a0
RBP=0x00000025e5dfe4d0 is pointing into the stack for thread: 0x0000017e4280e7a0
RSI=0x0000017e04956040 points into unknown readable memory: 0xffffffffffffffff | ff ff ff ff ff ff ff ff
RDI=0x0000017e04956040 points into unknown readable memory: 0xffffffffffffffff | ff ff ff ff ff ff ff ff
R8 =0x0000000000e10000 is an unknown value
R9 =0x0000017e05766040 is an unknown value
R10=0x00007ff80ed90000 atio6axx.dll
R11=0x00000025e5dfdf60 is pointing into the stack for thread: 0x0000017e4280e7a0
R12=0x0000017e77fc0000 points into unknown readable memory: 0x0000000000000000 | 00 00 00 00 00 00 00 00
R13=0x00000025e5dfe6d0 is pointing into the stack for thread: 0x0000017e4280e7a0
R14=0x00000000ffffffff is an unknown value
R15=0x0000017e7f8eb080 points into unknown readable memory: 0x00007ff812862670 | 70 26 86 12 f8 7f 00 00


Top of Stack: (sp=0x00000025e5dfe358)
0x00000025e5dfe358:   00007ff80f6cd12b 0000000000000000
0x00000025e5dfe368:   00007ff80f80116d 0000000000000000
0x00000025e5dfe378:   00007ff80f80101d 0000000000001e00
0x00000025e5dfe388:   00007ff80f801245 00000000ffffffff
0x00000025e5dfe398:   00000025e5dfe6d0 0000017e7fa2ee08
0x00000025e5dfe3a8:   0000000000000000 0000017e7fa2ee08
0x00000025e5dfe3b8:   0000000000000000 0000000000000000
0x00000025e5dfe3c8:   00007ff80f6cca5e 0000017e75dee600
0x00000025e5dfe3d8:   00000025e5dfe4d0 00000025e5dfe410
0x00000025e5dfe3e8:   0000000000000004 00000025e5dfe6d0
0x00000025e5dfe3f8:   00000025e5dfe470 00000025e5dfe420
0x00000025e5dfe408:   0000017e0146f6c0 0000017e023d12a8
0x00000025e5dfe418:   0000000000000001 0000000000000000
0x00000025e5dfe428:   00000025e5dfe620 00000025e5dfe640
0x00000025e5dfe438:   0000000000e20170 0000000000010000
0x00000025e5dfe448:   0000000000000010 0000000000000000 

Instructions: (pc=0x00007ff81102ab00)
0x00007ff81102aa00:   89 40 04 44 88 48 06 c3 4c 8b 02 8b 4a 08 44 0f
0x00007ff81102aa10:   b7 4a 0c 4c 89 00 89 48 08 66 44 89 48 0c c3 0f
0x00007ff81102aa20:   b7 0a 44 0f b6 42 02 66 89 08 44 88 40 02 c3 90
0x00007ff81102aa30:   4c 8b 02 8b 4a 08 44 0f b6 4a 0c 4c 89 00 89 48
0x00007ff81102aa40:   08 44 88 48 0c c3 4c 8b 02 0f b7 4a 08 4c 89 00
0x00007ff81102aa50:   66 89 48 08 c3 4c 8b 02 0f b6 4a 08 4c 89 00 88
0x00007ff81102aa60:   48 08 c3 4c 8b 02 8b 4a 08 4c 89 00 89 48 08 c3
0x00007ff81102aa70:   8b 0a 44 0f b7 42 04 89 08 66 44 89 40 04 c3 8b
0x00007ff81102aa80:   0a 44 0f b6 42 04 89 08 44 88 40 04 c3 48 8b 0a
0x00007ff81102aa90:   48 89 08 c3 0f b6 0a 88 08 c3 8b 0a 89 08 c3 90
0x00007ff81102aaa0:   49 83 f8 20 77 17 f3 0f 6f 0a f3 42 0f 6f 54 02
0x00007ff81102aab0:   f0 f3 0f 7f 09 f3 42 0f 7f 54 01 f0 c3 48 3b d1
0x00007ff81102aac0:   73 0e 4e 8d 0c 02 49 3b c9 0f 82 41 04 00 00 90
0x00007ff81102aad0:   83 3d 89 d5 e7 01 03 0f 82 e3 02 00 00 49 81 f8
0x00007ff81102aae0:   00 20 00 00 76 16 49 81 f8 00 00 18 00 77 0d f6
0x00007ff81102aaf0:   05 7e fb 02 02 02 0f 85 64 fe ff ff c5 fe 6f 02
0x00007ff81102ab00:   c4 a1 7e 6f 6c 02 e0 49 81 f8 00 01 00 00 0f 86
0x00007ff81102ab10:   c4 00 00 00 4c 8b c9 49 83 e1 1f 49 83 e9 20 49
0x00007ff81102ab20:   2b c9 49 2b d1 4d 03 c1 49 81 f8 00 01 00 00 0f
0x00007ff81102ab30:   86 a3 00 00 00 49 81 f8 00 00 18 00 0f 87 3e 01
0x00007ff81102ab40:   00 00 66 66 66 66 66 66 0f 1f 84 00 00 00 00 00
0x00007ff81102ab50:   c5 fe 6f 0a c5 fe 6f 52 20 c5 fe 6f 5a 40 c5 fe
0x00007ff81102ab60:   6f 62 60 c5 fd 7f 09 c5 fd 7f 51 20 c5 fd 7f 59
0x00007ff81102ab70:   40 c5 fd 7f 61 60 c5 fe 6f 8a 80 00 00 00 c5 fe
0x00007ff81102ab80:   6f 92 a0 00 00 00 c5 fe 6f 9a c0 00 00 00 c5 fe
0x00007ff81102ab90:   6f a2 e0 00 00 00 c5 fd 7f 89 80 00 00 00 c5 fd
0x00007ff81102aba0:   7f 91 a0 00 00 00 c5 fd 7f 99 c0 00 00 00 c5 fd
0x00007ff81102abb0:   7f a1 e0 00 00 00 48 81 c1 00 01 00 00 48 81 c2
0x00007ff81102abc0:   00 01 00 00 49 81 e8 00 01 00 00 49 81 f8 00 01
0x00007ff81102abd0:   00 00 0f 83 78 ff ff ff 4d 8d 48 1f 49 83 e1 e0
0x00007ff81102abe0:   4d 8b d9 49 c1 eb 05 47 8b 9c 9a 40 70 4e 04 4d
0x00007ff81102abf0:   03 da 41 ff e3 c4 a1 7e 6f 8c 0a 00 ff ff ff c4 


Stack slot to memory mapping:
stack at sp + 0 slots: 0x00007ff80f6cd12b atio6axx.dll
stack at sp + 1 slots: 0x0 is NULL
stack at sp + 2 slots: 0x00007ff80f80116d atio6axx.dll
stack at sp + 3 slots: 0x0 is NULL
stack at sp + 4 slots: 0x00007ff80f80101d atio6axx.dll
stack at sp + 5 slots: 0x0000000000001e00 is an unknown value
stack at sp + 6 slots: 0x00007ff80f801245 atio6axx.dll
stack at sp + 7 slots: 0x00000000ffffffff is an unknown value


---------------  P R O C E S S  ---------------

Threads class SMR info:
_java_thread_list=0x0000017e00282430, length=13, elements={
0x0000017e4280e7a0, 0x0000017e6ee5de60, 0x0000017e6ee5e890, 0x0000017e758027c0,
0x0000017e75805100, 0x0000017e75807df0, 0x0000017e75808c20, 0x0000017e7582bbe0,
0x0000017e7582fd40, 0x0000017e75834b10, 0x0000017e7596c720, 0x0000017e7596f110,
0x0000017e7582c5a0
}

Java Threads: ( => current thread )
=>0x0000017e4280e7a0 JavaThread "main" [_thread_in_native, id=1980, stack(0x00000025e5d00000,0x00000025e5e00000)]
  0x0000017e6ee5de60 JavaThread "Reference Handler" daemon [_thread_blocked, id=23860, stack(0x00000025e6400000,0x00000025e6500000)]
  0x0000017e6ee5e890 JavaThread "Finalizer" daemon [_thread_blocked, id=14576, stack(0x00000025e6500000,0x00000025e6600000)]
  0x0000017e758027c0 JavaThread "Signal Dispatcher" daemon [_thread_blocked, id=23628, stack(0x00000025e6600000,0x00000025e6700000)]
  0x0000017e75805100 JavaThread "Attach Listener" daemon [_thread_blocked, id=19760, stack(0x00000025e6700000,0x00000025e6800000)]
  0x0000017e75807df0 JavaThread "Service Thread" daemon [_thread_blocked, id=3940, stack(0x00000025e6800000,0x00000025e6900000)]
  0x0000017e75808c20 JavaThread "Monitor Deflation Thread" daemon [_thread_blocked, id=4896, stack(0x00000025e6900000,0x00000025e6a00000)]
  0x0000017e7582bbe0 JavaThread "C2 CompilerThread0" daemon [_thread_blocked, id=9584, stack(0x00000025e6a00000,0x00000025e6b00000)]
  0x0000017e7582fd40 JavaThread "C1 CompilerThread0" daemon [_thread_blocked, id=20144, stack(0x00000025e6b00000,0x00000025e6c00000)]
  0x0000017e75834b10 JavaThread "Sweeper thread" daemon [_thread_blocked, id=6936, stack(0x00000025e6c00000,0x00000025e6d00000)]
  0x0000017e7596c720 JavaThread "Notification Thread" daemon [_thread_blocked, id=1536, stack(0x00000025e6d00000,0x00000025e6e00000)]
  0x0000017e7596f110 JavaThread "Common-Cleaner" daemon [_thread_blocked, id=22904, stack(0x00000025e6f00000,0x00000025e7000000)]
  0x0000017e7582c5a0 JavaThread "C2 CompilerThread1" daemon [_thread_blocked, id=7224, stack(0x00000025e7600000,0x00000025e7700000)]

Other Threads:
  0x0000017e6ee480b0 VMThread "VM Thread" [stack: 0x00000025e6300000,0x00000025e6400000] [id=24324]
  0x0000017e7596cc60 WatcherThread "VM Periodic Task Thread" [stack: 0x00000025e6e00000,0x00000025e6f00000] [id=17048]
  0x0000017e428bfd20 WorkerThread "GC Thread#0" [stack: 0x00000025e5e00000,0x00000025e5f00000] [id=22924]
  0x0000017e6ec64070 ConcurrentGCThread "G1 Main Marker" [stack: 0x00000025e5f00000,0x00000025e6000000] [id=5924]
  0x0000017e428cd2d0 WorkerThread "G1 Conc#0" [stack: 0x00000025e6000000,0x00000025e6100000] [id=3748]
  0x0000017e6ecf8d10 ConcurrentGCThread "G1 Refine#0" [stack: 0x00000025e6100000,0x00000025e6200000] [id=13836]
  0x0000017e6ecfc620 ConcurrentGCThread "G1 Service" [stack: 0x00000025e6200000,0x00000025e6300000] [id=7984]

Threads with active compile tasks:

VM state: not at safepoint (normal execution)

VM Mutex/Monitor currently owned by a thread: None

Heap address: 0x0000000600c00000, size: 8180 MB, Compressed Oops mode: Zero based, Oop shift amount: 3

CDS archive(s) mapped at: [0x0000000800000000-0x0000000800c40000-0x0000000800c40000), size 12845056, SharedBaseAddress: 0x0000000800000000, ArchiveRelocationMode: 0.
Compressed class space mapped at: 0x0000000801000000-0x0000000841000000, reserved size: 1073741824
Narrow klass base: 0x0000000800000000, Narrow klass shift: 0, Narrow klass range: 0x100000000

GC Precious Log:
 CardTable entry size: 512
 Card Set container configuration: InlinePtr #cards 4 size 8 Array Of Cards #cards 32 size 80 Howl #buckets 8 coarsen threshold 7372 Howl Bitmap #cards 1024 size 144 coarsen threshold 921 Card regions per heap region 1 cards per card region 8192
 CPUs: 8 total, 8 available
 Memory: 32715M
 Large Page Support: Disabled
 NUMA Support: Disabled
 Compressed Oops: Enabled (Zero based)
 Heap Region Size: 4M
 Heap Min Capacity: 8M
 Heap Initial Capacity: 512M
 Heap Max Capacity: 8180M
 Pre-touch: Disabled
 Parallel Workers: 8
 Concurrent Workers: 2
 Concurrent Refinement Workers: 8
 Periodic GC: Disabled

Heap:
 garbage-first heap   total 524288K, used 4096K [0x0000000600c00000, 0x0000000800000000)
  region size 4096K, 3 young (12288K), 0 survivors (0K)
 Metaspace       used 4481K, committed 4736K, reserved 1114112K
  class space    used 245K, committed 384K, reserved 1048576K

Heap Regions: E=young(eden), S=young(survivor), O=old, HS=humongous(starts), HC=humongous(continues), CS=collection set, F=free, OA=open archive, CA=closed archive, TAMS=top-at-mark-start (previous, next)
|   0|0x0000000600c00000, 0x0000000600c00000, 0x0000000601000000|  0%| F|  |TAMS 0x0000000600c00000, 0x0000000600c00000| Untracked 
|   1|0x0000000601000000, 0x0000000601000000, 0x0000000601400000|  0%| F|  |TAMS 0x0000000601000000, 0x0000000601000000| Untracked 
|   2|0x0000000601400000, 0x0000000601400000, 0x0000000601800000|  0%| F|  |TAMS 0x0000000601400000, 0x0000000601400000| Untracked 
|   3|0x0000000601800000, 0x0000000601800000, 0x0000000601c00000|  0%| F|  |TAMS 0x0000000601800000, 0x0000000601800000| Untracked 
|   4|0x0000000601c00000, 0x0000000601c00000, 0x0000000602000000|  0%| F|  |TAMS 0x0000000601c00000, 0x0000000601c00000| Untracked 
|   5|0x0000000602000000, 0x0000000602000000, 0x0000000602400000|  0%| F|  |TAMS 0x0000000602000000, 0x0000000602000000| Untracked 
|   6|0x0000000602400000, 0x0000000602400000, 0x0000000602800000|  0%| F|  |TAMS 0x0000000602400000, 0x0000000602400000| Untracked 
|   7|0x0000000602800000, 0x0000000602800000, 0x0000000602c00000|  0%| F|  |TAMS 0x0000000602800000, 0x0000000602800000| Untracked 
|   8|0x0000000602c00000, 0x0000000602c00000, 0x0000000603000000|  0%| F|  |TAMS 0x0000000602c00000, 0x0000000602c00000| Untracked 
|   9|0x0000000603000000, 0x0000000603000000, 0x0000000603400000|  0%| F|  |TAMS 0x0000000603000000, 0x0000000603000000| Untracked 
|  10|0x0000000603400000, 0x0000000603400000, 0x0000000603800000|  0%| F|  |TAMS 0x0000000603400000, 0x0000000603400000| Untracked 
|  11|0x0000000603800000, 0x0000000603800000, 0x0000000603c00000|  0%| F|  |TAMS 0x0000000603800000, 0x0000000603800000| Untracked 
|  12|0x0000000603c00000, 0x0000000603c00000, 0x0000000604000000|  0%| F|  |TAMS 0x0000000603c00000, 0x0000000603c00000| Untracked 
|  13|0x0000000604000000, 0x0000000604000000, 0x0000000604400000|  0%| F|  |TAMS 0x0000000604000000, 0x0000000604000000| Untracked 
|  14|0x0000000604400000, 0x0000000604400000, 0x0000000604800000|  0%| F|  |TAMS 0x0000000604400000, 0x0000000604400000| Untracked 
|  15|0x0000000604800000, 0x0000000604800000, 0x0000000604c00000|  0%| F|  |TAMS 0x0000000604800000, 0x0000000604800000| Untracked 
|  16|0x0000000604c00000, 0x0000000604c00000, 0x0000000605000000|  0%| F|  |TAMS 0x0000000604c00000, 0x0000000604c00000| Untracked 
|  17|0x0000000605000000, 0x0000000605000000, 0x0000000605400000|  0%| F|  |TAMS 0x0000000605000000, 0x0000000605000000| Untracked 
|  18|0x0000000605400000, 0x0000000605400000, 0x0000000605800000|  0%| F|  |TAMS 0x0000000605400000, 0x0000000605400000| Untracked 
|  19|0x0000000605800000, 0x0000000605800000, 0x0000000605c00000|  0%| F|  |TAMS 0x0000000605800000, 0x0000000605800000| Untracked 
|  20|0x0000000605c00000, 0x0000000605c00000, 0x0000000606000000|  0%| F|  |TAMS 0x0000000605c00000, 0x0000000605c00000| Untracked 
|  21|0x0000000606000000, 0x0000000606000000, 0x0000000606400000|  0%| F|  |TAMS 0x0000000606000000, 0x0000000606000000| Untracked 
|  22|0x0000000606400000, 0x0000000606400000, 0x0000000606800000|  0%| F|  |TAMS 0x0000000606400000, 0x0000000606400000| Untracked 
|  23|0x0000000606800000, 0x0000000606800000, 0x0000000606c00000|  0%| F|  |TAMS 0x0000000606800000, 0x0000000606800000| Untracked 
|  24|0x0000000606c00000, 0x0000000606c00000, 0x0000000607000000|  0%| F|  |TAMS 0x0000000606c00000, 0x0000000606c00000| Untracked 
|  25|0x0000000607000000, 0x0000000607000000, 0x0000000607400000|  0%| F|  |TAMS 0x0000000607000000, 0x0000000607000000| Untracked 
|  26|0x0000000607400000, 0x0000000607400000, 0x0000000607800000|  0%| F|  |TAMS 0x0000000607400000, 0x0000000607400000| Untracked 
|  27|0x0000000607800000, 0x0000000607800000, 0x0000000607c00000|  0%| F|  |TAMS 0x0000000607800000, 0x0000000607800000| Untracked 
|  28|0x0000000607c00000, 0x0000000607c00000, 0x0000000608000000|  0%| F|  |TAMS 0x0000000607c00000, 0x0000000607c00000| Untracked 
|  29|0x0000000608000000, 0x0000000608000000, 0x0000000608400000|  0%| F|  |TAMS 0x0000000608000000, 0x0000000608000000| Untracked 
|  30|0x0000000608400000, 0x0000000608400000, 0x0000000608800000|  0%| F|  |TAMS 0x0000000608400000, 0x0000000608400000| Untracked 
|  31|0x0000000608800000, 0x0000000608800000, 0x0000000608c00000|  0%| F|  |TAMS 0x0000000608800000, 0x0000000608800000| Untracked 
|  32|0x0000000608c00000, 0x0000000608c00000, 0x0000000609000000|  0%| F|  |TAMS 0x0000000608c00000, 0x0000000608c00000| Untracked 
|  33|0x0000000609000000, 0x0000000609000000, 0x0000000609400000|  0%| F|  |TAMS 0x0000000609000000, 0x0000000609000000| Untracked 
|  34|0x0000000609400000, 0x0000000609400000, 0x0000000609800000|  0%| F|  |TAMS 0x0000000609400000, 0x0000000609400000| Untracked 
|  35|0x0000000609800000, 0x0000000609800000, 0x0000000609c00000|  0%| F|  |TAMS 0x0000000609800000, 0x0000000609800000| Untracked 
|  36|0x0000000609c00000, 0x0000000609c00000, 0x000000060a000000|  0%| F|  |TAMS 0x0000000609c00000, 0x0000000609c00000| Untracked 
|  37|0x000000060a000000, 0x000000060a000000, 0x000000060a400000|  0%| F|  |TAMS 0x000000060a000000, 0x000000060a000000| Untracked 
|  38|0x000000060a400000, 0x000000060a400000, 0x000000060a800000|  0%| F|  |TAMS 0x000000060a400000, 0x000000060a400000| Untracked 
|  39|0x000000060a800000, 0x000000060a800000, 0x000000060ac00000|  0%| F|  |TAMS 0x000000060a800000, 0x000000060a800000| Untracked 
|  40|0x000000060ac00000, 0x000000060ac00000, 0x000000060b000000|  0%| F|  |TAMS 0x000000060ac00000, 0x000000060ac00000| Untracked 
|  41|0x000000060b000000, 0x000000060b000000, 0x000000060b400000|  0%| F|  |TAMS 0x000000060b000000, 0x000000060b000000| Untracked 
|  42|0x000000060b400000, 0x000000060b400000, 0x000000060b800000|  0%| F|  |TAMS 0x000000060b400000, 0x000000060b400000| Untracked 
|  43|0x000000060b800000, 0x000000060b800000, 0x000000060bc00000|  0%| F|  |TAMS 0x000000060b800000, 0x000000060b800000| Untracked 
|  44|0x000000060bc00000, 0x000000060bc00000, 0x000000060c000000|  0%| F|  |TAMS 0x000000060bc00000, 0x000000060bc00000| Untracked 
|  45|0x000000060c000000, 0x000000060c000000, 0x000000060c400000|  0%| F|  |TAMS 0x000000060c000000, 0x000000060c000000| Untracked 
|  46|0x000000060c400000, 0x000000060c400000, 0x000000060c800000|  0%| F|  |TAMS 0x000000060c400000, 0x000000060c400000| Untracked 
|  47|0x000000060c800000, 0x000000060c800000, 0x000000060cc00000|  0%| F|  |TAMS 0x000000060c800000, 0x000000060c800000| Untracked 
|  48|0x000000060cc00000, 0x000000060cc00000, 0x000000060d000000|  0%| F|  |TAMS 0x000000060cc00000, 0x000000060cc00000| Untracked 
|  49|0x000000060d000000, 0x000000060d000000, 0x000000060d400000|  0%| F|  |TAMS 0x000000060d000000, 0x000000060d000000| Untracked 
|  50|0x000000060d400000, 0x000000060d400000, 0x000000060d800000|  0%| F|  |TAMS 0x000000060d400000, 0x000000060d400000| Untracked 
|  51|0x000000060d800000, 0x000000060d800000, 0x000000060dc00000|  0%| F|  |TAMS 0x000000060d800000, 0x000000060d800000| Untracked 
|  52|0x000000060dc00000, 0x000000060dc00000, 0x000000060e000000|  0%| F|  |TAMS 0x000000060dc00000, 0x000000060dc00000| Untracked 
|  53|0x000000060e000000, 0x000000060e000000, 0x000000060e400000|  0%| F|  |TAMS 0x000000060e000000, 0x000000060e000000| Untracked 
|  54|0x000000060e400000, 0x000000060e400000, 0x000000060e800000|  0%| F|  |TAMS 0x000000060e400000, 0x000000060e400000| Untracked 
|  55|0x000000060e800000, 0x000000060e800000, 0x000000060ec00000|  0%| F|  |TAMS 0x000000060e800000, 0x000000060e800000| Untracked 
|  56|0x000000060ec00000, 0x000000060ec00000, 0x000000060f000000|  0%| F|  |TAMS 0x000000060ec00000, 0x000000060ec00000| Untracked 
|  57|0x000000060f000000, 0x000000060f000000, 0x000000060f400000|  0%| F|  |TAMS 0x000000060f000000, 0x000000060f000000| Untracked 
|  58|0x000000060f400000, 0x000000060f400000, 0x000000060f800000|  0%| F|  |TAMS 0x000000060f400000, 0x000000060f400000| Untracked 
|  59|0x000000060f800000, 0x000000060f800000, 0x000000060fc00000|  0%| F|  |TAMS 0x000000060f800000, 0x000000060f800000| Untracked 
|  60|0x000000060fc00000, 0x000000060fc00000, 0x0000000610000000|  0%| F|  |TAMS 0x000000060fc00000, 0x000000060fc00000| Untracked 
|  61|0x0000000610000000, 0x0000000610000000, 0x0000000610400000|  0%| F|  |TAMS 0x0000000610000000, 0x0000000610000000| Untracked 
|  62|0x0000000610400000, 0x0000000610400000, 0x0000000610800000|  0%| F|  |TAMS 0x0000000610400000, 0x0000000610400000| Untracked 
|  63|0x0000000610800000, 0x0000000610800000, 0x0000000610c00000|  0%| F|  |TAMS 0x0000000610800000, 0x0000000610800000| Untracked 
|  64|0x0000000610c00000, 0x0000000610c00000, 0x0000000611000000|  0%| F|  |TAMS 0x0000000610c00000, 0x0000000610c00000| Untracked 
|  65|0x0000000611000000, 0x0000000611000000, 0x0000000611400000|  0%| F|  |TAMS 0x0000000611000000, 0x0000000611000000| Untracked 
|  66|0x0000000611400000, 0x0000000611400000, 0x0000000611800000|  0%| F|  |TAMS 0x0000000611400000, 0x0000000611400000| Untracked 
|  67|0x0000000611800000, 0x0000000611800000, 0x0000000611c00000|  0%| F|  |TAMS 0x0000000611800000, 0x0000000611800000| Untracked 
|  68|0x0000000611c00000, 0x0000000611c00000, 0x0000000612000000|  0%| F|  |TAMS 0x0000000611c00000, 0x0000000611c00000| Untracked 
|  69|0x0000000612000000, 0x0000000612000000, 0x0000000612400000|  0%| F|  |TAMS 0x0000000612000000, 0x0000000612000000| Untracked 
|  70|0x0000000612400000, 0x0000000612400000, 0x0000000612800000|  0%| F|  |TAMS 0x0000000612400000, 0x0000000612400000| Untracked 
|  71|0x0000000612800000, 0x0000000612800000, 0x0000000612c00000|  0%| F|  |TAMS 0x0000000612800000, 0x0000000612800000| Untracked 
|  72|0x0000000612c00000, 0x0000000612c00000, 0x0000000613000000|  0%| F|  |TAMS 0x0000000612c00000, 0x0000000612c00000| Untracked 
|  73|0x0000000613000000, 0x0000000613000000, 0x0000000613400000|  0%| F|  |TAMS 0x0000000613000000, 0x0000000613000000| Untracked 
|  74|0x0000000613400000, 0x0000000613400000, 0x0000000613800000|  0%| F|  |TAMS 0x0000000613400000, 0x0000000613400000| Untracked 
|  75|0x0000000613800000, 0x0000000613800000, 0x0000000613c00000|  0%| F|  |TAMS 0x0000000613800000, 0x0000000613800000| Untracked 
|  76|0x0000000613c00000, 0x0000000613c00000, 0x0000000614000000|  0%| F|  |TAMS 0x0000000613c00000, 0x0000000613c00000| Untracked 
|  77|0x0000000614000000, 0x0000000614000000, 0x0000000614400000|  0%| F|  |TAMS 0x0000000614000000, 0x0000000614000000| Untracked 
|  78|0x0000000614400000, 0x0000000614400000, 0x0000000614800000|  0%| F|  |TAMS 0x0000000614400000, 0x0000000614400000| Untracked 
|  79|0x0000000614800000, 0x0000000614800000, 0x0000000614c00000|  0%| F|  |TAMS 0x0000000614800000, 0x0000000614800000| Untracked 
|  80|0x0000000614c00000, 0x0000000614c00000, 0x0000000615000000|  0%| F|  |TAMS 0x0000000614c00000, 0x0000000614c00000| Untracked 
|  81|0x0000000615000000, 0x0000000615000000, 0x0000000615400000|  0%| F|  |TAMS 0x0000000615000000, 0x0000000615000000| Untracked 
|  82|0x0000000615400000, 0x0000000615400000, 0x0000000615800000|  0%| F|  |TAMS 0x0000000615400000, 0x0000000615400000| Untracked 
|  83|0x0000000615800000, 0x0000000615800000, 0x0000000615c00000|  0%| F|  |TAMS 0x0000000615800000, 0x0000000615800000| Untracked 
|  84|0x0000000615c00000, 0x0000000615c00000, 0x0000000616000000|  0%| F|  |TAMS 0x0000000615c00000, 0x0000000615c00000| Untracked 
|  85|0x0000000616000000, 0x0000000616000000, 0x0000000616400000|  0%| F|  |TAMS 0x0000000616000000, 0x0000000616000000| Untracked 
|  86|0x0000000616400000, 0x0000000616400000, 0x0000000616800000|  0%| F|  |TAMS 0x0000000616400000, 0x0000000616400000| Untracked 
|  87|0x0000000616800000, 0x0000000616800000, 0x0000000616c00000|  0%| F|  |TAMS 0x0000000616800000, 0x0000000616800000| Untracked 
|  88|0x0000000616c00000, 0x0000000616c00000, 0x0000000617000000|  0%| F|  |TAMS 0x0000000616c00000, 0x0000000616c00000| Untracked 
|  89|0x0000000617000000, 0x0000000617000000, 0x0000000617400000|  0%| F|  |TAMS 0x0000000617000000, 0x0000000617000000| Untracked 
|  90|0x0000000617400000, 0x0000000617400000, 0x0000000617800000|  0%| F|  |TAMS 0x0000000617400000, 0x0000000617400000| Untracked 
|  91|0x0000000617800000, 0x0000000617800000, 0x0000000617c00000|  0%| F|  |TAMS 0x0000000617800000, 0x0000000617800000| Untracked 
|  92|0x0000000617c00000, 0x0000000617c00000, 0x0000000618000000|  0%| F|  |TAMS 0x0000000617c00000, 0x0000000617c00000| Untracked 
|  93|0x0000000618000000, 0x0000000618000000, 0x0000000618400000|  0%| F|  |TAMS 0x0000000618000000, 0x0000000618000000| Untracked 
|  94|0x0000000618400000, 0x0000000618400000, 0x0000000618800000|  0%| F|  |TAMS 0x0000000618400000, 0x0000000618400000| Untracked 
|  95|0x0000000618800000, 0x0000000618800000, 0x0000000618c00000|  0%| F|  |TAMS 0x0000000618800000, 0x0000000618800000| Untracked 
|  96|0x0000000618c00000, 0x0000000618c00000, 0x0000000619000000|  0%| F|  |TAMS 0x0000000618c00000, 0x0000000618c00000| Untracked 
|  97|0x0000000619000000, 0x0000000619000000, 0x0000000619400000|  0%| F|  |TAMS 0x0000000619000000, 0x0000000619000000| Untracked 
|  98|0x0000000619400000, 0x0000000619400000, 0x0000000619800000|  0%| F|  |TAMS 0x0000000619400000, 0x0000000619400000| Untracked 
|  99|0x0000000619800000, 0x0000000619800000, 0x0000000619c00000|  0%| F|  |TAMS 0x0000000619800000, 0x0000000619800000| Untracked 
| 100|0x0000000619c00000, 0x0000000619c00000, 0x000000061a000000|  0%| F|  |TAMS 0x0000000619c00000, 0x0000000619c00000| Untracked 
| 101|0x000000061a000000, 0x000000061a000000, 0x000000061a400000|  0%| F|  |TAMS 0x000000061a000000, 0x000000061a000000| Untracked 
| 102|0x000000061a400000, 0x000000061a400000, 0x000000061a800000|  0%| F|  |TAMS 0x000000061a400000, 0x000000061a400000| Untracked 
| 103|0x000000061a800000, 0x000000061a800000, 0x000000061ac00000|  0%| F|  |TAMS 0x000000061a800000, 0x000000061a800000| Untracked 
| 104|0x000000061ac00000, 0x000000061ac00000, 0x000000061b000000|  0%| F|  |TAMS 0x000000061ac00000, 0x000000061ac00000| Untracked 
| 105|0x000000061b000000, 0x000000061b000000, 0x000000061b400000|  0%| F|  |TAMS 0x000000061b000000, 0x000000061b000000| Untracked 
| 106|0x000000061b400000, 0x000000061b400000, 0x000000061b800000|  0%| F|  |TAMS 0x000000061b400000, 0x000000061b400000| Untracked 
| 107|0x000000061b800000, 0x000000061b800000, 0x000000061bc00000|  0%| F|  |TAMS 0x000000061b800000, 0x000000061b800000| Untracked 
| 108|0x000000061bc00000, 0x000000061bc00000, 0x000000061c000000|  0%| F|  |TAMS 0x000000061bc00000, 0x000000061bc00000| Untracked 
| 109|0x000000061c000000, 0x000000061c000000, 0x000000061c400000|  0%| F|  |TAMS 0x000000061c000000, 0x000000061c000000| Untracked 
| 110|0x000000061c400000, 0x000000061c400000, 0x000000061c800000|  0%| F|  |TAMS 0x000000061c400000, 0x000000061c400000| Untracked 
| 111|0x000000061c800000, 0x000000061c800000, 0x000000061cc00000|  0%| F|  |TAMS 0x000000061c800000, 0x000000061c800000| Untracked 
| 112|0x000000061cc00000, 0x000000061cc00000, 0x000000061d000000|  0%| F|  |TAMS 0x000000061cc00000, 0x000000061cc00000| Untracked 
| 113|0x000000061d000000, 0x000000061d000000, 0x000000061d400000|  0%| F|  |TAMS 0x000000061d000000, 0x000000061d000000| Untracked 
| 114|0x000000061d400000, 0x000000061d400000, 0x000000061d800000|  0%| F|  |TAMS 0x000000061d400000, 0x000000061d400000| Untracked 
| 115|0x000000061d800000, 0x000000061d800000, 0x000000061dc00000|  0%| F|  |TAMS 0x000000061d800000, 0x000000061d800000| Untracked 
| 116|0x000000061dc00000, 0x000000061dc00000, 0x000000061e000000|  0%| F|  |TAMS 0x000000061dc00000, 0x000000061dc00000| Untracked 
| 117|0x000000061e000000, 0x000000061e000000, 0x000000061e400000|  0%| F|  |TAMS 0x000000061e000000, 0x000000061e000000| Untracked 
| 118|0x000000061e400000, 0x000000061e400000, 0x000000061e800000|  0%| F|  |TAMS 0x000000061e400000, 0x000000061e400000| Untracked 
| 119|0x000000061e800000, 0x000000061e800000, 0x000000061ec00000|  0%| F|  |TAMS 0x000000061e800000, 0x000000061e800000| Untracked 
| 120|0x000000061ec00000, 0x000000061ec00000, 0x000000061f000000|  0%| F|  |TAMS 0x000000061ec00000, 0x000000061ec00000| Untracked 
| 121|0x000000061f000000, 0x000000061f000000, 0x000000061f400000|  0%| F|  |TAMS 0x000000061f000000, 0x000000061f000000| Untracked 
| 122|0x000000061f400000, 0x000000061f400000, 0x000000061f800000|  0%| F|  |TAMS 0x000000061f400000, 0x000000061f400000| Untracked 
| 123|0x000000061f800000, 0x000000061f800000, 0x000000061fc00000|  0%| F|  |TAMS 0x000000061f800000, 0x000000061f800000| Untracked 
| 124|0x000000061fc00000, 0x000000061fc00000, 0x0000000620000000|  0%| F|  |TAMS 0x000000061fc00000, 0x000000061fc00000| Untracked 
| 125|0x0000000620000000, 0x00000006202b0648, 0x0000000620400000| 67%| E|  |TAMS 0x0000000620000000, 0x0000000620000000| Complete 
| 126|0x0000000620400000, 0x0000000620800000, 0x0000000620800000|100%| E|  |TAMS 0x0000000620400000, 0x0000000620400000| Complete 
| 127|0x0000000620800000, 0x0000000620c00000, 0x0000000620c00000|100%| E|CS|TAMS 0x0000000620800000, 0x0000000620800000| Complete 

Card table byte_map: [0x0000017e5cc30000,0x0000017e5dc30000] _byte_map_base: 0x0000017e59c2a000

Marking Bits (Prev, Next): (CMBitMap*) 0x0000017e428c0260, (CMBitMap*) 0x0000017e428c02a0
 Prev Bits: [0x0000017e5ec30000, 0x0000017e66c00000)
 Next Bits: [0x0000017e66c00000, 0x0000017e6ebd0000)

Polling page: 0x0000017e428d0000

Metaspace:

Usage:
  Non-class:      4.14 MB used.
      Class:    245.49 KB used.
       Both:      4.38 MB used.

Virtual space:
  Non-class space:       64.00 MB reserved,       4.25 MB (  7%) committed,  1 nodes.
      Class space:        1.00 GB reserved,     384.00 KB ( <1%) committed,  1 nodes.
             Both:        1.06 GB reserved,       4.63 MB ( <1%) committed. 

Chunk freelists:
   Non-Class:  1.48 MB
       Class:  3.61 MB
        Both:  5.09 MB

MaxMetaspaceSize: unlimited
CompressedClassSpaceSize: 1.00 GB
Initial GC threshold: 21.00 MB
Current GC threshold: 21.00 MB
CDS: on
MetaspaceReclaimPolicy: balanced
 - commit_granule_bytes: 65536.
 - commit_granule_words: 8192.
 - virtual_space_node_default_size: 8388608.
 - enlarge_chunks_in_place: 1.
 - new_chunks_are_fully_committed: 0.
 - uncommit_free_chunks: 1.
 - use_allocation_guard: 0.


Internal statistics:

num_allocs_failed_limit: 0.
num_arena_births: 96.
num_arena_deaths: 0.
num_vsnodes_births: 2.
num_vsnodes_deaths: 0.
num_space_committed: 72.
num_space_uncommitted: 0.
num_chunks_returned_to_freelist: 0.
num_chunks_taken_from_freelist: 212.
num_chunk_merges: 0.
num_chunk_splits: 143.
num_chunks_enlarged: 96.
num_inconsistent_stats: 0.

CodeHeap 'non-profiled nmethods': size=120000Kb used=233Kb max_used=233Kb free=119766Kb
 bounds [0x0000017e53c90000, 0x0000017e53f00000, 0x0000017e5b1c0000]
CodeHeap 'profiled nmethods': size=120000Kb used=1097Kb max_used=1097Kb free=118902Kb
 bounds [0x0000017e4c1c0000, 0x0000017e4c430000, 0x0000017e536f0000]
CodeHeap 'non-nmethods': size=5760Kb used=1723Kb max_used=1741Kb free=4036Kb
 bounds [0x0000017e536f0000, 0x0000017e53960000, 0x0000017e53c90000]
 total_blobs=1835 nmethods=752 adapters=994
 compilation: enabled
              stopped_count=0, restarted_count=0
 full_count=0

Compilation events (20 events):
Event: 0.487 Thread 0x0000017e7582fd40  743       3       sun.nio.ch.FileChannelImpl::ensureOpen (16 bytes)
Event: 0.487 Thread 0x0000017e7582fd40 nmethod 743 0x0000017e4c2cde90 code [0x0000017e4c2ce040, 0x0000017e4c2ce2c8]
Event: 0.487 Thread 0x0000017e7582fd40  744   !   3       sun.nio.ch.NativeThreadSet::add (155 bytes)
Event: 0.488 Thread 0x0000017e7582fd40 nmethod 744 0x0000017e4c2ce410 code [0x0000017e4c2ce600, 0x0000017e4c2cec28]
Event: 0.488 Thread 0x0000017e7582fd40  745   !   3       sun.nio.ch.NativeThreadSet::remove (90 bytes)
Event: 0.488 Thread 0x0000017e7582fd40 nmethod 745 0x0000017e4c2cef10 code [0x0000017e4c2cf0c0, 0x0000017e4c2cf3a8]
Event: 0.488 Thread 0x0000017e7582fd40  746       3       java.nio.MappedByteBuffer::limit (6 bytes)
Event: 0.488 Thread 0x0000017e7582fd40 nmethod 746 0x0000017e4c2cf510 code [0x0000017e4c2cf6c0, 0x0000017e4c2cf8c8]
Event: 0.488 Thread 0x0000017e7582fd40  747       3       java.nio.ByteBuffer::flip (7 bytes)
Event: 0.488 Thread 0x0000017e7582fd40 nmethod 747 0x0000017e4c2cfa10 code [0x0000017e4c2cfbc0, 0x0000017e4c2cfd38]
Event: 0.488 Thread 0x0000017e7582fd40  748       3       java.nio.Buffer::flip (20 bytes)
Event: 0.488 Thread 0x0000017e7582fd40 nmethod 748 0x0000017e4c2cfe10 code [0x0000017e4c2cffa0, 0x0000017e4c2d00b8]
Event: 0.489 Thread 0x0000017e7582bbe0  749       4       java.lang.StringBuilder::append (8 bytes)
Event: 0.489 Thread 0x0000017e7582fd40  750       3       jdk.internal.jimage.BasicImageReader::getLocationIndex (52 bytes)
Event: 0.489 Thread 0x0000017e7582fd40 nmethod 750 0x0000017e4c2d0190 code [0x0000017e4c2d0380, 0x0000017e4c2d0818]
Event: 0.489 Thread 0x0000017e7582fd40  752       3       jdk.internal.jimage.ImageLocation::verify (218 bytes)
Event: 0.489 Thread 0x0000017e7582fd40 nmethod 752 0x0000017e4c2d0a90 code [0x0000017e4c2d0d40, 0x0000017e4c2d1a48]
Event: 0.489 Thread 0x0000017e7582fd40  751       3       jdk.internal.jimage.ImageStringsReader::hashCode (8 bytes)
Event: 0.490 Thread 0x0000017e7582fd40 nmethod 751 0x0000017e4c2d2010 code [0x0000017e4c2d21c0, 0x0000017e4c2d2378]
Event: 0.492 Thread 0x0000017e7582bbe0 nmethod 749 0x0000017e53cc9a10 code [0x0000017e53cc9bc0, 0x0000017e53cca1a8]

GC Heap History (0 events):
No events

Dll operation events (10 events):
Event: 0.004 Loaded shared library C:\Users\eligi\.jdks\corretto-19.0.2\bin\java.dll
Event: 0.012 Loaded shared library C:\Users\eligi\.jdks\corretto-19.0.2\bin\jsvml.dll
Event: 0.049 Loaded shared library C:\Users\eligi\.jdks\corretto-19.0.2\bin\net.dll
Event: 0.050 Loaded shared library C:\Users\eligi\.jdks\corretto-19.0.2\bin\nio.dll
Event: 0.055 Loaded shared library C:\Users\eligi\.jdks\corretto-19.0.2\bin\zip.dll
Event: 0.111 Loaded shared library C:\Users\eligi\.jdks\corretto-19.0.2\bin\jimage.dll
Event: 0.130 Loaded shared library C:\Users\eligi\AppData\Local\Temp\lwjgl_eligi\3.3.2+13\x64\lwjgl.dll
Event: 0.341 Loaded shared library C:\Users\eligi\AppData\Local\Temp\lwjgl_eligi\3.3.2+13\x64\lwjgl_opengl.dll
Event: 0.409 Loaded shared library C:\Users\eligi\.jdks\corretto-19.0.2\bin\verify.dll
Event: 0.488 Loaded shared library C:\Users\eligi\AppData\Local\Temp\lwjgl_eligi\3.3.2+13\x64\lwjgl_stb.dll

Deoptimization events (20 events):
Event: 0.348 Thread 0x0000017e4280e7a0 DEOPT PACKING pc=0x0000017e4c2510c8 sp=0x00000025e5dfdea0
Event: 0.348 Thread 0x0000017e4280e7a0 DEOPT UNPACKING pc=0x0000017e53757543 sp=0x00000025e5dfd318 mode 0
Event: 0.348 Thread 0x0000017e4280e7a0 DEOPT PACKING pc=0x0000017e4c2510c8 sp=0x00000025e5dfdea0
Event: 0.348 Thread 0x0000017e4280e7a0 DEOPT UNPACKING pc=0x0000017e53757543 sp=0x00000025e5dfd318 mode 0
Event: 0.348 Thread 0x0000017e4280e7a0 DEOPT PACKING pc=0x0000017e4c250ff2 sp=0x00000025e5dfdea0
Event: 0.348 Thread 0x0000017e4280e7a0 DEOPT UNPACKING pc=0x0000017e53757543 sp=0x00000025e5dfd318 mode 0
Event: 0.348 Thread 0x0000017e4280e7a0 DEOPT PACKING pc=0x0000017e4c250ff2 sp=0x00000025e5dfdea0
Event: 0.348 Thread 0x0000017e4280e7a0 DEOPT UNPACKING pc=0x0000017e53757543 sp=0x00000025e5dfd318 mode 0
Event: 0.348 Thread 0x0000017e4280e7a0 DEOPT PACKING pc=0x0000017e4c250ff2 sp=0x00000025e5dfdea0
Event: 0.348 Thread 0x0000017e4280e7a0 DEOPT UNPACKING pc=0x0000017e53757543 sp=0x00000025e5dfd318 mode 0
Event: 0.348 Thread 0x0000017e4280e7a0 DEOPT PACKING pc=0x0000017e4c250ff2 sp=0x00000025e5dfdea0
Event: 0.348 Thread 0x0000017e4280e7a0 DEOPT UNPACKING pc=0x0000017e53757543 sp=0x00000025e5dfd318 mode 0
Event: 0.377 Thread 0x0000017e4280e7a0 Uncommon trap: trap_request=0xffffff54 fr.pc=0x0000017e53cc4600 relative=0x0000000000000060
Event: 0.377 Thread 0x0000017e4280e7a0 Uncommon trap: reason=speculate_null_assert action=make_not_entrant pc=0x0000017e53cc4600 method=sun.misc.Unsafe.putLong(Ljava/lang/Object;JJ)V @ 7 c2
Event: 0.377 Thread 0x0000017e4280e7a0 DEOPT PACKING pc=0x0000017e53cc4600 sp=0x00000025e5dfeba0
Event: 0.377 Thread 0x0000017e4280e7a0 DEOPT UNPACKING pc=0x0000017e53756da3 sp=0x00000025e5dfeb18 mode 2
Event: 0.380 Thread 0x0000017e4280e7a0 Uncommon trap: trap_request=0xffffff54 fr.pc=0x0000017e53cc647c relative=0x000000000000005c
Event: 0.380 Thread 0x0000017e4280e7a0 Uncommon trap: reason=speculate_null_assert action=make_not_entrant pc=0x0000017e53cc647c method=sun.misc.Unsafe.getLong(Ljava/lang/Object;J)J @ 5 c2
Event: 0.380 Thread 0x0000017e4280e7a0 DEOPT PACKING pc=0x0000017e53cc647c sp=0x00000025e5dfea70
Event: 0.380 Thread 0x0000017e4280e7a0 DEOPT UNPACKING pc=0x0000017e53756da3 sp=0x00000025e5dfe9f8 mode 2

Classes loaded (20 events):
Event: 0.170 Loading class java/lang/foreign/Addressable done
Event: 0.170 Loading class java/lang/foreign/MemorySegment done
Event: 0.174 Loading class java/nio/InvalidMarkException
Event: 0.174 Loading class java/nio/InvalidMarkException done
Event: 0.174 Loading class java/nio/BufferUnderflowException
Event: 0.174 Loading class java/nio/BufferUnderflowException done
Event: 0.182 Loading class java/util/Formatter$FixedString
Event: 0.182 Loading class java/util/Formatter$FixedString done
Event: 0.191 Loading class java/lang/NoSuchFieldError
Event: 0.191 Loading class java/lang/NoSuchFieldError done
Event: 0.203 Loading class jdk/internal/reflect/MethodHandleIntegerFieldAccessorImpl
Event: 0.203 Loading class jdk/internal/reflect/MethodHandleIntegerFieldAccessorImpl done
Event: 0.348 Loading class jdk/internal/foreign/MemorySessionImpl
Event: 0.348 Loading class java/lang/foreign/MemorySession
Event: 0.348 Loading class java/lang/foreign/SegmentAllocator
Event: 0.348 Loading class java/lang/foreign/SegmentAllocator done
Event: 0.348 Loading class java/lang/foreign/MemorySession done
Event: 0.349 Loading class jdk/internal/foreign/MemorySessionImpl done
Event: 0.408 Loading class java/io/Externalizable
Event: 0.408 Loading class java/io/Externalizable done

Classes unloaded (0 events):
No events

Classes redefined (0 events):
No events

Internal exceptions (20 events):
Event: 0.171 Thread 0x0000017e4280e7a0 Exception <a 'java/lang/NoSuchMethodError'{0x00000006205c7908}: 'int java.lang.invoke.DirectMethodHandle$Holder.invokeStaticInit(java.lang.Object, java.lang.Object, long, long)'> (0x00000006205c7908) 
thrown [s\src\hotspot\share\interpreter\linkResolver.cpp, line 774]
Event: 0.171 Thread 0x0000017e4280e7a0 Exception <a 'java/lang/NoSuchMethodError'{0x00000006205cd698}: 'java.lang.Object java.lang.invoke.DirectMethodHandle$Holder.newInvokeSpecial(java.lang.Object, java.lang.Object, long)'> (0x00000006205cd698) 
thrown [s\src\hotspot\share\interpreter\linkResolver.cpp, line 774]
Event: 0.171 Thread 0x0000017e4280e7a0 Exception <a 'java/lang/NoSuchMethodError'{0x00000006205d0f70}: 'java.lang.Object java.lang.invoke.Invokers$Holder.linkToTargetMethod(java.lang.Object, long, java.lang.Object)'> (0x00000006205d0f70) 
thrown [s\src\hotspot\share\interpreter\linkResolver.cpp, line 774]
Event: 0.172 Thread 0x0000017e4280e7a0 Exception <a 'java/lang/NoSuchMethodError'{0x00000006205d83c8}: 'int java.lang.invoke.DirectMethodHandle$Holder.invokeStaticInit(java.lang.Object, java.lang.Object, java.lang.Object, long)'> (0x00000006205d83c8) 
thrown [s\src\hotspot\share\interpreter\linkResolver.cpp, line 774]
Event: 0.191 Thread 0x0000017e4280e7a0 Exception <a 'sun/nio/fs/WindowsException'{0x000000062068b5f0}> (0x000000062068b5f0) 
thrown [s\src\hotspot\share\prims\jni.cpp, line 517]
Event: 0.191 Thread 0x0000017e4280e7a0 Exception <a 'sun/nio/fs/WindowsException'{0x000000062068b950}> (0x000000062068b950) 
thrown [s\src\hotspot\share\prims\jni.cpp, line 517]
Event: 0.203 Thread 0x0000017e4280e7a0 Exception <a 'java/lang/NoSuchMethodError'{0x00000006206a70b0}: 'int java.lang.invoke.Invokers$Holder.invokeExact_MT(java.lang.Object, java.lang.Object)'> (0x00000006206a70b0) 
thrown [s\src\hotspot\share\interpreter\linkResolver.cpp, line 774]
Event: 0.308 Thread 0x0000017e4280e7a0 Exception <a 'java/lang/NoSuchMethodError'{0x00000006206fd820}: 'void java.lang.invoke.DirectMethodHandle$Holder.invokeStaticInit(java.lang.Object, long, double, double)'> (0x00000006206fd820) 
thrown [s\src\hotspot\share\interpreter\linkResolver.cpp, line 774]
Event: 0.310 Thread 0x0000017e4280e7a0 Exception <a 'java/lang/NoSuchMethodError'{0x000000062070cdf8}: 'void java.lang.invoke.DirectMethodHandle$Holder.invokeStaticInit(java.lang.Object, long, int, int, int)'> (0x000000062070cdf8) 
thrown [s\src\hotspot\share\interpreter\linkResolver.cpp, line 774]
Event: 0.313 Thread 0x0000017e4280e7a0 Exception <a 'java/lang/NoSuchMethodError'{0x0000000620725868}: 'void java.lang.invoke.DirectMethodHandle$Holder.invokeStaticInit(java.lang.Object, long, int, int, int, int)'> (0x0000000620725868) 
thrown [s\src\hotspot\share\interpreter\linkResolver.cpp, line 774]
Event: 0.335 Thread 0x0000017e4280e7a0 Exception <a 'java/lang/NoSuchMethodError'{0x0000000620748588}: 'void java.lang.System.load(java.lang.String, java.lang.Class)'> (0x0000000620748588) 
thrown [s\src\hotspot\share\interpreter\linkResolver.cpp, line 774]
Event: 0.336 Thread 0x0000017e4280e7a0 Exception <a 'java/lang/NoSuchMethodError'{0x000000062074b390}: 'void java.lang.System.loadLibrary(java.lang.String, java.lang.Class)'> (0x000000062074b390) 
thrown [s\src\hotspot\share\interpreter\linkResolver.cpp, line 774]
Event: 0.339 Thread 0x0000017e4280e7a0 Exception <a 'sun/nio/fs/WindowsException'{0x000000062075b1a0}> (0x000000062075b1a0) 
thrown [s\src\hotspot\share\prims\jni.cpp, line 517]
Event: 0.339 Thread 0x0000017e4280e7a0 Exception <a 'sun/nio/fs/WindowsException'{0x000000062075b548}> (0x000000062075b548) 
thrown [s\src\hotspot\share\prims\jni.cpp, line 517]
Event: 0.350 Thread 0x0000017e4280e7a0 Exception <a 'sun/nio/fs/WindowsException'{0x00000006207655e8}> (0x00000006207655e8) 
thrown [s\src\hotspot\share\prims\jni.cpp, line 517]
Event: 0.350 Thread 0x0000017e4280e7a0 Exception <a 'sun/nio/fs/WindowsException'{0x00000006207658c8}> (0x00000006207658c8) 
thrown [s\src\hotspot\share\prims\jni.cpp, line 517]
Event: 0.483 Thread 0x0000017e4280e7a0 Exception <a 'java/lang/NoSuchMethodError'{0x0000000620229c30}: 'void java.lang.System.load(java.lang.String, java.lang.Class)'> (0x0000000620229c30) 
thrown [s\src\hotspot\share\interpreter\linkResolver.cpp, line 774]
Event: 0.483 Thread 0x0000017e4280e7a0 Exception <a 'java/lang/NoSuchMethodError'{0x000000062022ca40}: 'void java.lang.System.loadLibrary(java.lang.String, java.lang.Class)'> (0x000000062022ca40) 
thrown [s\src\hotspot\share\interpreter\linkResolver.cpp, line 774]
Event: 0.488 Thread 0x0000017e4280e7a0 Exception <a 'sun/nio/fs/WindowsException'{0x000000062023d490}> (0x000000062023d490) 
thrown [s\src\hotspot\share\prims\jni.cpp, line 517]
Event: 0.488 Thread 0x0000017e4280e7a0 Exception <a 'sun/nio/fs/WindowsException'{0x000000062023d810}> (0x000000062023d810) 
thrown [s\src\hotspot\share\prims\jni.cpp, line 517]

VM Operations (4 events):
Event: 0.056 Executing VM operation: HandshakeAllThreads
Event: 0.056 Executing VM operation: HandshakeAllThreads done
Event: 0.123 Executing VM operation: HandshakeAllThreads
Event: 0.123 Executing VM operation: HandshakeAllThreads done

Events (13 events):
Event: 0.012 Thread 0x0000017e4280e7a0 Thread added: 0x0000017e4280e7a0
Event: 0.020 Thread 0x0000017e6ee5de60 Thread added: 0x0000017e6ee5de60
Event: 0.020 Thread 0x0000017e6ee5e890 Thread added: 0x0000017e6ee5e890
Event: 0.020 Thread 0x0000017e758027c0 Thread added: 0x0000017e758027c0
Event: 0.020 Thread 0x0000017e75805100 Thread added: 0x0000017e75805100
Event: 0.020 Thread 0x0000017e75807df0 Thread added: 0x0000017e75807df0
Event: 0.021 Thread 0x0000017e75808c20 Thread added: 0x0000017e75808c20
Event: 0.021 Thread 0x0000017e7582bbe0 Thread added: 0x0000017e7582bbe0
Event: 0.021 Thread 0x0000017e7582fd40 Thread added: 0x0000017e7582fd40
Event: 0.021 Thread 0x0000017e75834b10 Thread added: 0x0000017e75834b10
Event: 0.041 Thread 0x0000017e7596c720 Thread added: 0x0000017e7596c720
Event: 0.043 Thread 0x0000017e7596f110 Thread added: 0x0000017e7596f110
Event: 0.351 Thread 0x0000017e7582c5a0 Thread added: 0x0000017e7582c5a0


Dynamic libraries:
0x00007ff60da50000 - 0x00007ff60da5d000 	C:\Users\eligi\.jdks\corretto-19.0.2\bin\java.exe
0x00007ff908a50000 - 0x00007ff908c64000 	C:\WINDOWS\SYSTEM32\ntdll.dll
0x00007ff8871b0000 - 0x00007ff8871c9000 	C:\Program Files\Avast Software\Avast\aswhook.dll
0x00007ff9074c0000 - 0x00007ff907582000 	C:\WINDOWS\System32\KERNEL32.DLL
0x00007ff905e50000 - 0x00007ff9061f3000 	C:\WINDOWS\System32\KERNELBASE.dll
0x00007ff906370000 - 0x00007ff906481000 	C:\WINDOWS\System32\ucrtbase.dll
0x00007ff89e510000 - 0x00007ff89e527000 	C:\Users\eligi\.jdks\corretto-19.0.2\bin\jli.dll
0x00007ff8d37a0000 - 0x00007ff8d37b5000 	C:\Users\eligi\.jdks\corretto-19.0.2\bin\VCRUNTIME140.dll
0x00007ff906930000 - 0x00007ff906ada000 	C:\WINDOWS\System32\USER32.dll
0x00007ff9066e0000 - 0x00007ff906706000 	C:\WINDOWS\System32\win32u.dll
0x00007ff907c50000 - 0x00007ff907c79000 	C:\WINDOWS\System32\GDI32.dll
0x00007ff8e7030000 - 0x00007ff8e72be000 	C:\WINDOWS\WinSxS\amd64_microsoft.windows.common-controls_6595b64144ccf1df_6.0.22621.1635_none_270f70857386168e\COMCTL32.dll
0x00007ff9087e0000 - 0x00007ff908887000 	C:\WINDOWS\System32\msvcrt.dll
0x00007ff9065c0000 - 0x00007ff9066d9000 	C:\WINDOWS\System32\gdi32full.dll
0x00007ff906790000 - 0x00007ff90682a000 	C:\WINDOWS\System32\msvcp_win.dll
0x00007ff906830000 - 0x00007ff906861000 	C:\WINDOWS\System32\IMM32.DLL
0x00007ff876fb0000 - 0x00007ff87704b000 	C:\Users\eligi\.jdks\corretto-19.0.2\bin\msvcp140.dll
0x00007ff839cf0000 - 0x00007ff83a9c9000 	C:\Users\eligi\.jdks\corretto-19.0.2\bin\server\jvm.dll
0x00007ff907230000 - 0x00007ff9072de000 	C:\WINDOWS\System32\ADVAPI32.dll
0x00007ff908900000 - 0x00007ff9089a4000 	C:\WINDOWS\System32\sechost.dll
0x00007ff907c80000 - 0x00007ff907d97000 	C:\WINDOWS\System32\RPCRT4.dll
0x00007ff8e7870000 - 0x00007ff8e7879000 	C:\WINDOWS\SYSTEM32\WSOCK32.dll
0x00007ff8ffee0000 - 0x00007ff8ffeea000 	C:\WINDOWS\SYSTEM32\VERSION.dll
0x00007ff8fca60000 - 0x00007ff8fca94000 	C:\WINDOWS\SYSTEM32\WINMM.dll
0x00007ff9071b0000 - 0x00007ff907221000 	C:\WINDOWS\System32\WS2_32.dll
0x00007ff904e90000 - 0x00007ff904ea8000 	C:\WINDOWS\SYSTEM32\kernel.appcore.dll
0x00007ff8e73d0000 - 0x00007ff8e73da000 	C:\Users\eligi\.jdks\corretto-19.0.2\bin\jimage.dll
0x00007ff9038f0000 - 0x00007ff903b1e000 	C:\WINDOWS\SYSTEM32\DBGHELP.DLL
0x00007ff907640000 - 0x00007ff9079c9000 	C:\WINDOWS\System32\combase.dll
0x00007ff907b70000 - 0x00007ff907c47000 	C:\WINDOWS\System32\OLEAUT32.dll
0x00007ff8e61c0000 - 0x00007ff8e61f2000 	C:\WINDOWS\SYSTEM32\dbgcore.DLL
0x00007ff906710000 - 0x00007ff90678a000 	C:\WINDOWS\System32\bcryptPrimitives.dll
0x00007ff885fa0000 - 0x00007ff885fc6000 	C:\Users\eligi\.jdks\corretto-19.0.2\bin\java.dll
0x00007ff876ed0000 - 0x00007ff876fa6000 	C:\Users\eligi\.jdks\corretto-19.0.2\bin\jsvml.dll
0x00007ff907da0000 - 0x00007ff908599000 	C:\WINDOWS\System32\SHELL32.dll
0x00007ff903e40000 - 0x00007ff90470e000 	C:\WINDOWS\SYSTEM32\windows.storage.dll
0x00007ff903d00000 - 0x00007ff903e3e000 	C:\WINDOWS\SYSTEM32\wintypes.dll
0x00007ff9085a0000 - 0x00007ff908691000 	C:\WINDOWS\System32\SHCORE.dll
0x00007ff9075e0000 - 0x00007ff90763e000 	C:\WINDOWS\System32\shlwapi.dll
0x00007ff905d80000 - 0x00007ff905da6000 	C:\WINDOWS\SYSTEM32\profapi.dll
0x00007ff89e4f0000 - 0x00007ff89e503000 	C:\Users\eligi\.jdks\corretto-19.0.2\bin\net.dll
0x00007ff8ffd80000 - 0x00007ff8ffeb7000 	C:\WINDOWS\SYSTEM32\WINHTTP.dll
0x00007ff905310000 - 0x00007ff905379000 	C:\WINDOWS\system32\mswsock.dll
0x00007ff885f80000 - 0x00007ff885f95000 	C:\Users\eligi\.jdks\corretto-19.0.2\bin\nio.dll
0x00007ff8859b0000 - 0x00007ff8859c8000 	C:\Users\eligi\.jdks\corretto-19.0.2\bin\zip.dll
0x00007ff8f3a80000 - 0x00007ff8f3afa000 	C:\Users\eligi\AppData\Local\Temp\lwjgl_eligi\3.3.2+13\x64\lwjgl.dll
0x00007ff8f39f0000 - 0x00007ff8f3a72000 	C:\Users\eligi\AppData\Local\Temp\lwjgl_eligi\3.3.2+13\x64\glfw.dll
0x00007ff8e0e50000 - 0x00007ff8e0e96000 	C:\WINDOWS\SYSTEM32\dinput8.dll
0x00007ff8d4730000 - 0x00007ff8d4741000 	C:\WINDOWS\SYSTEM32\xinput1_4.dll
0x00007ff905af0000 - 0x00007ff905b3e000 	C:\WINDOWS\SYSTEM32\cfgmgr32.dll
0x00007ff905ac0000 - 0x00007ff905aec000 	C:\WINDOWS\SYSTEM32\DEVOBJ.dll
0x00007ff9033c0000 - 0x00007ff9033eb000 	C:\WINDOWS\SYSTEM32\dwmapi.dll
0x00007ff8e2de0000 - 0x00007ff8e2fe1000 	C:\WINDOWS\SYSTEM32\inputhost.dll
0x00007ff9029b0000 - 0x00007ff902ae3000 	C:\WINDOWS\SYSTEM32\CoreMessaging.dll
0x00007ff902fb0000 - 0x00007ff90305b000 	C:\WINDOWS\system32\uxtheme.dll
0x00007ff9086a0000 - 0x00007ff9087c7000 	C:\WINDOWS\System32\MSCTF.dll
0x00007ff905590000 - 0x00007ff90559c000 	C:\WINDOWS\SYSTEM32\CRYPTBASE.DLL
0x00007ff89da10000 - 0x00007ff89db10000 	C:\WINDOWS\SYSTEM32\opengl32.dll
0x00007ff8f3740000 - 0x00007ff8f376d000 	C:\WINDOWS\SYSTEM32\GLU32.dll
0x00007ff903090000 - 0x00007ff9030c8000 	C:\WINDOWS\SYSTEM32\dxcore.dll
0x00007ff906870000 - 0x00007ff906920000 	C:\WINDOWS\System32\clbcatq.dll
0x00007ff8f4300000 - 0x00007ff8f432d000 	C:\WINDOWS\System32\DriverStore\FileRepository\u0393367.inf_amd64_6fba1387e8658583\B393268\atig6pxx.dll
0x00007ff80ed90000 - 0x00007ff813384000 	C:\WINDOWS\System32\DriverStore\FileRepository\u0393367.inf_amd64_6fba1387e8658583\B393268\atio6axx.dll
0x00007ff906c10000 - 0x00007ff907084000 	C:\WINDOWS\System32\SETUPAPI.dll
0x00007ff8f5260000 - 0x00007ff8f5295000 	C:\WINDOWS\SYSTEM32\amdihk64.dll
0x00007ff906550000 - 0x00007ff9065bb000 	C:\WINDOWS\System32\WINTRUST.dll
0x00007ff906200000 - 0x00007ff906367000 	C:\WINDOWS\System32\CRYPT32.dll
0x00007ff905aa0000 - 0x00007ff905ab2000 	C:\WINDOWS\SYSTEM32\MSASN1.dll
0x00007ff905780000 - 0x00007ff9057a8000 	C:\WINDOWS\SYSTEM32\BCrypt.dll
0x00007ff8ec4b0000 - 0x00007ff8ec5dd000 	C:\WINDOWS\SYSTEM32\textinputframework.dll
0x00007ff8fe9f0000 - 0x00007ff8fed5c000 	C:\WINDOWS\SYSTEM32\CoreUIComponents.dll
0x00007ff8f3990000 - 0x00007ff8f39ee000 	C:\Users\eligi\AppData\Local\Temp\lwjgl_eligi\3.3.2+13\x64\lwjgl_opengl.dll
0x00007ff8d9df0000 - 0x00007ff8d9e00000 	C:\Users\eligi\.jdks\corretto-19.0.2\bin\verify.dll
0x00007ff8e6980000 - 0x00007ff8e6a02000 	C:\Users\eligi\AppData\Local\Temp\lwjgl_eligi\3.3.2+13\x64\lwjgl_stb.dll

dbghelp: loaded successfully - version: 4.0.5 - missing functions: none
symbol engine: initialized successfully - sym options: 0x614 - pdb path: .;C:\Users\eligi\.jdks\corretto-19.0.2\bin;C:\WINDOWS\SYSTEM32;C:\Program Files\Avast Software\Avast;C:\WINDOWS\WinSxS\amd64_microsoft.windows.common-controls_6595b64144ccf1df_6.0.22621.1635_none_270f70857386168e;C:\Users\eligi\.jdks\corretto-19.0.2\bin\server;C:\Users\eligi\AppData\Local\Temp\lwjgl_eligi\3.3.2+13\x64;C:\WINDOWS\System32\DriverStore\FileRepository\u0393367.inf_amd64_6fba1387e8658583\B393268

VM Arguments:
jvm_args: -Dfile.encoding=windows-1252 -Duser.country=US -Duser.language=en -Duser.variant -ea 
java_command: Main
java_class_path (initial): C:\Users\eligi\Documents\Java\dev\Mario2\build\classes\java\main;C:\Users\eligi\Documents\Java\dev\Mario2\build\classes\groovy\main;C:\Users\eligi\Documents\Java\dev\Mario2\build\resources\main;C:\Users\eligi\.gradle\caches\modules-2\files-2.1\org.codehaus.groovy\groovy-all\2.4.15\423a17aeb2f64bc6f76e8e44265a548bec80fd42\groovy-all-2.4.15.jar;C:\Users\eligi\.gradle\caches\modules-2\files-2.1\org.lwjgl\lwjgl-assimp\3.3.2\e5238c13abef6b0fd6e1b4320d3c8cd0c10bfe61\lwjgl-assimp-3.3.2.jar;C:\Users\eligi\.gradle\caches\modules-2\files-2.1\org.lwjgl\lwjgl-assimp\3.3.2\54edbc8767bde24b73187c229dbd552228230c8a\lwjgl-assimp-3.3.2-natives-windows.jar;C:\Users\eligi\.gradle\caches\modules-2\files-2.1\org.lwjgl\lwjgl-glfw\3.3.2\757920418805fb90bfebb3d46b1d9e7669fca2eb\lwjgl-glfw-3.3.2.jar;C:\Users\eligi\.gradle\caches\modules-2\files-2.1\org.lwjgl\lwjgl-glfw\3.3.2\1251e3cb7e5d6159334cfb9244f789ce992f03b\lwjgl-glfw-3.3.2-natives-windows.jar;C:\Users\eligi\.gradle\caches\modules-2\files-2.1\org.lwjgl\lwjgl-nfd\3.3.2\ec66452fad5bf48707cbe96c573c6cc3dd8a7a82\lwjgl-nfd-3.3.2.jar;C:\Users\eligi\.gradle\caches\modules-2\files-2.1\org.lwjgl\lwjgl-nfd\3.3.2\12c0041066a97f0c74d0f72db1423ac9ea124275\lwjgl-nfd-3.3.2-natives-windows.jar;C:\Users\eligi\.gradle\caches\modules-2\files-2.1\org.lwjgl\lwjgl-openal\3.3.2\ae5357ed6d934546d3533993ea84c0cfb75eed95\lwjgl-openal-3.3.2.jar;C:\Users\eligi\.gradle\caches\modules-2\files-2.1\org.lwjgl\lwjgl-openal\3.3.2\e74f299a602192faaf14b917632e4cbbb493c940\lwjgl-openal-3.3.2-natives-windows.jar;C:\Users\eligi\.gradle\caches\modules-2\files-2.1\org.lwjgl\lwjgl-opengl\3.3.2\ee8e95be0b438602038bc1f02dc5e3d011b1b216\lwjgl-opengl-3.3.2.jar;C:\Users\eligi\.gradle\caches\modules-2\files-2.1\org.lwjgl\lwjgl-opengl\3.3.2\83cd34469d4e0bc335bf74c7f62206530a9480bf\lwjgl-opengl-3.3.2-natives-windows.jar;C:\Users\eligi\.gradle\caches\modules-2\files-2.1\org.lwjgl\lwjgl-stb\3.3.2\a2550795014d622b686e9caac50b14baa87d2c70\lwjgl-stb-3.3.2.jar;C:\Users\eligi\.gradle\caches\modules-2\files-2.1\org.lwjgl\lwjgl-stb\3.3.2\1c4f4b8353bdb78c5264ab921436f03fc9aa1ba5\lwjgl-stb-3.3.2-natives-windows.jar;C:\Users\eligi\.gradle\caches\modules-2\files-2.1\org.lwjgl\lwjgl\3.3.2\4421d94af68e35dcaa31737a6fc59136a1e61b94\lwjgl-3.3.2.jar;C:\Users\eligi\.gradle\caches\modules-2\files-2.1\org.lwjgl\lwjgl\3.3.2\a55169ced70ffcd15f2162daf4a9c968578f6cd5\lwjgl-3.3.2-natives-windows.jar;C:\Users\eligi\.gradle\caches\modules-2\files-2.1\org.joml\joml\1.10.5\22566d58af70ad3d72308bab63b8339906deb649\joml-1.10.5.jar
Launcher Type: SUN_STANDARD

[Global flags]
     intx CICompilerCount                          = 4                                         {product} {ergonomic}
     uint ConcGCThreads                            = 2                                         {product} {ergonomic}
     uint G1ConcRefinementThreads                  = 8                                         {product} {ergonomic}
   size_t G1HeapRegionSize                         = 4194304                                   {product} {ergonomic}
    uintx GCDrainStackTargetSize                   = 64                                        {product} {ergonomic}
   size_t InitialHeapSize                          = 536870912                                 {product} {ergonomic}
   size_t MarkStackSize                            = 4194304                                   {product} {ergonomic}
   size_t MaxHeapSize                              = 8577351680                                {product} {ergonomic}
   size_t MaxNewSize                               = 5146411008                                {product} {ergonomic}
   size_t MinHeapDeltaBytes                        = 4194304                                   {product} {ergonomic}
   size_t MinHeapSize                              = 8388608                                   {product} {ergonomic}
    uintx NonNMethodCodeHeapSize                   = 5839372                                {pd product} {ergonomic}
    uintx NonProfiledCodeHeapSize                  = 122909434                              {pd product} {ergonomic}
    uintx ProfiledCodeHeapSize                     = 122909434                              {pd product} {ergonomic}
    uintx ReservedCodeCacheSize                    = 251658240                              {pd product} {ergonomic}
     bool SegmentedCodeCache                       = true                                      {product} {ergonomic}
   size_t SoftMaxHeapSize                          = 8577351680                             {manageable} {ergonomic}
     bool UseCompressedClassPointers               = true                           {product lp64_product} {ergonomic}
     bool UseCompressedOops                        = true                           {product lp64_product} {ergonomic}
     bool UseG1GC                                  = true                                      {product} {ergonomic}
     bool UseLargePagesIndividualAllocation        = false                                  {pd product} {ergonomic}

Logging:
Log output configuration:
 #0: stdout all=warning uptime,level,tags foldmultilines=false
 #1: stderr all=off uptime,level,tags foldmultilines=false

Environment Variables:
PATH=C:\Program Files (x86)\NVIDIA Corporation\PhysX\Common;C:\Program Files\Oculus\Support\oculus-runtime;C:\Program Files (x86)\Common Files\Oracle\Java\javapath;C:\WINDOWS\system32;C:\WINDOWS;C:\WINDOWS\System32\Wbem;C:\WINDOWS\System32\WindowsPowerShell\v1.0\;C:\WINDOWS\System32\OpenSSH\;C:\Program Files\dotnet\;C:\Program Files\Microsoft SQL Server\150\Tools\Binn\;C:\Program Files\Microsoft SQL Server\Client SDK\ODBC\170\Tools\Binn\;C:\Users\eligi\AppData\Local\Programs\Python\Python311\Scripts\;C:\Users\eligi\AppData\Local\Programs\Python\Python311\;C:\Users\eligi\AppData\Local\Microsoft\WindowsApps;;C:\Program Files\JetBrains\PyCharm Community Edition 2022.3.2\bin;;C:\Users\eligi\.dotnet\tools;C:\Program Files\JetBrains\IntelliJ IDEA Community Edition 2023.1.4\bin;;C:\Program Files\JetBrains\IntelliJ IDEA 2023.1.4\bin;
USERNAME=eligi
OS=Windows_NT
PROCESSOR_IDENTIFIER=Intel64 Family 6 Model 158 Stepping 13, GenuineIntel
TMP=C:\Users\eligi\AppData\Local\Temp
TEMP=C:\Users\eligi\AppData\Local\Temp



---------------  S Y S T E M  ---------------

OS:
 Windows 11 , 64 bit Build 22621 (10.0.22621.1928)
OS uptime: 6 days 12:38 hours

CPU: total 8 (initial active 8) (8 cores per cpu, 1 threads per core) family 6 model 158 stepping 13 microcode 0xde, cx8, cmov, fxsr, mmx, 3dnowpref, sse, sse2, sse3, ssse3, sse4.1, sse4.2, popcnt, lzcnt, tsc, tscinvbit, avx, avx2, aes, erms, clmul, bmi1, bmi2, adx, fma, vzeroupper, clflush, clflushopt, rdtscp

Memory: 4k page, system-wide physical 32715M (18308M free)
TotalPageFile size 49099M (AvailPageFile size 28852M)
current process WorkingSet (physical memory assigned to process): 124M, peak: 130M
current process commit charge ("private bytes"): 743M, peak: 743M

vm_info: OpenJDK 64-Bit Server VM (19.0.2+7-FR) for windows-amd64 JRE (19.0.2+7-FR), built on Jan 13 2023 22:53:32 by "Administrator" with MS VC++ 15.9 (VS2017)

END.
