#
# A fatal error has been detected by the Java Runtime Environment:
#
#  EXCEPTION_ACCESS_VIOLATION (0xc0000005) at pc=0x00007ff81af4a96b, pid=21840, tid=2548
#
# JRE version: OpenJDK Runtime Environment Corretto-19.0.2.7.1 (19.0.2+7) (build 19.0.2+7-FR)
# Java VM: OpenJDK 64-Bit Server VM Corretto-19.0.2.7.1 (19.0.2+7-FR, mixed mode, sharing, tiered, compressed oops, compressed class ptrs, g1 gc, windows-amd64)
# Problematic frame:
# C  [atio6axx.dll+0x229a96b]
#
# No core dump will be written. Minidumps are not enabled by default on client versions of Windows
#
# If you would like to submit a bug report, please visit:
#   https://github.com/corretto/corretto-19/issues/
# The crash happened outside the Java Virtual Machine in native code.
# See problematic frame for where to report the bug.
#

---------------  S U M M A R Y ------------

Command Line: -agentlib:jdwp=transport=dt_socket,server=n,suspend=y,address=127.0.0.1:63537 -Dfile.encoding=windows-1252 -Duser.country=US -Duser.language=en -Duser.variant -ea Main

Host: Intel(R) Core(TM) i7-9700 CPU @ 3.00GHz, 8 cores, 31G,  Windows 11 , 64 bit Build 22621 (10.0.22621.1928)
Time: Fri Jul 28 14:08:26 2023 Mountain Daylight Time elapsed time: 0.840956 seconds (0d 0h 0m 0s)

---------------  T H R E A D  ---------------

Current thread (0x000001978558eb30):  JavaThread "main" [_thread_in_native, id=2548, stack(0x0000003c6cb00000,0x0000003c6cc00000)]

Stack: [0x0000003c6cb00000,0x0000003c6cc00000],  sp=0x0000003c6cbfecf8,  free space=1019k
Native frames: (J=compiled Java code, j=interpreted, Vv=VM code, C=native code)
C  [atio6axx.dll+0x229a96b]

Java frames: (J=compiled Java code, j=interpreted, Vv=VM code)
j  org.lwjgl.opengl.GL11C.nglDrawElements(IIIJ)V+0
j  org.lwjgl.opengl.GL11C.glDrawElements(IIIJ)V+4
j  org.lwjgl.opengl.GL11.glDrawElements(IIIJ)V+4
j  render.RenderBatch.render()V+89
j  render.Render.render()V+30
j  jade.LevelEditorScene.update(F)V+41
j  jade.Window.loop()V+55
j  jade.Window.run()V+19
j  Main.main([Ljava/lang/String;)V+5
v  ~StubRoutines::call_stub 0x0000019794ca100e

siginfo: EXCEPTION_ACCESS_VIOLATION (0xc0000005), reading address 0x0000000000000000


Registers:
RAX=0x00000197c30cf2a0, RBX=0x0000000000005dc0, RCX=0x0000000000005dc0, RDX=0x0000000000000000
RSP=0x0000003c6cbfecf8, RBP=0x00000197c1721080, RSI=0x0000000000000000, RDI=0x00000197c30cf2a0
R8 =0x0000000000005dc0, R9 =0x0000000000005dc0, R10=0x00007ff818cb0000, R11=0x00007ff81af4b4ff
R12=0x0000000000005dc0, R13=0x00000197c30cf2a0, R14=0x0000000000000000, R15=0x0000000000000000
RIP=0x00007ff81af4a96b, EFLAGS=0x0000000000010202


Register to memory mapping:

RIP=0x00007ff81af4a96b atio6axx.dll
RAX=0x00000197c30cf2a0 points into unknown readable memory: 0x0000000000000000 | 00 00 00 00 00 00 00 00
RBX=0x0000000000005dc0 is an unknown value
RCX=0x0000000000005dc0 is an unknown value
RDX=0x0 is NULL
RSP=0x0000003c6cbfecf8 is pointing into the stack for thread: 0x000001978558eb30
RBP=0x00000197c1721080 points into unknown readable memory: 0x00007ff81c77f000 | 00 f0 77 1c f8 7f 00 00
RSI=0x0 is NULL
RDI=0x00000197c30cf2a0 points into unknown readable memory: 0x0000000000000000 | 00 00 00 00 00 00 00 00
R8 =0x0000000000005dc0 is an unknown value
R9 =0x0000000000005dc0 is an unknown value
R10=0x00007ff818cb0000 atio6axx.dll
R11=0x00007ff81af4b4ff atio6axx.dll
R12=0x0000000000005dc0 is an unknown value
R13=0x00000197c30cf2a0 points into unknown readable memory: 0x0000000000000000 | 00 00 00 00 00 00 00 00
R14=0x0 is NULL
R15=0x0 is NULL


Top of Stack: (sp=0x0000003c6cbfecf8)
0x0000003c6cbfecf8:   00000197c18641c0 00000197c2c68fe0
0x0000003c6cbfed08:   00007ff8192ba8ff 0000000000005dc0
0x0000003c6cbfed18:   00000197c1721080 0000000000000000
0x0000003c6cbfed28:   0000000000000000 00000197c30cf2a0
0x0000003c6cbfed38:   00000197c2c68fe0 0000000000000028
0x0000003c6cbfed48:   00007ff81a57652e 0000000000000007
0x0000003c6cbfed58:   0000000000000004 00000197c06cc7f8
0x0000003c6cbfed68:   0000000000000000 0000000000001405
0x0000003c6cbfed78:   00000197b3284ca8 0000000000000000
0x0000003c6cbfed88:   0000000000001770 00000197c1721080
0x0000003c6cbfed98:   00007ff81939a555 00000197c1721080
0x0000003c6cbfeda8:   0000019700000004 0000000000001770
0x0000003c6cbfedb8:   0000019700001405 0000000000000000
0x0000003c6cbfedc8:   00007ff800000001 0000000000000000
0x0000003c6cbfedd8:   0000003800000003 00000197c1721080
0x0000003c6cbfede8:   0000003c6cbfef00 00000197c06cc7f8 

Instructions: (pc=0x00007ff81af4a96b)
0x00007ff81af4a86b:   25 66 45 39 08 74 1c b8 02 00 00 00 4c 03 c0 eb
0x00007ff81af4a87b:   b7 0f bc c8 4c 03 c1 66 41 39 10 4d 0f 44 c8 49
0x00007ff81af4a88b:   8b c1 c3 33 c0 c3 49 8b c0 c3 cc cc cc 4c 8b c1
0x00007ff81af4a89b:   44 0f b7 ca 33 c9 83 3d b8 d7 e7 01 02 7d 2b 49
0x00007ff81af4a8ab:   8b d0 41 0f b7 00 49 83 c0 02 66 85 c0 75 f3 49
0x00007ff81af4a8bb:   83 e8 02 4c 3b c2 74 06 66 45 39 08 75 f1 66 45
0x00007ff81af4a8cb:   39 08 49 0f 44 c8 48 8b c1 c3 48 8b d1 eb 12 66
0x00007ff81af4a8db:   45 39 08 49 0f 44 d0 66 41 39 08 74 57 49 83 c0
0x00007ff81af4a8eb:   02 41 8d 40 01 a8 0e 75 e6 66 41 3b c9 75 24 b8
0x00007ff81af4a8fb:   01 00 ff ff 66 0f 6e c8 eb 04 49 83 c0 10 f3 41
0x00007ff81af4a90b:   0f 6f 00 66 0f 3a 63 c8 15 75 ef 48 63 c1 49 8d
0x00007ff81af4a91b:   04 40 c3 66 41 0f 6e c9 f3 41 0f 6f 00 66 0f 3a
0x00007ff81af4a92b:   63 c8 41 73 07 48 63 c1 49 8d 14 40 74 06 49 83
0x00007ff81af4a93b:   c0 10 eb e4 48 8b c2 c3 cc cc cc cc cc cc cc cc
0x00007ff81af4a94b:   cc cc cc cc cc cc cc cc cc cc cc 66 66 0f 1f 84
0x00007ff81af4a95b:   00 00 00 00 00 57 56 48 8b f9 48 8b f2 49 8b c8
0x00007ff81af4a96b:   f3 a4 5e 5f c3 cc cc cc cc cc cc 66 66 0f 1f 84
0x00007ff81af4a97b:   00 00 00 00 00 48 8b c1 4c 8d 15 76 56 d6 fd 49
0x00007ff81af4a98b:   83 f8 0f 0f 87 0c 01 00 00 66 66 66 66 0f 1f 84
0x00007ff81af4a99b:   00 00 00 00 00 47 8b 8c 82 00 70 4e 04 4d 03 ca
0x00007ff81af4a9ab:   41 ff e1 c3 90 4c 8b 02 8b 4a 08 44 0f b7 4a 0c
0x00007ff81af4a9bb:   44 0f b6 52 0e 4c 89 00 89 48 08 66 44 89 48 0c
0x00007ff81af4a9cb:   44 88 50 0e c3 4c 8b 02 0f b7 4a 08 44 0f b6 4a
0x00007ff81af4a9db:   0a 4c 89 00 66 89 48 08 44 88 48 0a c3 0f b7 0a
0x00007ff81af4a9eb:   66 89 08 c3 90 8b 0a 44 0f b7 42 04 44 0f b6 4a
0x00007ff81af4a9fb:   06 89 08 66 44 89 40 04 44 88 48 06 c3 4c 8b 02
0x00007ff81af4aa0b:   8b 4a 08 44 0f b7 4a 0c 4c 89 00 89 48 08 66 44
0x00007ff81af4aa1b:   89 48 0c c3 0f b7 0a 44 0f b6 42 02 66 89 08 44
0x00007ff81af4aa2b:   88 40 02 c3 90 4c 8b 02 8b 4a 08 44 0f b6 4a 0c
0x00007ff81af4aa3b:   4c 89 00 89 48 08 44 88 48 0c c3 4c 8b 02 0f b7
0x00007ff81af4aa4b:   4a 08 4c 89 00 66 89 48 08 c3 4c 8b 02 0f b6 4a
0x00007ff81af4aa5b:   08 4c 89 00 88 48 08 c3 4c 8b 02 8b 4a 08 4c 89 


Stack slot to memory mapping:
stack at sp + 0 slots: 0x00000197c18641c0 points into unknown readable memory: 0x00000197c2c60040 | 40 00 c6 c2 97 01 00 00
stack at sp + 1 slots: 0x00000197c2c68fe0 points into unknown readable memory: 0x0000000000000000 | 00 00 00 00 00 00 00 00
stack at sp + 2 slots: 0x00007ff8192ba8ff atio6axx.dll
stack at sp + 3 slots: 0x0000000000005dc0 is an unknown value
stack at sp + 4 slots: 0x00000197c1721080 points into unknown readable memory: 0x00007ff81c77f000 | 00 f0 77 1c f8 7f 00 00
stack at sp + 5 slots: 0x0 is NULL
stack at sp + 6 slots: 0x0 is NULL
stack at sp + 7 slots: 0x00000197c30cf2a0 points into unknown readable memory: 0x0000000000000000 | 00 00 00 00 00 00 00 00


---------------  P R O C E S S  ---------------

Threads class SMR info:
_java_thread_list=0x00000197b6dacb40, length=17, elements={
0x000001978558eb30, 0x00000197b24dd460, 0x00000197b24dffa0, 0x00000197b24e3a20,
0x00000197b24e66c0, 0x00000197b24e9000, 0x00000197b24e9f40, 0x00000197b24f2d00,
0x00000197b24f3280, 0x00000197b24f3bf0, 0x00000197b262fda0, 0x00000197b26302f0,
0x00000197b2630c50, 0x00000197b26311a0, 0x00000197b266df20, 0x00000197c1d29a30,
0x00000197c1d5e0f0
}

Java Threads: ( => current thread )
=>0x000001978558eb30 JavaThread "main" [_thread_in_native, id=2548, stack(0x0000003c6cb00000,0x0000003c6cc00000)]
  0x00000197b24dd460 JavaThread "Reference Handler" daemon [_thread_blocked, id=12160, stack(0x0000003c6d200000,0x0000003c6d300000)]
  0x00000197b24dffa0 JavaThread "Finalizer" daemon [_thread_blocked, id=26348, stack(0x0000003c6d300000,0x0000003c6d400000)]
  0x00000197b24e3a20 JavaThread "Signal Dispatcher" daemon [_thread_blocked, id=1316, stack(0x0000003c6d400000,0x0000003c6d500000)]
  0x00000197b24e66c0 JavaThread "Attach Listener" daemon [_thread_blocked, id=5800, stack(0x0000003c6d500000,0x0000003c6d600000)]
  0x00000197b24e9000 JavaThread "Service Thread" daemon [_thread_blocked, id=25776, stack(0x0000003c6d600000,0x0000003c6d700000)]
  0x00000197b24e9f40 JavaThread "Monitor Deflation Thread" daemon [_thread_blocked, id=3676, stack(0x0000003c6d700000,0x0000003c6d800000)]
  0x00000197b24f2d00 JavaThread "C2 CompilerThread0" daemon [_thread_blocked, id=12312, stack(0x0000003c6d800000,0x0000003c6d900000)]
  0x00000197b24f3280 JavaThread "C1 CompilerThread0" daemon [_thread_blocked, id=18028, stack(0x0000003c6d900000,0x0000003c6da00000)]
  0x00000197b24f3bf0 JavaThread "Sweeper thread" daemon [_thread_blocked, id=11368, stack(0x0000003c6da00000,0x0000003c6db00000)]
  0x00000197b262fda0 JavaThread "JDWP Transport Listener: dt_socket" daemon [_thread_blocked, id=10632, stack(0x0000003c6db00000,0x0000003c6dc00000)]
  0x00000197b26302f0 JavaThread "JDWP Event Helper Thread" daemon [_thread_blocked, id=19064, stack(0x0000003c6dc00000,0x0000003c6dd00000)]
  0x00000197b2630c50 JavaThread "JDWP Command Reader" daemon [_thread_in_native, id=10380, stack(0x0000003c6dd00000,0x0000003c6de00000)]
  0x00000197b26311a0 JavaThread "Notification Thread" daemon [_thread_blocked, id=27588, stack(0x0000003c6de00000,0x0000003c6df00000)]
  0x00000197b266df20 JavaThread "Common-Cleaner" daemon [_thread_blocked, id=15436, stack(0x0000003c6e000000,0x0000003c6e100000)]
  0x00000197c1d29a30 JavaThread "C2 CompilerThread1" daemon [_thread_blocked, id=13460, stack(0x0000003c6e700000,0x0000003c6e800000)]
  0x00000197c1d5e0f0 JavaThread "C2 CompilerThread2" daemon [_thread_blocked, id=5628, stack(0x0000003c6e800000,0x0000003c6e900000)]

Other Threads:
  0x00000197b24c3cb0 VMThread "VM Thread" [stack: 0x0000003c6d100000,0x0000003c6d200000] [id=10620]
  0x00000197b265a4e0 WatcherThread "VM Periodic Task Thread" [stack: 0x0000003c6df00000,0x0000003c6e000000] [id=6352]
  0x00000197856426f0 WorkerThread "GC Thread#0" [stack: 0x0000003c6cc00000,0x0000003c6cd00000] [id=23736]
  0x00000197afa48060 ConcurrentGCThread "G1 Main Marker" [stack: 0x0000003c6cd00000,0x0000003c6ce00000] [id=20200]
  0x00000197afa488e0 WorkerThread "G1 Conc#0" [stack: 0x0000003c6ce00000,0x0000003c6cf00000] [id=21400]
  0x00000197afafdf80 ConcurrentGCThread "G1 Refine#0" [stack: 0x0000003c6cf00000,0x0000003c6d000000] [id=21468]
  0x00000197afafe870 ConcurrentGCThread "G1 Service" [stack: 0x0000003c6d000000,0x0000003c6d100000] [id=24792]

Threads with active compile tasks:

VM state: not at safepoint (normal execution)

VM Mutex/Monitor currently owned by a thread: None

Heap address: 0x0000000600c00000, size: 8180 MB, Compressed Oops mode: Zero based, Oop shift amount: 3

CDS archive(s) mapped at: [0x0000000800000000-0x0000000800c40000-0x0000000800c40000), size 12845056, SharedBaseAddress: 0x0000000800000000, ArchiveRelocationMode: 0.
Compressed class space mapped at: 0x0000000801000000-0x0000000841000000, reserved size: 1073741824
Narrow klass base: 0x0000000800000000, Narrow klass shift: 0, Narrow klass range: 0x100000000

GC Precious Log:
 CardTable entry size: 512
 Card Set container configuration: InlinePtr #cards 4 size 8 Array Of Cards #cards 32 size 80 Howl #buckets 8 coarsen threshold 7372 Howl Bitmap #cards 1024 size 144 coarsen threshold 921 Card regions per heap region 1 cards per card region 8192
 CPUs: 8 total, 8 available
 Memory: 32715M
 Large Page Support: Disabled
 NUMA Support: Disabled
 Compressed Oops: Enabled (Zero based)
 Heap Region Size: 4M
 Heap Min Capacity: 8M
 Heap Initial Capacity: 512M
 Heap Max Capacity: 8180M
 Pre-touch: Disabled
 Parallel Workers: 8
 Concurrent Workers: 2
 Concurrent Refinement Workers: 8
 Periodic GC: Disabled

Heap:
 garbage-first heap   total 524288K, used 16384K [0x0000000600c00000, 0x0000000800000000)
  region size 4096K, 5 young (20480K), 0 survivors (0K)
 Metaspace       used 6432K, committed 6656K, reserved 1114112K
  class space    used 319K, committed 448K, reserved 1048576K

Heap Regions: E=young(eden), S=young(survivor), O=old, HS=humongous(starts), HC=humongous(continues), CS=collection set, F=free, OA=open archive, CA=closed archive, TAMS=top-at-mark-start (previous, next)
|   0|0x0000000600c00000, 0x0000000600c00000, 0x0000000601000000|  0%| F|  |TAMS 0x0000000600c00000, 0x0000000600c00000| Untracked 
|   1|0x0000000601000000, 0x0000000601000000, 0x0000000601400000|  0%| F|  |TAMS 0x0000000601000000, 0x0000000601000000| Untracked 
|   2|0x0000000601400000, 0x0000000601400000, 0x0000000601800000|  0%| F|  |TAMS 0x0000000601400000, 0x0000000601400000| Untracked 
|   3|0x0000000601800000, 0x0000000601800000, 0x0000000601c00000|  0%| F|  |TAMS 0x0000000601800000, 0x0000000601800000| Untracked 
|   4|0x0000000601c00000, 0x0000000601c00000, 0x0000000602000000|  0%| F|  |TAMS 0x0000000601c00000, 0x0000000601c00000| Untracked 
|   5|0x0000000602000000, 0x0000000602000000, 0x0000000602400000|  0%| F|  |TAMS 0x0000000602000000, 0x0000000602000000| Untracked 
|   6|0x0000000602400000, 0x0000000602400000, 0x0000000602800000|  0%| F|  |TAMS 0x0000000602400000, 0x0000000602400000| Untracked 
|   7|0x0000000602800000, 0x0000000602800000, 0x0000000602c00000|  0%| F|  |TAMS 0x0000000602800000, 0x0000000602800000| Untracked 
|   8|0x0000000602c00000, 0x0000000602c00000, 0x0000000603000000|  0%| F|  |TAMS 0x0000000602c00000, 0x0000000602c00000| Untracked 
|   9|0x0000000603000000, 0x0000000603000000, 0x0000000603400000|  0%| F|  |TAMS 0x0000000603000000, 0x0000000603000000| Untracked 
|  10|0x0000000603400000, 0x0000000603400000, 0x0000000603800000|  0%| F|  |TAMS 0x0000000603400000, 0x0000000603400000| Untracked 
|  11|0x0000000603800000, 0x0000000603800000, 0x0000000603c00000|  0%| F|  |TAMS 0x0000000603800000, 0x0000000603800000| Untracked 
|  12|0x0000000603c00000, 0x0000000603c00000, 0x0000000604000000|  0%| F|  |TAMS 0x0000000603c00000, 0x0000000603c00000| Untracked 
|  13|0x0000000604000000, 0x0000000604000000, 0x0000000604400000|  0%| F|  |TAMS 0x0000000604000000, 0x0000000604000000| Untracked 
|  14|0x0000000604400000, 0x0000000604400000, 0x0000000604800000|  0%| F|  |TAMS 0x0000000604400000, 0x0000000604400000| Untracked 
|  15|0x0000000604800000, 0x0000000604800000, 0x0000000604c00000|  0%| F|  |TAMS 0x0000000604800000, 0x0000000604800000| Untracked 
|  16|0x0000000604c00000, 0x0000000604c00000, 0x0000000605000000|  0%| F|  |TAMS 0x0000000604c00000, 0x0000000604c00000| Untracked 
|  17|0x0000000605000000, 0x0000000605000000, 0x0000000605400000|  0%| F|  |TAMS 0x0000000605000000, 0x0000000605000000| Untracked 
|  18|0x0000000605400000, 0x0000000605400000, 0x0000000605800000|  0%| F|  |TAMS 0x0000000605400000, 0x0000000605400000| Untracked 
|  19|0x0000000605800000, 0x0000000605800000, 0x0000000605c00000|  0%| F|  |TAMS 0x0000000605800000, 0x0000000605800000| Untracked 
|  20|0x0000000605c00000, 0x0000000605c00000, 0x0000000606000000|  0%| F|  |TAMS 0x0000000605c00000, 0x0000000605c00000| Untracked 
|  21|0x0000000606000000, 0x0000000606000000, 0x0000000606400000|  0%| F|  |TAMS 0x0000000606000000, 0x0000000606000000| Untracked 
|  22|0x0000000606400000, 0x0000000606400000, 0x0000000606800000|  0%| F|  |TAMS 0x0000000606400000, 0x0000000606400000| Untracked 
|  23|0x0000000606800000, 0x0000000606800000, 0x0000000606c00000|  0%| F|  |TAMS 0x0000000606800000, 0x0000000606800000| Untracked 
|  24|0x0000000606c00000, 0x0000000606c00000, 0x0000000607000000|  0%| F|  |TAMS 0x0000000606c00000, 0x0000000606c00000| Untracked 
|  25|0x0000000607000000, 0x0000000607000000, 0x0000000607400000|  0%| F|  |TAMS 0x0000000607000000, 0x0000000607000000| Untracked 
|  26|0x0000000607400000, 0x0000000607400000, 0x0000000607800000|  0%| F|  |TAMS 0x0000000607400000, 0x0000000607400000| Untracked 
|  27|0x0000000607800000, 0x0000000607800000, 0x0000000607c00000|  0%| F|  |TAMS 0x0000000607800000, 0x0000000607800000| Untracked 
|  28|0x0000000607c00000, 0x0000000607c00000, 0x0000000608000000|  0%| F|  |TAMS 0x0000000607c00000, 0x0000000607c00000| Untracked 
|  29|0x0000000608000000, 0x0000000608000000, 0x0000000608400000|  0%| F|  |TAMS 0x0000000608000000, 0x0000000608000000| Untracked 
|  30|0x0000000608400000, 0x0000000608400000, 0x0000000608800000|  0%| F|  |TAMS 0x0000000608400000, 0x0000000608400000| Untracked 
|  31|0x0000000608800000, 0x0000000608800000, 0x0000000608c00000|  0%| F|  |TAMS 0x0000000608800000, 0x0000000608800000| Untracked 
|  32|0x0000000608c00000, 0x0000000608c00000, 0x0000000609000000|  0%| F|  |TAMS 0x0000000608c00000, 0x0000000608c00000| Untracked 
|  33|0x0000000609000000, 0x0000000609000000, 0x0000000609400000|  0%| F|  |TAMS 0x0000000609000000, 0x0000000609000000| Untracked 
|  34|0x0000000609400000, 0x0000000609400000, 0x0000000609800000|  0%| F|  |TAMS 0x0000000609400000, 0x0000000609400000| Untracked 
|  35|0x0000000609800000, 0x0000000609800000, 0x0000000609c00000|  0%| F|  |TAMS 0x0000000609800000, 0x0000000609800000| Untracked 
|  36|0x0000000609c00000, 0x0000000609c00000, 0x000000060a000000|  0%| F|  |TAMS 0x0000000609c00000, 0x0000000609c00000| Untracked 
|  37|0x000000060a000000, 0x000000060a000000, 0x000000060a400000|  0%| F|  |TAMS 0x000000060a000000, 0x000000060a000000| Untracked 
|  38|0x000000060a400000, 0x000000060a400000, 0x000000060a800000|  0%| F|  |TAMS 0x000000060a400000, 0x000000060a400000| Untracked 
|  39|0x000000060a800000, 0x000000060a800000, 0x000000060ac00000|  0%| F|  |TAMS 0x000000060a800000, 0x000000060a800000| Untracked 
|  40|0x000000060ac00000, 0x000000060ac00000, 0x000000060b000000|  0%| F|  |TAMS 0x000000060ac00000, 0x000000060ac00000| Untracked 
|  41|0x000000060b000000, 0x000000060b000000, 0x000000060b400000|  0%| F|  |TAMS 0x000000060b000000, 0x000000060b000000| Untracked 
|  42|0x000000060b400000, 0x000000060b400000, 0x000000060b800000|  0%| F|  |TAMS 0x000000060b400000, 0x000000060b400000| Untracked 
|  43|0x000000060b800000, 0x000000060b800000, 0x000000060bc00000|  0%| F|  |TAMS 0x000000060b800000, 0x000000060b800000| Untracked 
|  44|0x000000060bc00000, 0x000000060bc00000, 0x000000060c000000|  0%| F|  |TAMS 0x000000060bc00000, 0x000000060bc00000| Untracked 
|  45|0x000000060c000000, 0x000000060c000000, 0x000000060c400000|  0%| F|  |TAMS 0x000000060c000000, 0x000000060c000000| Untracked 
|  46|0x000000060c400000, 0x000000060c400000, 0x000000060c800000|  0%| F|  |TAMS 0x000000060c400000, 0x000000060c400000| Untracked 
|  47|0x000000060c800000, 0x000000060c800000, 0x000000060cc00000|  0%| F|  |TAMS 0x000000060c800000, 0x000000060c800000| Untracked 
|  48|0x000000060cc00000, 0x000000060cc00000, 0x000000060d000000|  0%| F|  |TAMS 0x000000060cc00000, 0x000000060cc00000| Untracked 
|  49|0x000000060d000000, 0x000000060d000000, 0x000000060d400000|  0%| F|  |TAMS 0x000000060d000000, 0x000000060d000000| Untracked 
|  50|0x000000060d400000, 0x000000060d400000, 0x000000060d800000|  0%| F|  |TAMS 0x000000060d400000, 0x000000060d400000| Untracked 
|  51|0x000000060d800000, 0x000000060d800000, 0x000000060dc00000|  0%| F|  |TAMS 0x000000060d800000, 0x000000060d800000| Untracked 
|  52|0x000000060dc00000, 0x000000060dc00000, 0x000000060e000000|  0%| F|  |TAMS 0x000000060dc00000, 0x000000060dc00000| Untracked 
|  53|0x000000060e000000, 0x000000060e000000, 0x000000060e400000|  0%| F|  |TAMS 0x000000060e000000, 0x000000060e000000| Untracked 
|  54|0x000000060e400000, 0x000000060e400000, 0x000000060e800000|  0%| F|  |TAMS 0x000000060e400000, 0x000000060e400000| Untracked 
|  55|0x000000060e800000, 0x000000060e800000, 0x000000060ec00000|  0%| F|  |TAMS 0x000000060e800000, 0x000000060e800000| Untracked 
|  56|0x000000060ec00000, 0x000000060ec00000, 0x000000060f000000|  0%| F|  |TAMS 0x000000060ec00000, 0x000000060ec00000| Untracked 
|  57|0x000000060f000000, 0x000000060f000000, 0x000000060f400000|  0%| F|  |TAMS 0x000000060f000000, 0x000000060f000000| Untracked 
|  58|0x000000060f400000, 0x000000060f400000, 0x000000060f800000|  0%| F|  |TAMS 0x000000060f400000, 0x000000060f400000| Untracked 
|  59|0x000000060f800000, 0x000000060f800000, 0x000000060fc00000|  0%| F|  |TAMS 0x000000060f800000, 0x000000060f800000| Untracked 
|  60|0x000000060fc00000, 0x000000060fc00000, 0x0000000610000000|  0%| F|  |TAMS 0x000000060fc00000, 0x000000060fc00000| Untracked 
|  61|0x0000000610000000, 0x0000000610000000, 0x0000000610400000|  0%| F|  |TAMS 0x0000000610000000, 0x0000000610000000| Untracked 
|  62|0x0000000610400000, 0x0000000610400000, 0x0000000610800000|  0%| F|  |TAMS 0x0000000610400000, 0x0000000610400000| Untracked 
|  63|0x0000000610800000, 0x0000000610800000, 0x0000000610c00000|  0%| F|  |TAMS 0x0000000610800000, 0x0000000610800000| Untracked 
|  64|0x0000000610c00000, 0x0000000610c00000, 0x0000000611000000|  0%| F|  |TAMS 0x0000000610c00000, 0x0000000610c00000| Untracked 
|  65|0x0000000611000000, 0x0000000611000000, 0x0000000611400000|  0%| F|  |TAMS 0x0000000611000000, 0x0000000611000000| Untracked 
|  66|0x0000000611400000, 0x0000000611400000, 0x0000000611800000|  0%| F|  |TAMS 0x0000000611400000, 0x0000000611400000| Untracked 
|  67|0x0000000611800000, 0x0000000611800000, 0x0000000611c00000|  0%| F|  |TAMS 0x0000000611800000, 0x0000000611800000| Untracked 
|  68|0x0000000611c00000, 0x0000000611c00000, 0x0000000612000000|  0%| F|  |TAMS 0x0000000611c00000, 0x0000000611c00000| Untracked 
|  69|0x0000000612000000, 0x0000000612000000, 0x0000000612400000|  0%| F|  |TAMS 0x0000000612000000, 0x0000000612000000| Untracked 
|  70|0x0000000612400000, 0x0000000612400000, 0x0000000612800000|  0%| F|  |TAMS 0x0000000612400000, 0x0000000612400000| Untracked 
|  71|0x0000000612800000, 0x0000000612800000, 0x0000000612c00000|  0%| F|  |TAMS 0x0000000612800000, 0x0000000612800000| Untracked 
|  72|0x0000000612c00000, 0x0000000612c00000, 0x0000000613000000|  0%| F|  |TAMS 0x0000000612c00000, 0x0000000612c00000| Untracked 
|  73|0x0000000613000000, 0x0000000613000000, 0x0000000613400000|  0%| F|  |TAMS 0x0000000613000000, 0x0000000613000000| Untracked 
|  74|0x0000000613400000, 0x0000000613400000, 0x0000000613800000|  0%| F|  |TAMS 0x0000000613400000, 0x0000000613400000| Untracked 
|  75|0x0000000613800000, 0x0000000613800000, 0x0000000613c00000|  0%| F|  |TAMS 0x0000000613800000, 0x0000000613800000| Untracked 
|  76|0x0000000613c00000, 0x0000000613c00000, 0x0000000614000000|  0%| F|  |TAMS 0x0000000613c00000, 0x0000000613c00000| Untracked 
|  77|0x0000000614000000, 0x0000000614000000, 0x0000000614400000|  0%| F|  |TAMS 0x0000000614000000, 0x0000000614000000| Untracked 
|  78|0x0000000614400000, 0x0000000614400000, 0x0000000614800000|  0%| F|  |TAMS 0x0000000614400000, 0x0000000614400000| Untracked 
|  79|0x0000000614800000, 0x0000000614800000, 0x0000000614c00000|  0%| F|  |TAMS 0x0000000614800000, 0x0000000614800000| Untracked 
|  80|0x0000000614c00000, 0x0000000614c00000, 0x0000000615000000|  0%| F|  |TAMS 0x0000000614c00000, 0x0000000614c00000| Untracked 
|  81|0x0000000615000000, 0x0000000615000000, 0x0000000615400000|  0%| F|  |TAMS 0x0000000615000000, 0x0000000615000000| Untracked 
|  82|0x0000000615400000, 0x0000000615400000, 0x0000000615800000|  0%| F|  |TAMS 0x0000000615400000, 0x0000000615400000| Untracked 
|  83|0x0000000615800000, 0x0000000615800000, 0x0000000615c00000|  0%| F|  |TAMS 0x0000000615800000, 0x0000000615800000| Untracked 
|  84|0x0000000615c00000, 0x0000000615c00000, 0x0000000616000000|  0%| F|  |TAMS 0x0000000615c00000, 0x0000000615c00000| Untracked 
|  85|0x0000000616000000, 0x0000000616000000, 0x0000000616400000|  0%| F|  |TAMS 0x0000000616000000, 0x0000000616000000| Untracked 
|  86|0x0000000616400000, 0x0000000616400000, 0x0000000616800000|  0%| F|  |TAMS 0x0000000616400000, 0x0000000616400000| Untracked 
|  87|0x0000000616800000, 0x0000000616800000, 0x0000000616c00000|  0%| F|  |TAMS 0x0000000616800000, 0x0000000616800000| Untracked 
|  88|0x0000000616c00000, 0x0000000616c00000, 0x0000000617000000|  0%| F|  |TAMS 0x0000000616c00000, 0x0000000616c00000| Untracked 
|  89|0x0000000617000000, 0x0000000617000000, 0x0000000617400000|  0%| F|  |TAMS 0x0000000617000000, 0x0000000617000000| Untracked 
|  90|0x0000000617400000, 0x0000000617400000, 0x0000000617800000|  0%| F|  |TAMS 0x0000000617400000, 0x0000000617400000| Untracked 
|  91|0x0000000617800000, 0x0000000617800000, 0x0000000617c00000|  0%| F|  |TAMS 0x0000000617800000, 0x0000000617800000| Untracked 
|  92|0x0000000617c00000, 0x0000000617c00000, 0x0000000618000000|  0%| F|  |TAMS 0x0000000617c00000, 0x0000000617c00000| Untracked 
|  93|0x0000000618000000, 0x0000000618000000, 0x0000000618400000|  0%| F|  |TAMS 0x0000000618000000, 0x0000000618000000| Untracked 
|  94|0x0000000618400000, 0x0000000618400000, 0x0000000618800000|  0%| F|  |TAMS 0x0000000618400000, 0x0000000618400000| Untracked 
|  95|0x0000000618800000, 0x0000000618800000, 0x0000000618c00000|  0%| F|  |TAMS 0x0000000618800000, 0x0000000618800000| Untracked 
|  96|0x0000000618c00000, 0x0000000618c00000, 0x0000000619000000|  0%| F|  |TAMS 0x0000000618c00000, 0x0000000618c00000| Untracked 
|  97|0x0000000619000000, 0x0000000619000000, 0x0000000619400000|  0%| F|  |TAMS 0x0000000619000000, 0x0000000619000000| Untracked 
|  98|0x0000000619400000, 0x0000000619400000, 0x0000000619800000|  0%| F|  |TAMS 0x0000000619400000, 0x0000000619400000| Untracked 
|  99|0x0000000619800000, 0x0000000619800000, 0x0000000619c00000|  0%| F|  |TAMS 0x0000000619800000, 0x0000000619800000| Untracked 
| 100|0x0000000619c00000, 0x0000000619c00000, 0x000000061a000000|  0%| F|  |TAMS 0x0000000619c00000, 0x0000000619c00000| Untracked 
| 101|0x000000061a000000, 0x000000061a000000, 0x000000061a400000|  0%| F|  |TAMS 0x000000061a000000, 0x000000061a000000| Untracked 
| 102|0x000000061a400000, 0x000000061a400000, 0x000000061a800000|  0%| F|  |TAMS 0x000000061a400000, 0x000000061a400000| Untracked 
| 103|0x000000061a800000, 0x000000061a800000, 0x000000061ac00000|  0%| F|  |TAMS 0x000000061a800000, 0x000000061a800000| Untracked 
| 104|0x000000061ac00000, 0x000000061ac00000, 0x000000061b000000|  0%| F|  |TAMS 0x000000061ac00000, 0x000000061ac00000| Untracked 
| 105|0x000000061b000000, 0x000000061b000000, 0x000000061b400000|  0%| F|  |TAMS 0x000000061b000000, 0x000000061b000000| Untracked 
| 106|0x000000061b400000, 0x000000061b400000, 0x000000061b800000|  0%| F|  |TAMS 0x000000061b400000, 0x000000061b400000| Untracked 
| 107|0x000000061b800000, 0x000000061b800000, 0x000000061bc00000|  0%| F|  |TAMS 0x000000061b800000, 0x000000061b800000| Untracked 
| 108|0x000000061bc00000, 0x000000061bc00000, 0x000000061c000000|  0%| F|  |TAMS 0x000000061bc00000, 0x000000061bc00000| Untracked 
| 109|0x000000061c000000, 0x000000061c000000, 0x000000061c400000|  0%| F|  |TAMS 0x000000061c000000, 0x000000061c000000| Untracked 
| 110|0x000000061c400000, 0x000000061c400000, 0x000000061c800000|  0%| F|  |TAMS 0x000000061c400000, 0x000000061c400000| Untracked 
| 111|0x000000061c800000, 0x000000061c800000, 0x000000061cc00000|  0%| F|  |TAMS 0x000000061c800000, 0x000000061c800000| Untracked 
| 112|0x000000061cc00000, 0x000000061cc00000, 0x000000061d000000|  0%| F|  |TAMS 0x000000061cc00000, 0x000000061cc00000| Untracked 
| 113|0x000000061d000000, 0x000000061d000000, 0x000000061d400000|  0%| F|  |TAMS 0x000000061d000000, 0x000000061d000000| Untracked 
| 114|0x000000061d400000, 0x000000061d400000, 0x000000061d800000|  0%| F|  |TAMS 0x000000061d400000, 0x000000061d400000| Untracked 
| 115|0x000000061d800000, 0x000000061d800000, 0x000000061dc00000|  0%| F|  |TAMS 0x000000061d800000, 0x000000061d800000| Untracked 
| 116|0x000000061dc00000, 0x000000061dc00000, 0x000000061e000000|  0%| F|  |TAMS 0x000000061dc00000, 0x000000061dc00000| Untracked 
| 117|0x000000061e000000, 0x000000061e000000, 0x000000061e400000|  0%| F|  |TAMS 0x000000061e000000, 0x000000061e000000| Untracked 
| 118|0x000000061e400000, 0x000000061e400000, 0x000000061e800000|  0%| F|  |TAMS 0x000000061e400000, 0x000000061e400000| Untracked 
| 119|0x000000061e800000, 0x000000061e800000, 0x000000061ec00000|  0%| F|  |TAMS 0x000000061e800000, 0x000000061e800000| Untracked 
| 120|0x000000061ec00000, 0x000000061ec00000, 0x000000061f000000|  0%| F|  |TAMS 0x000000061ec00000, 0x000000061ec00000| Untracked 
| 121|0x000000061f000000, 0x000000061f000000, 0x000000061f400000|  0%| F|  |TAMS 0x000000061f000000, 0x000000061f000000| Untracked 
| 122|0x000000061f400000, 0x000000061f400000, 0x000000061f800000|  0%| F|  |TAMS 0x000000061f400000, 0x000000061f400000| Untracked 
| 123|0x000000061f800000, 0x000000061fb82de0, 0x000000061fc00000| 87%| E|  |TAMS 0x000000061f800000, 0x000000061f800000| Complete 
| 124|0x000000061fc00000, 0x0000000620000000, 0x0000000620000000|100%| E|CS|TAMS 0x000000061fc00000, 0x000000061fc00000| Complete 
| 125|0x0000000620000000, 0x0000000620400000, 0x0000000620400000|100%| E|CS|TAMS 0x0000000620000000, 0x0000000620000000| Complete 
| 126|0x0000000620400000, 0x0000000620800000, 0x0000000620800000|100%| E|CS|TAMS 0x0000000620400000, 0x0000000620400000| Complete 
| 127|0x0000000620800000, 0x0000000620c00000, 0x0000000620c00000|100%| E|CS|TAMS 0x0000000620800000, 0x0000000620800000| Complete 

Card table byte_map: [0x000001979daa0000,0x000001979eaa0000] _byte_map_base: 0x000001979aa9a000

Marking Bits (Prev, Next): (CMBitMap*) 0x0000019785642c30, (CMBitMap*) 0x0000019785642c70
 Prev Bits: [0x000001979faa0000, 0x00000197a7a70000)
 Next Bits: [0x00000197a7a70000, 0x00000197afa40000)

Polling page: 0x0000019783550000

Metaspace:

Usage:
  Non-class:      5.97 MB used.
      Class:    319.85 KB used.
       Both:      6.28 MB used.

Virtual space:
  Non-class space:       64.00 MB reserved,       6.06 MB (  9%) committed,  1 nodes.
      Class space:        1.00 GB reserved,     448.00 KB ( <1%) committed,  1 nodes.
             Both:        1.06 GB reserved,       6.50 MB ( <1%) committed. 

Chunk freelists:
   Non-Class:  3.78 MB
       Class:  3.54 MB
        Both:  7.32 MB

MaxMetaspaceSize: unlimited
CompressedClassSpaceSize: 1.00 GB
Initial GC threshold: 21.00 MB
Current GC threshold: 21.00 MB
CDS: on
MetaspaceReclaimPolicy: balanced
 - commit_granule_bytes: 65536.
 - commit_granule_words: 8192.
 - virtual_space_node_default_size: 8388608.
 - enlarge_chunks_in_place: 1.
 - new_chunks_are_fully_committed: 0.
 - uncommit_free_chunks: 1.
 - use_allocation_guard: 0.


Internal statistics:

num_allocs_failed_limit: 0.
num_arena_births: 122.
num_arena_deaths: 0.
num_vsnodes_births: 2.
num_vsnodes_deaths: 0.
num_space_committed: 102.
num_space_uncommitted: 0.
num_chunks_returned_to_freelist: 0.
num_chunks_taken_from_freelist: 302.
num_chunk_merges: 0.
num_chunk_splits: 215.
num_chunks_enlarged: 163.
num_inconsistent_stats: 0.

CodeHeap 'non-profiled nmethods': size=120000Kb used=364Kb max_used=364Kb free=119635Kb
 bounds [0x0000019795240000, 0x00000197954b0000, 0x000001979c770000]
CodeHeap 'profiled nmethods': size=120000Kb used=1400Kb max_used=1400Kb free=118599Kb
 bounds [0x000001978d770000, 0x000001978d9e0000, 0x0000019794ca0000]
CodeHeap 'non-nmethods': size=5760Kb used=1833Kb max_used=1846Kb free=3926Kb
 bounds [0x0000019794ca0000, 0x0000019794f10000, 0x0000019795240000]
 total_blobs=2052 nmethods=916 adapters=1047
 compilation: enabled
              stopped_count=0, restarted_count=0
 full_count=0

Compilation events (20 events):
Event: 0.803 Thread 0x00000197b24f3280  906       3       java.io.InputStream::<init> (5 bytes)
Event: 0.803 Thread 0x00000197b24f3280 nmethod 906 0x000001978d8cbc90 code [0x000001978d8cbe40, 0x000001978d8cbf98]
Event: 0.803 Thread 0x00000197b24f3280  907   !   3       java.io.WinNTFileSystem::isInvalid (78 bytes)
Event: 0.804 Thread 0x00000197b24f3280 nmethod 907 0x000001978d8cc090 code [0x000001978d8cc280, 0x000001978d8cc6b8]
Event: 0.810 Thread 0x00000197b24f3280  909       1       java.util.jar.Manifest::getEntries (5 bytes)
Event: 0.810 Thread 0x00000197b24f3280 nmethod 909 0x000001979529a510 code [0x000001979529a6a0, 0x000001979529a778]
Event: 0.810 Thread 0x00000197b24f3280  910       1       java.util.jar.Manifest::getMainAttributes (5 bytes)
Event: 0.810 Thread 0x00000197b24f3280 nmethod 910 0x000001979529a810 code [0x000001979529a9a0, 0x000001979529aa78]
Event: 0.810 Thread 0x00000197b24f3280  911       1       java.util.zip.ZipEntry::getCrc (5 bytes)
Event: 0.810 Thread 0x00000197b24f3280 nmethod 911 0x000001979529ab10 code [0x000001979529aca0, 0x000001979529ad58]
Event: 0.819 Thread 0x00000197b24f3280  912       3       java.lang.ClassLoader::loadClass (7 bytes)
Event: 0.819 Thread 0x00000197b24f3280 nmethod 912 0x000001978d8cc890 code [0x000001978d8cca40, 0x000001978d8ccc28]
Event: 0.819 Thread 0x00000197b24f3280  913       3       jdk.internal.loader.BuiltinClassLoader::loadClass (22 bytes)
Event: 0.819 Thread 0x00000197b24f3280 nmethod 913 0x000001978d8ccd10 code [0x000001978d8ccee0, 0x000001978d8cd1b8]
Event: 0.819 Thread 0x00000197b24f3280  914       3       jdk.internal.loader.ClassLoaders$BootClassLoader::loadClassOrNull (10 bytes)
Event: 0.820 Thread 0x00000197b24f3280 nmethod 914 0x000001978d8cd310 code [0x000001978d8cd4e0, 0x000001978d8cd778]
Event: 0.820 Thread 0x00000197b24f3280  915       3       java.util.zip.ZipFile$ZipFileInflaterInputStream::fill (80 bytes)
Event: 0.820 Thread 0x00000197b24f3280 nmethod 915 0x000001978d8cd910 code [0x000001978d8cdb00, 0x000001978d8cdea8]
Event: 0.829 Thread 0x00000197b24f3280  916       1       java.lang.reflect.Method::getName (5 bytes)
Event: 0.829 Thread 0x00000197b24f3280 nmethod 916 0x000001979529ae10 code [0x000001979529afa0, 0x000001979529b078]

GC Heap History (0 events):
No events

Dll operation events (9 events):
Event: 0.007 Loaded shared library C:\Users\eligi\.jdks\corretto-19.0.2\bin\java.dll
Event: 0.017 Loaded shared library C:\Users\eligi\.jdks\corretto-19.0.2\bin\jsvml.dll
Event: 0.084 Loaded shared library C:\Users\eligi\.jdks\corretto-19.0.2\bin\net.dll
Event: 0.086 Loaded shared library C:\Users\eligi\.jdks\corretto-19.0.2\bin\nio.dll
Event: 0.093 Loaded shared library C:\Users\eligi\.jdks\corretto-19.0.2\bin\zip.dll
Event: 0.185 Loaded shared library C:\Users\eligi\.jdks\corretto-19.0.2\bin\jimage.dll
Event: 0.208 Loaded shared library C:\Users\eligi\AppData\Local\Temp\lwjgl_eligi\3.3.2+13\x64\lwjgl.dll
Event: 0.452 Loaded shared library C:\Users\eligi\AppData\Local\Temp\lwjgl_eligi\3.3.2+13\x64\lwjgl_opengl.dll
Event: 0.544 Loaded shared library C:\Users\eligi\.jdks\corretto-19.0.2\bin\verify.dll

Deoptimization events (20 events):
Event: 0.595 Thread 0x000001978558eb30 DEOPT PACKING pc=0x0000019795281850 sp=0x0000003c6cbfeeb0
Event: 0.595 Thread 0x000001978558eb30 DEOPT UNPACKING pc=0x0000019794d06da3 sp=0x0000003c6cbfee38 mode 2
Event: 0.598 Thread 0x000001978558eb30 Uncommon trap: trap_request=0xffffff66 fr.pc=0x0000019795283204 relative=0x0000000000000064
Event: 0.598 Thread 0x000001978558eb30 Uncommon trap: reason=speculate_class_check action=maybe_recompile pc=0x0000019795283204 method=java.lang.invoke.Invokers$Holder.linkToTargetMethod(IILjava/lang/Object;)Ljava/lang/Object; @ 1 c2
Event: 0.598 Thread 0x000001978558eb30 DEOPT PACKING pc=0x0000019795283204 sp=0x0000003c6cbfe770
Event: 0.598 Thread 0x000001978558eb30 DEOPT UNPACKING pc=0x0000019794d06da3 sp=0x0000003c6cbfe708 mode 2
Event: 0.598 Thread 0x000001978558eb30 Uncommon trap: trap_request=0xffffff66 fr.pc=0x0000019795283204 relative=0x0000000000000064
Event: 0.598 Thread 0x000001978558eb30 Uncommon trap: reason=speculate_class_check action=maybe_recompile pc=0x0000019795283204 method=java.lang.invoke.Invokers$Holder.linkToTargetMethod(IILjava/lang/Object;)Ljava/lang/Object; @ 1 c2
Event: 0.598 Thread 0x000001978558eb30 DEOPT PACKING pc=0x0000019795283204 sp=0x0000003c6cbfe770
Event: 0.598 Thread 0x000001978558eb30 DEOPT UNPACKING pc=0x0000019794d06da3 sp=0x0000003c6cbfe708 mode 2
Event: 0.670 Thread 0x000001978558eb30 Uncommon trap: trap_request=0xffffff66 fr.pc=0x0000019795283204 relative=0x0000000000000064
Event: 0.670 Thread 0x000001978558eb30 Uncommon trap: reason=speculate_class_check action=maybe_recompile pc=0x0000019795283204 method=java.lang.invoke.Invokers$Holder.linkToTargetMethod(IILjava/lang/Object;)Ljava/lang/Object; @ 1 c2
Event: 0.670 Thread 0x000001978558eb30 DEOPT PACKING pc=0x0000019795283204 sp=0x0000003c6cbfe770
Event: 0.670 Thread 0x000001978558eb30 DEOPT UNPACKING pc=0x0000019794d06da3 sp=0x0000003c6cbfe708 mode 2
Event: 0.670 Thread 0x000001978558eb30 Uncommon trap: trap_request=0xffffff66 fr.pc=0x0000019795283204 relative=0x0000000000000064
Event: 0.670 Thread 0x000001978558eb30 Uncommon trap: reason=speculate_class_check action=maybe_recompile pc=0x0000019795283204 method=java.lang.invoke.Invokers$Holder.linkToTargetMethod(IILjava/lang/Object;)Ljava/lang/Object; @ 1 c2
Event: 0.670 Thread 0x000001978558eb30 DEOPT PACKING pc=0x0000019795283204 sp=0x0000003c6cbfe770
Event: 0.670 Thread 0x000001978558eb30 DEOPT UNPACKING pc=0x0000019794d06da3 sp=0x0000003c6cbfe708 mode 2
Event: 0.785 Thread 0x000001978558eb30 DEOPT PACKING pc=0x000001978d7bad79 sp=0x0000003c6cbfa890
Event: 0.785 Thread 0x000001978558eb30 DEOPT UNPACKING pc=0x0000019794d07543 sp=0x0000003c6cbf9cf0 mode 0

Classes loaded (20 events):
Event: 0.297 Loading class jdk/internal/reflect/MethodHandleIntegerFieldAccessorImpl
Event: 0.297 Loading class jdk/internal/reflect/MethodHandleIntegerFieldAccessorImpl done
Event: 0.459 Loading class jdk/internal/foreign/MemorySessionImpl
Event: 0.459 Loading class java/lang/foreign/MemorySession
Event: 0.459 Loading class java/lang/foreign/SegmentAllocator
Event: 0.459 Loading class java/lang/foreign/SegmentAllocator done
Event: 0.459 Loading class java/lang/foreign/MemorySession done
Event: 0.459 Loading class jdk/internal/foreign/MemorySessionImpl done
Event: 0.542 Loading class java/io/Externalizable
Event: 0.542 Loading class java/io/Externalizable done
Event: 0.710 Loading class jdk/internal/module/ModulePatcher$PatchedModuleReader
Event: 0.710 Loading class jdk/internal/module/ModulePatcher$PatchedModuleReader done
Event: 0.710 Loading class sun/net/www/protocol/jrt/Handler
Event: 0.710 Loading class sun/net/www/protocol/jrt/Handler done
Event: 0.716 Loading class sun/text/resources/cldr/FormatData_en
Event: 0.716 Loading class sun/text/resources/cldr/FormatData_en done
Event: 0.716 Loading class sun/text/resources/cldr/FormatData_en_US
Event: 0.716 Loading class sun/text/resources/cldr/FormatData_en_US done
Event: 0.733 Loading class java/lang/SecurityException
Event: 0.733 Loading class java/lang/SecurityException done

Classes unloaded (0 events):
No events

Classes redefined (0 events):
No events

Internal exceptions (20 events):
Event: 0.206 Thread 0x000001978558eb30 Exception <a 'sun/nio/fs/WindowsException'{0x000000062058db00}> (0x000000062058db00) 
thrown [s\src\hotspot\share\prims\jni.cpp, line 517]
Event: 0.207 Thread 0x000001978558eb30 Exception <a 'sun/nio/fs/WindowsException'{0x000000062058e050}> (0x000000062058e050) 
thrown [s\src\hotspot\share\prims\jni.cpp, line 517]
Event: 0.253 Thread 0x000001978558eb30 Exception <a 'java/lang/NoSuchMethodError'{0x000000062062d780}: 'int java.lang.invoke.DirectMethodHandle$Holder.invokeStaticInit(java.lang.Object, java.lang.Object, int, long)'> (0x000000062062d780) 
thrown [s\src\hotspot\share\interpreter\linkResolver.cpp, line 774]
Event: 0.254 Thread 0x000001978558eb30 Exception <a 'java/lang/NoSuchMethodError'{0x0000000620633050}: 'java.lang.Object java.lang.invoke.DirectMethodHandle$Holder.newInvokeSpecial(java.lang.Object, java.lang.Object, int)'> (0x0000000620633050) 
thrown [s\src\hotspot\share\interpreter\linkResolver.cpp, line 774]
Event: 0.256 Thread 0x000001978558eb30 Exception <a 'java/lang/NoSuchMethodError'{0x00000006206428b0}: 'int java.lang.invoke.DirectMethodHandle$Holder.invokeStaticInit(java.lang.Object, java.lang.Object, long, long)'> (0x00000006206428b0) 
thrown [s\src\hotspot\share\interpreter\linkResolver.cpp, line 774]
Event: 0.257 Thread 0x000001978558eb30 Exception <a 'java/lang/NoSuchMethodError'{0x0000000620648640}: 'java.lang.Object java.lang.invoke.DirectMethodHandle$Holder.newInvokeSpecial(java.lang.Object, java.lang.Object, long)'> (0x0000000620648640) 
thrown [s\src\hotspot\share\interpreter\linkResolver.cpp, line 774]
Event: 0.257 Thread 0x000001978558eb30 Exception <a 'java/lang/NoSuchMethodError'{0x000000062064bf18}: 'java.lang.Object java.lang.invoke.Invokers$Holder.linkToTargetMethod(java.lang.Object, long, java.lang.Object)'> (0x000000062064bf18) 
thrown [s\src\hotspot\share\interpreter\linkResolver.cpp, line 774]
Event: 0.258 Thread 0x000001978558eb30 Exception <a 'java/lang/NoSuchMethodError'{0x0000000620653370}: 'int java.lang.invoke.DirectMethodHandle$Holder.invokeStaticInit(java.lang.Object, java.lang.Object, java.lang.Object, long)'> (0x0000000620653370) 
thrown [s\src\hotspot\share\interpreter\linkResolver.cpp, line 774]
Event: 0.281 Thread 0x000001978558eb30 Exception <a 'sun/nio/fs/WindowsException'{0x0000000620706820}> (0x0000000620706820) 
thrown [s\src\hotspot\share\prims\jni.cpp, line 517]
Event: 0.281 Thread 0x000001978558eb30 Exception <a 'sun/nio/fs/WindowsException'{0x0000000620706b80}> (0x0000000620706b80) 
thrown [s\src\hotspot\share\prims\jni.cpp, line 517]
Event: 0.297 Thread 0x000001978558eb30 Exception <a 'java/lang/NoSuchMethodError'{0x00000006207222e0}: 'int java.lang.invoke.Invokers$Holder.invokeExact_MT(java.lang.Object, java.lang.Object)'> (0x00000006207222e0) 
thrown [s\src\hotspot\share\interpreter\linkResolver.cpp, line 774]
Event: 0.417 Thread 0x000001978558eb30 Exception <a 'java/lang/NoSuchMethodError'{0x0000000620779190}: 'void java.lang.invoke.DirectMethodHandle$Holder.invokeStaticInit(java.lang.Object, long, double, double)'> (0x0000000620779190) 
thrown [s\src\hotspot\share\interpreter\linkResolver.cpp, line 774]
Event: 0.418 Thread 0x000001978558eb30 Exception <a 'java/lang/NoSuchMethodError'{0x0000000620788768}: 'void java.lang.invoke.DirectMethodHandle$Holder.invokeStaticInit(java.lang.Object, long, int, int, int)'> (0x0000000620788768) 
thrown [s\src\hotspot\share\interpreter\linkResolver.cpp, line 774]
Event: 0.422 Thread 0x000001978558eb30 Exception <a 'java/lang/NoSuchMethodError'{0x00000006207a11d8}: 'void java.lang.invoke.DirectMethodHandle$Holder.invokeStaticInit(java.lang.Object, long, int, int, int, int)'> (0x00000006207a11d8) 
thrown [s\src\hotspot\share\interpreter\linkResolver.cpp, line 774]
Event: 0.446 Thread 0x000001978558eb30 Exception <a 'java/lang/NoSuchMethodError'{0x00000006207c4050}: 'void java.lang.System.load(java.lang.String, java.lang.Class)'> (0x00000006207c4050) 
thrown [s\src\hotspot\share\interpreter\linkResolver.cpp, line 774]
Event: 0.446 Thread 0x000001978558eb30 Exception <a 'java/lang/NoSuchMethodError'{0x00000006207c6e58}: 'void java.lang.System.loadLibrary(java.lang.String, java.lang.Class)'> (0x00000006207c6e58) 
thrown [s\src\hotspot\share\interpreter\linkResolver.cpp, line 774]
Event: 0.451 Thread 0x000001978558eb30 Exception <a 'sun/nio/fs/WindowsException'{0x00000006207d6c68}> (0x00000006207d6c68) 
thrown [s\src\hotspot\share\prims\jni.cpp, line 517]
Event: 0.451 Thread 0x000001978558eb30 Exception <a 'sun/nio/fs/WindowsException'{0x00000006207d7010}> (0x00000006207d7010) 
thrown [s\src\hotspot\share\prims\jni.cpp, line 517]
Event: 0.463 Thread 0x000001978558eb30 Exception <a 'sun/nio/fs/WindowsException'{0x00000006207e10b0}> (0x00000006207e10b0) 
thrown [s\src\hotspot\share\prims\jni.cpp, line 517]
Event: 0.463 Thread 0x000001978558eb30 Exception <a 'sun/nio/fs/WindowsException'{0x00000006207e1390}> (0x00000006207e1390) 
thrown [s\src\hotspot\share\prims\jni.cpp, line 517]

VM Operations (8 events):
Event: 0.066 Executing VM operation: ChangeBreakpoints
Event: 0.066 Executing VM operation: ChangeBreakpoints done
Event: 0.095 Executing VM operation: HandshakeAllThreads
Event: 0.096 Executing VM operation: HandshakeAllThreads done
Event: 0.199 Executing VM operation: HandshakeAllThreads
Event: 0.199 Executing VM operation: HandshakeAllThreads done
Event: 0.706 Executing VM operation: HandshakeAllThreads
Event: 0.706 Executing VM operation: HandshakeAllThreads done

Events (17 events):
Event: 0.017 Thread 0x000001978558eb30 Thread added: 0x000001978558eb30
Event: 0.028 Thread 0x00000197b24dd460 Thread added: 0x00000197b24dd460
Event: 0.028 Thread 0x00000197b24dffa0 Thread added: 0x00000197b24dffa0
Event: 0.028 Thread 0x00000197b24e3a20 Thread added: 0x00000197b24e3a20
Event: 0.028 Thread 0x00000197b24e66c0 Thread added: 0x00000197b24e66c0
Event: 0.028 Thread 0x00000197b24e9000 Thread added: 0x00000197b24e9000
Event: 0.028 Thread 0x00000197b24e9f40 Thread added: 0x00000197b24e9f40
Event: 0.028 Thread 0x00000197b24f2d00 Thread added: 0x00000197b24f2d00
Event: 0.029 Thread 0x00000197b24f3280 Thread added: 0x00000197b24f3280
Event: 0.030 Thread 0x00000197b24f3bf0 Thread added: 0x00000197b24f3bf0
Event: 0.066 Thread 0x00000197b262fda0 Thread added: 0x00000197b262fda0
Event: 0.066 Thread 0x00000197b26302f0 Thread added: 0x00000197b26302f0
Event: 0.066 Thread 0x00000197b2630c50 Thread added: 0x00000197b2630c50
Event: 0.071 Thread 0x00000197b26311a0 Thread added: 0x00000197b26311a0
Event: 0.075 Thread 0x00000197b266df20 Thread added: 0x00000197b266df20
Event: 0.468 Thread 0x00000197c1d29a30 Thread added: 0x00000197c1d29a30
Event: 0.591 Thread 0x00000197c1d5e0f0 Thread added: 0x00000197c1d5e0f0


Dynamic libraries:
0x00007ff633bb0000 - 0x00007ff633bbd000 	C:\Users\eligi\.jdks\corretto-19.0.2\bin\java.exe
0x00007ff908a50000 - 0x00007ff908c64000 	C:\WINDOWS\SYSTEM32\ntdll.dll
0x00007ff8871b0000 - 0x00007ff8871c9000 	C:\Program Files\Avast Software\Avast\aswhook.dll
0x00007ff9074c0000 - 0x00007ff907582000 	C:\WINDOWS\System32\KERNEL32.DLL
0x00007ff905e50000 - 0x00007ff9061f3000 	C:\WINDOWS\System32\KERNELBASE.dll
0x00007ff906370000 - 0x00007ff906481000 	C:\WINDOWS\System32\ucrtbase.dll
0x00007ff8f3f10000 - 0x00007ff8f3f27000 	C:\Users\eligi\.jdks\corretto-19.0.2\bin\jli.dll
0x00007ff8f3da0000 - 0x00007ff8f3db5000 	C:\Users\eligi\.jdks\corretto-19.0.2\bin\VCRUNTIME140.dll
0x00007ff906930000 - 0x00007ff906ada000 	C:\WINDOWS\System32\USER32.dll
0x00007ff8e7030000 - 0x00007ff8e72be000 	C:\WINDOWS\WinSxS\amd64_microsoft.windows.common-controls_6595b64144ccf1df_6.0.22621.1635_none_270f70857386168e\COMCTL32.dll
0x00007ff9066e0000 - 0x00007ff906706000 	C:\WINDOWS\System32\win32u.dll
0x00007ff907c50000 - 0x00007ff907c79000 	C:\WINDOWS\System32\GDI32.dll
0x00007ff9087e0000 - 0x00007ff908887000 	C:\WINDOWS\System32\msvcrt.dll
0x00007ff9065c0000 - 0x00007ff9066d9000 	C:\WINDOWS\System32\gdi32full.dll
0x00007ff906790000 - 0x00007ff90682a000 	C:\WINDOWS\System32\msvcp_win.dll
0x00007ff906830000 - 0x00007ff906861000 	C:\WINDOWS\System32\IMM32.DLL
0x00007ff8e0d80000 - 0x00007ff8e0e1b000 	C:\Users\eligi\.jdks\corretto-19.0.2\bin\msvcp140.dll
0x00007ff81d2b0000 - 0x00007ff81df89000 	C:\Users\eligi\.jdks\corretto-19.0.2\bin\server\jvm.dll
0x00007ff907230000 - 0x00007ff9072de000 	C:\WINDOWS\System32\ADVAPI32.dll
0x00007ff908900000 - 0x00007ff9089a4000 	C:\WINDOWS\System32\sechost.dll
0x00007ff907c80000 - 0x00007ff907d97000 	C:\WINDOWS\System32\RPCRT4.dll
0x00007ff8e7870000 - 0x00007ff8e7879000 	C:\WINDOWS\SYSTEM32\WSOCK32.dll
0x00007ff8ffee0000 - 0x00007ff8ffeea000 	C:\WINDOWS\SYSTEM32\VERSION.dll
0x00007ff8fca60000 - 0x00007ff8fca94000 	C:\WINDOWS\SYSTEM32\WINMM.dll
0x00007ff9071b0000 - 0x00007ff907221000 	C:\WINDOWS\System32\WS2_32.dll
0x00007ff904e90000 - 0x00007ff904ea8000 	C:\WINDOWS\SYSTEM32\kernel.appcore.dll
0x00007ff8f3f80000 - 0x00007ff8f3f8a000 	C:\Users\eligi\.jdks\corretto-19.0.2\bin\jimage.dll
0x00007ff9038f0000 - 0x00007ff903b1e000 	C:\WINDOWS\SYSTEM32\DBGHELP.DLL
0x00007ff907640000 - 0x00007ff9079c9000 	C:\WINDOWS\System32\combase.dll
0x00007ff907b70000 - 0x00007ff907c47000 	C:\WINDOWS\System32\OLEAUT32.dll
0x00007ff8e61c0000 - 0x00007ff8e61f2000 	C:\WINDOWS\SYSTEM32\dbgcore.DLL
0x00007ff906710000 - 0x00007ff90678a000 	C:\WINDOWS\System32\bcryptPrimitives.dll
0x00007ff8ecfa0000 - 0x00007ff8ecfdb000 	C:\Users\eligi\.jdks\corretto-19.0.2\bin\jdwp.dll
0x00007ff8f3460000 - 0x00007ff8f3486000 	C:\Users\eligi\.jdks\corretto-19.0.2\bin\java.dll
0x00007ff8b0e80000 - 0x00007ff8b0f56000 	C:\Users\eligi\.jdks\corretto-19.0.2\bin\jsvml.dll
0x00007ff907da0000 - 0x00007ff908599000 	C:\WINDOWS\System32\SHELL32.dll
0x00007ff903e40000 - 0x00007ff90470e000 	C:\WINDOWS\SYSTEM32\windows.storage.dll
0x00007ff903d00000 - 0x00007ff903e3e000 	C:\WINDOWS\SYSTEM32\wintypes.dll
0x00007ff9085a0000 - 0x00007ff908691000 	C:\WINDOWS\System32\SHCORE.dll
0x00007ff9075e0000 - 0x00007ff90763e000 	C:\WINDOWS\System32\shlwapi.dll
0x00007ff905d80000 - 0x00007ff905da6000 	C:\WINDOWS\SYSTEM32\profapi.dll
0x00007ff8ee480000 - 0x00007ff8ee48c000 	C:\Users\eligi\.jdks\corretto-19.0.2\bin\dt_socket.dll
0x00007ff9049b0000 - 0x00007ff9049dd000 	C:\WINDOWS\SYSTEM32\IPHLPAPI.DLL
0x00007ff905310000 - 0x00007ff905379000 	C:\WINDOWS\system32\mswsock.dll
0x00007ff8f38f0000 - 0x00007ff8f3903000 	C:\Users\eligi\.jdks\corretto-19.0.2\bin\net.dll
0x00007ff8ffd80000 - 0x00007ff8ffeb7000 	C:\WINDOWS\SYSTEM32\WINHTTP.dll
0x00007ff8f37b0000 - 0x00007ff8f37c5000 	C:\Users\eligi\.jdks\corretto-19.0.2\bin\nio.dll
0x00007ff8f09a0000 - 0x00007ff8f09b8000 	C:\Users\eligi\.jdks\corretto-19.0.2\bin\zip.dll
0x00007ff8cbb00000 - 0x00007ff8cbb7a000 	C:\Users\eligi\AppData\Local\Temp\lwjgl_eligi\3.3.2+13\x64\lwjgl.dll
0x00007ff8b06e0000 - 0x00007ff8b0762000 	C:\Users\eligi\AppData\Local\Temp\lwjgl_eligi\3.3.2+13\x64\glfw.dll
0x00007ff886370000 - 0x00007ff8863b6000 	C:\WINDOWS\SYSTEM32\dinput8.dll
0x00007ff8f41e0000 - 0x00007ff8f41f1000 	C:\WINDOWS\SYSTEM32\xinput1_4.dll
0x00007ff905af0000 - 0x00007ff905b3e000 	C:\WINDOWS\SYSTEM32\cfgmgr32.dll
0x00007ff905ac0000 - 0x00007ff905aec000 	C:\WINDOWS\SYSTEM32\DEVOBJ.dll
0x00007ff9033c0000 - 0x00007ff9033eb000 	C:\WINDOWS\SYSTEM32\dwmapi.dll
0x00007ff8e0e20000 - 0x00007ff8e1021000 	C:\WINDOWS\SYSTEM32\inputhost.dll
0x00007ff9029b0000 - 0x00007ff902ae3000 	C:\WINDOWS\SYSTEM32\CoreMessaging.dll
0x00007ff902fb0000 - 0x00007ff90305b000 	C:\WINDOWS\system32\uxtheme.dll
0x00007ff905590000 - 0x00007ff90559c000 	C:\WINDOWS\SYSTEM32\CRYPTBASE.DLL
0x00007ff9086a0000 - 0x00007ff9087c7000 	C:\WINDOWS\System32\MSCTF.dll
0x00007ff88bd60000 - 0x00007ff88be60000 	C:\WINDOWS\SYSTEM32\opengl32.dll
0x00007ff890300000 - 0x00007ff89032d000 	C:\WINDOWS\SYSTEM32\GLU32.dll
0x00007ff903090000 - 0x00007ff9030c8000 	C:\WINDOWS\SYSTEM32\dxcore.dll
0x00007ff906870000 - 0x00007ff906920000 	C:\WINDOWS\System32\clbcatq.dll
0x00007ff8ec520000 - 0x00007ff8ec54d000 	C:\WINDOWS\System32\DriverStore\FileRepository\u0393367.inf_amd64_6fba1387e8658583\B393268\atig6pxx.dll
0x00007ff818cb0000 - 0x00007ff81d2a4000 	C:\WINDOWS\System32\DriverStore\FileRepository\u0393367.inf_amd64_6fba1387e8658583\B393268\atio6axx.dll
0x00007ff906c10000 - 0x00007ff907084000 	C:\WINDOWS\System32\SETUPAPI.dll
0x00007ff8f5260000 - 0x00007ff8f5295000 	C:\WINDOWS\SYSTEM32\amdihk64.dll
0x00007ff906550000 - 0x00007ff9065bb000 	C:\WINDOWS\System32\WINTRUST.dll
0x00007ff906200000 - 0x00007ff906367000 	C:\WINDOWS\System32\CRYPT32.dll
0x00007ff905aa0000 - 0x00007ff905ab2000 	C:\WINDOWS\SYSTEM32\MSASN1.dll
0x00007ff905780000 - 0x00007ff9057a8000 	C:\WINDOWS\SYSTEM32\BCrypt.dll
0x00007ff8ea830000 - 0x00007ff8ea95d000 	C:\WINDOWS\SYSTEM32\textinputframework.dll
0x00007ff8fe9f0000 - 0x00007ff8fed5c000 	C:\WINDOWS\SYSTEM32\CoreUIComponents.dll
0x00007ff8eb100000 - 0x00007ff8eb15e000 	C:\Users\eligi\AppData\Local\Temp\lwjgl_eligi\3.3.2+13\x64\lwjgl_opengl.dll
0x00007ff8ef430000 - 0x00007ff8ef440000 	C:\Users\eligi\.jdks\corretto-19.0.2\bin\verify.dll

dbghelp: loaded successfully - version: 4.0.5 - missing functions: none
symbol engine: initialized successfully - sym options: 0x614 - pdb path: .;C:\Users\eligi\.jdks\corretto-19.0.2\bin;C:\WINDOWS\SYSTEM32;C:\Program Files\Avast Software\Avast;C:\WINDOWS\WinSxS\amd64_microsoft.windows.common-controls_6595b64144ccf1df_6.0.22621.1635_none_270f70857386168e;C:\Users\eligi\.jdks\corretto-19.0.2\bin\server;C:\Users\eligi\AppData\Local\Temp\lwjgl_eligi\3.3.2+13\x64;C:\WINDOWS\System32\DriverStore\FileRepository\u0393367.inf_amd64_6fba1387e8658583\B393268

VM Arguments:
jvm_args: -agentlib:jdwp=transport=dt_socket,server=n,suspend=y,address=127.0.0.1:63537 -Dfile.encoding=windows-1252 -Duser.country=US -Duser.language=en -Duser.variant -ea 
java_command: Main
java_class_path (initial): C:\Users\eligi\Documents\Java\dev\Mario2\build\classes\java\main;C:\Users\eligi\Documents\Java\dev\Mario2\build\classes\groovy\main;C:\Users\eligi\Documents\Java\dev\Mario2\build\resources\main;C:\Users\eligi\.gradle\caches\modules-2\files-2.1\org.codehaus.groovy\groovy-all\2.4.15\423a17aeb2f64bc6f76e8e44265a548bec80fd42\groovy-all-2.4.15.jar;C:\Users\eligi\.gradle\caches\modules-2\files-2.1\org.lwjgl\lwjgl-assimp\3.3.2\e5238c13abef6b0fd6e1b4320d3c8cd0c10bfe61\lwjgl-assimp-3.3.2.jar;C:\Users\eligi\.gradle\caches\modules-2\files-2.1\org.lwjgl\lwjgl-assimp\3.3.2\54edbc8767bde24b73187c229dbd552228230c8a\lwjgl-assimp-3.3.2-natives-windows.jar;C:\Users\eligi\.gradle\caches\modules-2\files-2.1\org.lwjgl\lwjgl-glfw\3.3.2\757920418805fb90bfebb3d46b1d9e7669fca2eb\lwjgl-glfw-3.3.2.jar;C:\Users\eligi\.gradle\caches\modules-2\files-2.1\org.lwjgl\lwjgl-glfw\3.3.2\1251e3cb7e5d6159334cfb9244f789ce992f03b\lwjgl-glfw-3.3.2-natives-windows.jar;C:\Users\eligi\.gradle\caches\modules-2\files-2.1\org.lwjgl\lwjgl-nfd\3.3.2\ec66452fad5bf48707cbe96c573c6cc3dd8a7a82\lwjgl-nfd-3.3.2.jar;C:\Users\eligi\.gradle\caches\modules-2\files-2.1\org.lwjgl\lwjgl-nfd\3.3.2\12c0041066a97f0c74d0f72db1423ac9ea124275\lwjgl-nfd-3.3.2-natives-windows.jar;C:\Users\eligi\.gradle\caches\modules-2\files-2.1\org.lwjgl\lwjgl-openal\3.3.2\ae5357ed6d934546d3533993ea84c0cfb75eed95\lwjgl-openal-3.3.2.jar;C:\Users\eligi\.gradle\caches\modules-2\files-2.1\org.lwjgl\lwjgl-openal\3.3.2\e74f299a602192faaf14b917632e4cbbb493c940\lwjgl-openal-3.3.2-natives-windows.jar;C:\Users\eligi\.gradle\caches\modules-2\files-2.1\org.lwjgl\lwjgl-opengl\3.3.2\ee8e95be0b438602038bc1f02dc5e3d011b1b216\lwjgl-opengl-3.3.2.jar;C:\Users\eligi\.gradle\caches\modules-2\files-2.1\org.lwjgl\lwjgl-opengl\3.3.2\83cd34469d4e0bc335bf74c7f62206530a9480bf\lwjgl-opengl-3.3.2-natives-windows.jar;C:\Users\eligi\.gradle\caches\modules-2\files-2.1\org.lwjgl\lwjgl-stb\3.3.2\a2550795014d622b686e9caac50b14baa87d2c70\lwjgl-stb-3.3.2.jar;C:\Users\eligi\.gradle\caches\modules-2\files-2.1\org.lwjgl\lwjgl-stb\3.3.2\1c4f4b8353bdb78c5264ab921436f03fc9aa1ba5\lwjgl-stb-3.3.2-natives-windows.jar;C:\Users\eligi\.gradle\caches\modules-2\files-2.1\org.lwjgl\lwjgl\3.3.2\4421d94af68e35dcaa31737a6fc59136a1e61b94\lwjgl-3.3.2.jar;C:\Users\eligi\.gradle\caches\modules-2\files-2.1\org.lwjgl\lwjgl\3.3.2\a55169ced70ffcd15f2162daf4a9c968578f6cd5\lwjgl-3.3.2-natives-windows.jar;C:\Users\eligi\.gradle\caches\modules-2\files-2.1\org.joml\joml\1.10.5\22566d58af70ad3d72308bab63b8339906deb649\joml-1.10.5.jar
Launcher Type: SUN_STANDARD

[Global flags]
     intx CICompilerCount                          = 4                                         {product} {ergonomic}
     uint ConcGCThreads                            = 2                                         {product} {ergonomic}
     uint G1ConcRefinementThreads                  = 8                                         {product} {ergonomic}
   size_t G1HeapRegionSize                         = 4194304                                   {product} {ergonomic}
    uintx GCDrainStackTargetSize                   = 64                                        {product} {ergonomic}
   size_t InitialHeapSize                          = 536870912                                 {product} {ergonomic}
   size_t MarkStackSize                            = 4194304                                   {product} {ergonomic}
   size_t MaxHeapSize                              = 8577351680                                {product} {ergonomic}
   size_t MaxNewSize                               = 5146411008                                {product} {ergonomic}
   size_t MinHeapDeltaBytes                        = 4194304                                   {product} {ergonomic}
   size_t MinHeapSize                              = 8388608                                   {product} {ergonomic}
    uintx NonNMethodCodeHeapSize                   = 5839372                                {pd product} {ergonomic}
    uintx NonProfiledCodeHeapSize                  = 122909434                              {pd product} {ergonomic}
    uintx ProfiledCodeHeapSize                     = 122909434                              {pd product} {ergonomic}
    uintx ReservedCodeCacheSize                    = 251658240                              {pd product} {ergonomic}
     bool SegmentedCodeCache                       = true                                      {product} {ergonomic}
   size_t SoftMaxHeapSize                          = 8577351680                             {manageable} {ergonomic}
     bool UseCompressedClassPointers               = true                           {product lp64_product} {ergonomic}
     bool UseCompressedOops                        = true                           {product lp64_product} {ergonomic}
     bool UseG1GC                                  = true                                      {product} {ergonomic}
     bool UseLargePagesIndividualAllocation        = false                                  {pd product} {ergonomic}

Logging:
Log output configuration:
 #0: stdout all=warning uptime,level,tags foldmultilines=false
 #1: stderr all=off uptime,level,tags foldmultilines=false

Environment Variables:
PATH=C:\Program Files (x86)\NVIDIA Corporation\PhysX\Common;C:\Program Files\Oculus\Support\oculus-runtime;C:\Program Files (x86)\Common Files\Oracle\Java\javapath;C:\WINDOWS\system32;C:\WINDOWS;C:\WINDOWS\System32\Wbem;C:\WINDOWS\System32\WindowsPowerShell\v1.0\;C:\WINDOWS\System32\OpenSSH\;C:\Program Files\dotnet\;C:\Program Files\Microsoft SQL Server\150\Tools\Binn\;C:\Program Files\Microsoft SQL Server\Client SDK\ODBC\170\Tools\Binn\;C:\Users\eligi\AppData\Local\Programs\Python\Python311\Scripts\;C:\Users\eligi\AppData\Local\Programs\Python\Python311\;C:\Users\eligi\AppData\Local\Microsoft\WindowsApps;;C:\Program Files\JetBrains\PyCharm Community Edition 2022.3.2\bin;;C:\Users\eligi\.dotnet\tools;C:\Program Files\JetBrains\IntelliJ IDEA Community Edition 2023.1.4\bin;;C:\Program Files\JetBrains\IntelliJ IDEA 2023.1.4\bin;
USERNAME=eligi
OS=Windows_NT
PROCESSOR_IDENTIFIER=Intel64 Family 6 Model 158 Stepping 13, GenuineIntel
TMP=C:\Users\eligi\AppData\Local\Temp
TEMP=C:\Users\eligi\AppData\Local\Temp



---------------  S Y S T E M  ---------------

OS:
 Windows 11 , 64 bit Build 22621 (10.0.22621.1928)
OS uptime: 11 days 15:10 hours

CPU: total 8 (initial active 8) (8 cores per cpu, 1 threads per core) family 6 model 158 stepping 13 microcode 0xde, cx8, cmov, fxsr, mmx, 3dnowpref, sse, sse2, sse3, ssse3, sse4.1, sse4.2, popcnt, lzcnt, tsc, tscinvbit, avx, avx2, aes, erms, clmul, bmi1, bmi2, adx, fma, vzeroupper, clflush, clflushopt, rdtscp

Memory: 4k page, system-wide physical 32715M (18974M free)
TotalPageFile size 49099M (AvailPageFile size 25875M)
current process WorkingSet (physical memory assigned to process): 136M, peak: 139M
current process commit charge ("private bytes"): 716M, peak: 720M

vm_info: OpenJDK 64-Bit Server VM (19.0.2+7-FR) for windows-amd64 JRE (19.0.2+7-FR), built on Jan 13 2023 22:53:32 by "Administrator" with MS VC++ 15.9 (VS2017)

END.
