#
# A fatal error has been detected by the Java Runtime Environment:
#
#  EXCEPTION_ACCESS_VIOLATION (0xc0000005) at pc=0x00007ff81afba96b, pid=25236, tid=5904
#
# JRE version: OpenJDK Runtime Environment Corretto-19.0.2.7.1 (19.0.2+7) (build 19.0.2+7-FR)
# Java VM: OpenJDK 64-Bit Server VM Corretto-19.0.2.7.1 (19.0.2+7-FR, mixed mode, sharing, tiered, compressed oops, compressed class ptrs, g1 gc, windows-amd64)
# Problematic frame:
# C  [atio6axx.dll+0x229a96b]
#
# No core dump will be written. Minidumps are not enabled by default on client versions of Windows
#
# If you would like to submit a bug report, please visit:
#   https://github.com/corretto/corretto-19/issues/
# The crash happened outside the Java Virtual Machine in native code.
# See problematic frame for where to report the bug.
#

---------------  S U M M A R Y ------------

Command Line: -agentlib:jdwp=transport=dt_socket,server=n,suspend=y,address=127.0.0.1:49716 -Dfile.encoding=windows-1252 -Duser.country=US -Duser.language=en -Duser.variant -ea Main

Host: Intel(R) Core(TM) i7-9700 CPU @ 3.00GHz, 8 cores, 31G,  Windows 11 , 64 bit Build 22621 (10.0.22621.1928)
Time: Fri Jul 28 14:06:45 2023 Mountain Daylight Time elapsed time: 0.783431 seconds (0d 0h 0m 0s)

---------------  T H R E A D  ---------------

Current thread (0x0000015b4b17d9f0):  JavaThread "main" [_thread_in_native, id=5904, stack(0x0000001fc7c00000,0x0000001fc7d00000)]

Stack: [0x0000001fc7c00000,0x0000001fc7d00000],  sp=0x0000001fc7cfee08,  free space=1019k
Native frames: (J=compiled Java code, j=interpreted, Vv=VM code, C=native code)
C  [atio6axx.dll+0x229a96b]

Java frames: (J=compiled Java code, j=interpreted, Vv=VM code)
j  org.lwjgl.opengl.GL11C.nglDrawElements(IIIJ)V+0
j  org.lwjgl.opengl.GL11C.glDrawElements(IIIJ)V+4
j  org.lwjgl.opengl.GL11.glDrawElements(IIIJ)V+4
j  render.RenderBatch.render()V+89
j  render.Render.render()V+30
j  jade.LevelEditorScene.update(F)V+41
j  jade.Window.loop()V+55
j  jade.Window.run()V+19
j  Main.main([Ljava/lang/String;)V+5
v  ~StubRoutines::call_stub 0x0000015b5ca2100e

siginfo: EXCEPTION_ACCESS_VIOLATION (0xc0000005), reading address 0x0000000000000000


Registers:
RAX=0x0000015b0b00a2a0, RBX=0x0000000000005dc0, RCX=0x0000000000005dc0, RDX=0x0000000000000000
RSP=0x0000001fc7cfee08, RBP=0x0000015b0969f080, RSI=0x0000000000000000, RDI=0x0000015b0b00a2a0
R8 =0x0000000000005dc0, R9 =0x0000000000005dc0, R10=0x00007ff818d20000, R11=0x00007ff81afbb4ff
R12=0x0000000000005dc0, R13=0x0000015b0b00a2a0, R14=0x0000000000000000, R15=0x0000000000000000
RIP=0x00007ff81afba96b, EFLAGS=0x0000000000010202


Register to memory mapping:

RIP=0x00007ff81afba96b atio6axx.dll
RAX=0x0000015b0b00a2a0 points into unknown readable memory: 0x0000000000000000 | 00 00 00 00 00 00 00 00
RBX=0x0000000000005dc0 is an unknown value
RCX=0x0000000000005dc0 is an unknown value
RDX=0x0 is NULL
RSP=0x0000001fc7cfee08 is pointing into the stack for thread: 0x0000015b4b17d9f0
RBP=0x0000015b0969f080 points into unknown readable memory: 0x00007ff81c7ef000 | 00 f0 7e 1c f8 7f 00 00
RSI=0x0 is NULL
RDI=0x0000015b0b00a2a0 points into unknown readable memory: 0x0000000000000000 | 00 00 00 00 00 00 00 00
R8 =0x0000000000005dc0 is an unknown value
R9 =0x0000000000005dc0 is an unknown value
R10=0x00007ff818d20000 atio6axx.dll
R11=0x00007ff81afbb4ff atio6axx.dll
R12=0x0000000000005dc0 is an unknown value
R13=0x0000015b0b00a2a0 points into unknown readable memory: 0x0000000000000000 | 00 00 00 00 00 00 00 00
R14=0x0 is NULL
R15=0x0 is NULL


Top of Stack: (sp=0x0000001fc7cfee08)
0x0000001fc7cfee08:   0000015b097e21c0 0000015b09adffe0
0x0000001fc7cfee18:   00007ff81932a8ff 0000000000005dc0
0x0000001fc7cfee28:   0000015b0969f080 0000000000000000
0x0000001fc7cfee38:   0000000000000000 0000015b0b00a2a0
0x0000001fc7cfee48:   0000015b09adffe0 0000000000000028
0x0000001fc7cfee58:   00007ff81a5e652e 0000000000000007
0x0000001fc7cfee68:   0000000000000004 0000015b7ed28088
0x0000001fc7cfee78:   0000000000000000 0000000000001405
0x0000001fc7cfee88:   0000015b7aa84ca8 0000000000000000
0x0000001fc7cfee98:   0000000000001770 0000015b0969f080
0x0000001fc7cfeea8:   00007ff81940a555 0000015b0969f080
0x0000001fc7cfeeb8:   0000015b00000004 0000000000001770
0x0000001fc7cfeec8:   0000015b00001405 0000000000000000
0x0000001fc7cfeed8:   00007ff800000001 0000000000000000
0x0000001fc7cfeee8:   0000003800000003 0000015b0969f080
0x0000001fc7cfeef8:   0000001fc7cff000 0000015b7ed28088 

Instructions: (pc=0x00007ff81afba96b)
0x00007ff81afba86b:   25 66 45 39 08 74 1c b8 02 00 00 00 4c 03 c0 eb
0x00007ff81afba87b:   b7 0f bc c8 4c 03 c1 66 41 39 10 4d 0f 44 c8 49
0x00007ff81afba88b:   8b c1 c3 33 c0 c3 49 8b c0 c3 cc cc cc 4c 8b c1
0x00007ff81afba89b:   44 0f b7 ca 33 c9 83 3d b8 d7 e7 01 02 7d 2b 49
0x00007ff81afba8ab:   8b d0 41 0f b7 00 49 83 c0 02 66 85 c0 75 f3 49
0x00007ff81afba8bb:   83 e8 02 4c 3b c2 74 06 66 45 39 08 75 f1 66 45
0x00007ff81afba8cb:   39 08 49 0f 44 c8 48 8b c1 c3 48 8b d1 eb 12 66
0x00007ff81afba8db:   45 39 08 49 0f 44 d0 66 41 39 08 74 57 49 83 c0
0x00007ff81afba8eb:   02 41 8d 40 01 a8 0e 75 e6 66 41 3b c9 75 24 b8
0x00007ff81afba8fb:   01 00 ff ff 66 0f 6e c8 eb 04 49 83 c0 10 f3 41
0x00007ff81afba90b:   0f 6f 00 66 0f 3a 63 c8 15 75 ef 48 63 c1 49 8d
0x00007ff81afba91b:   04 40 c3 66 41 0f 6e c9 f3 41 0f 6f 00 66 0f 3a
0x00007ff81afba92b:   63 c8 41 73 07 48 63 c1 49 8d 14 40 74 06 49 83
0x00007ff81afba93b:   c0 10 eb e4 48 8b c2 c3 cc cc cc cc cc cc cc cc
0x00007ff81afba94b:   cc cc cc cc cc cc cc cc cc cc cc 66 66 0f 1f 84
0x00007ff81afba95b:   00 00 00 00 00 57 56 48 8b f9 48 8b f2 49 8b c8
0x00007ff81afba96b:   f3 a4 5e 5f c3 cc cc cc cc cc cc 66 66 0f 1f 84
0x00007ff81afba97b:   00 00 00 00 00 48 8b c1 4c 8d 15 76 56 d6 fd 49
0x00007ff81afba98b:   83 f8 0f 0f 87 0c 01 00 00 66 66 66 66 0f 1f 84
0x00007ff81afba99b:   00 00 00 00 00 47 8b 8c 82 00 70 4e 04 4d 03 ca
0x00007ff81afba9ab:   41 ff e1 c3 90 4c 8b 02 8b 4a 08 44 0f b7 4a 0c
0x00007ff81afba9bb:   44 0f b6 52 0e 4c 89 00 89 48 08 66 44 89 48 0c
0x00007ff81afba9cb:   44 88 50 0e c3 4c 8b 02 0f b7 4a 08 44 0f b6 4a
0x00007ff81afba9db:   0a 4c 89 00 66 89 48 08 44 88 48 0a c3 0f b7 0a
0x00007ff81afba9eb:   66 89 08 c3 90 8b 0a 44 0f b7 42 04 44 0f b6 4a
0x00007ff81afba9fb:   06 89 08 66 44 89 40 04 44 88 48 06 c3 4c 8b 02
0x00007ff81afbaa0b:   8b 4a 08 44 0f b7 4a 0c 4c 89 00 89 48 08 66 44
0x00007ff81afbaa1b:   89 48 0c c3 0f b7 0a 44 0f b6 42 02 66 89 08 44
0x00007ff81afbaa2b:   88 40 02 c3 90 4c 8b 02 8b 4a 08 44 0f b6 4a 0c
0x00007ff81afbaa3b:   4c 89 00 89 48 08 44 88 48 0c c3 4c 8b 02 0f b7
0x00007ff81afbaa4b:   4a 08 4c 89 00 66 89 48 08 c3 4c 8b 02 0f b6 4a
0x00007ff81afbaa5b:   08 4c 89 00 88 48 08 c3 4c 8b 02 8b 4a 08 4c 89 


Stack slot to memory mapping:
stack at sp + 0 slots: 0x0000015b097e21c0 points into unknown readable memory: 0x0000015b09ad7040 | 40 70 ad 09 5b 01 00 00
stack at sp + 1 slots: 0x0000015b09adffe0 points into unknown readable memory: 0x0000000000000000 | 00 00 00 00 00 00 00 00
stack at sp + 2 slots: 0x00007ff81932a8ff atio6axx.dll
stack at sp + 3 slots: 0x0000000000005dc0 is an unknown value
stack at sp + 4 slots: 0x0000015b0969f080 points into unknown readable memory: 0x00007ff81c7ef000 | 00 f0 7e 1c f8 7f 00 00
stack at sp + 5 slots: 0x0 is NULL
stack at sp + 6 slots: 0x0 is NULL
stack at sp + 7 slots: 0x0000015b0b00a2a0 points into unknown readable memory: 0x0000000000000000 | 00 00 00 00 00 00 00 00


---------------  P R O C E S S  ---------------

Threads class SMR info:
_java_thread_list=0x0000015b7e816ca0, length=17, elements={
0x0000015b4b17d9f0, 0x0000015b779b5a50, 0x0000015b779b67f0, 0x0000015b779ba4e0,
0x0000015b7e401590, 0x0000015b7e422c10, 0x0000015b7e4226c0, 0x0000015b7e42b310,
0x0000015b7e42de30, 0x0000015b7e424bf0, 0x0000015b7e5829a0, 0x0000015b7e56e8c0,
0x0000015b7e588f20, 0x0000015b7e4236b0, 0x0000015b7e425140, 0x0000015b09f88aa0,
0x0000015b09f636f0
}

Java Threads: ( => current thread )
=>0x0000015b4b17d9f0 JavaThread "main" [_thread_in_native, id=5904, stack(0x0000001fc7c00000,0x0000001fc7d00000)]
  0x0000015b779b5a50 JavaThread "Reference Handler" daemon [_thread_blocked, id=2492, stack(0x0000001fc8300000,0x0000001fc8400000)]
  0x0000015b779b67f0 JavaThread "Finalizer" daemon [_thread_blocked, id=26308, stack(0x0000001fc8400000,0x0000001fc8500000)]
  0x0000015b779ba4e0 JavaThread "Signal Dispatcher" daemon [_thread_blocked, id=26388, stack(0x0000001fc8500000,0x0000001fc8600000)]
  0x0000015b7e401590 JavaThread "Attach Listener" daemon [_thread_blocked, id=2948, stack(0x0000001fc8600000,0x0000001fc8700000)]
  0x0000015b7e422c10 JavaThread "Service Thread" daemon [_thread_blocked, id=11952, stack(0x0000001fc8700000,0x0000001fc8800000)]
  0x0000015b7e4226c0 JavaThread "Monitor Deflation Thread" daemon [_thread_blocked, id=19780, stack(0x0000001fc8800000,0x0000001fc8900000)]
  0x0000015b7e42b310 JavaThread "C2 CompilerThread0" daemon [_thread_blocked, id=9348, stack(0x0000001fc8900000,0x0000001fc8a00000)]
  0x0000015b7e42de30 JavaThread "C1 CompilerThread0" daemon [_thread_blocked, id=9584, stack(0x0000001fc8a00000,0x0000001fc8b00000)]
  0x0000015b7e424bf0 JavaThread "Sweeper thread" daemon [_thread_blocked, id=18332, stack(0x0000001fc8b00000,0x0000001fc8c00000)]
  0x0000015b7e5829a0 JavaThread "JDWP Transport Listener: dt_socket" daemon [_thread_blocked, id=16300, stack(0x0000001fc8c00000,0x0000001fc8d00000)]
  0x0000015b7e56e8c0 JavaThread "JDWP Event Helper Thread" daemon [_thread_blocked, id=5116, stack(0x0000001fc8d00000,0x0000001fc8e00000)]
  0x0000015b7e588f20 JavaThread "JDWP Command Reader" daemon [_thread_in_native, id=6436, stack(0x0000001fc8e00000,0x0000001fc8f00000)]
  0x0000015b7e4236b0 JavaThread "Notification Thread" daemon [_thread_blocked, id=10968, stack(0x0000001fc8f00000,0x0000001fc9000000)]
  0x0000015b7e425140 JavaThread "Common-Cleaner" daemon [_thread_blocked, id=6356, stack(0x0000001fc9100000,0x0000001fc9200000)]
  0x0000015b09f88aa0 JavaThread "C2 CompilerThread1" daemon [_thread_blocked, id=22928, stack(0x0000001fc9800000,0x0000001fc9900000)]
  0x0000015b09f636f0 JavaThread "C2 CompilerThread2" daemon [_thread_blocked, id=23664, stack(0x0000001fc9900000,0x0000001fc9a00000)]

Other Threads:
  0x0000015b7799fd90 VMThread "VM Thread" [stack: 0x0000001fc8200000,0x0000001fc8300000] [id=8876]
  0x0000015b7e598cb0 WatcherThread "VM Periodic Task Thread" [stack: 0x0000001fc9000000,0x0000001fc9100000] [id=10056]
  0x0000015b4d3c0300 WorkerThread "GC Thread#0" [stack: 0x0000001fc7d00000,0x0000001fc7e00000] [id=21684]
  0x0000015b777c4070 ConcurrentGCThread "G1 Main Marker" [stack: 0x0000001fc7e00000,0x0000001fc7f00000] [id=18888]
  0x0000015b777c4b40 WorkerThread "G1 Conc#0" [stack: 0x0000001fc7f00000,0x0000001fc8000000] [id=15960]
  0x0000015b77857800 ConcurrentGCThread "G1 Refine#0" [stack: 0x0000001fc8000000,0x0000001fc8100000] [id=15848]
  0x0000015b778591f0 ConcurrentGCThread "G1 Service" [stack: 0x0000001fc8100000,0x0000001fc8200000] [id=1404]

Threads with active compile tasks:

VM state: not at safepoint (normal execution)

VM Mutex/Monitor currently owned by a thread: None

Heap address: 0x0000000600c00000, size: 8180 MB, Compressed Oops mode: Zero based, Oop shift amount: 3

CDS archive(s) mapped at: [0x0000000800000000-0x0000000800c40000-0x0000000800c40000), size 12845056, SharedBaseAddress: 0x0000000800000000, ArchiveRelocationMode: 0.
Compressed class space mapped at: 0x0000000801000000-0x0000000841000000, reserved size: 1073741824
Narrow klass base: 0x0000000800000000, Narrow klass shift: 0, Narrow klass range: 0x100000000

GC Precious Log:
 CardTable entry size: 512
 Card Set container configuration: InlinePtr #cards 4 size 8 Array Of Cards #cards 32 size 80 Howl #buckets 8 coarsen threshold 7372 Howl Bitmap #cards 1024 size 144 coarsen threshold 921 Card regions per heap region 1 cards per card region 8192
 CPUs: 8 total, 8 available
 Memory: 32715M
 Large Page Support: Disabled
 NUMA Support: Disabled
 Compressed Oops: Enabled (Zero based)
 Heap Region Size: 4M
 Heap Min Capacity: 8M
 Heap Initial Capacity: 512M
 Heap Max Capacity: 8180M
 Pre-touch: Disabled
 Parallel Workers: 8
 Concurrent Workers: 2
 Concurrent Refinement Workers: 8
 Periodic GC: Disabled

Heap:
 garbage-first heap   total 524288K, used 16384K [0x0000000600c00000, 0x0000000800000000)
  region size 4096K, 5 young (20480K), 0 survivors (0K)
 Metaspace       used 6432K, committed 6656K, reserved 1114112K
  class space    used 319K, committed 448K, reserved 1048576K

Heap Regions: E=young(eden), S=young(survivor), O=old, HS=humongous(starts), HC=humongous(continues), CS=collection set, F=free, OA=open archive, CA=closed archive, TAMS=top-at-mark-start (previous, next)
|   0|0x0000000600c00000, 0x0000000600c00000, 0x0000000601000000|  0%| F|  |TAMS 0x0000000600c00000, 0x0000000600c00000| Untracked 
|   1|0x0000000601000000, 0x0000000601000000, 0x0000000601400000|  0%| F|  |TAMS 0x0000000601000000, 0x0000000601000000| Untracked 
|   2|0x0000000601400000, 0x0000000601400000, 0x0000000601800000|  0%| F|  |TAMS 0x0000000601400000, 0x0000000601400000| Untracked 
|   3|0x0000000601800000, 0x0000000601800000, 0x0000000601c00000|  0%| F|  |TAMS 0x0000000601800000, 0x0000000601800000| Untracked 
|   4|0x0000000601c00000, 0x0000000601c00000, 0x0000000602000000|  0%| F|  |TAMS 0x0000000601c00000, 0x0000000601c00000| Untracked 
|   5|0x0000000602000000, 0x0000000602000000, 0x0000000602400000|  0%| F|  |TAMS 0x0000000602000000, 0x0000000602000000| Untracked 
|   6|0x0000000602400000, 0x0000000602400000, 0x0000000602800000|  0%| F|  |TAMS 0x0000000602400000, 0x0000000602400000| Untracked 
|   7|0x0000000602800000, 0x0000000602800000, 0x0000000602c00000|  0%| F|  |TAMS 0x0000000602800000, 0x0000000602800000| Untracked 
|   8|0x0000000602c00000, 0x0000000602c00000, 0x0000000603000000|  0%| F|  |TAMS 0x0000000602c00000, 0x0000000602c00000| Untracked 
|   9|0x0000000603000000, 0x0000000603000000, 0x0000000603400000|  0%| F|  |TAMS 0x0000000603000000, 0x0000000603000000| Untracked 
|  10|0x0000000603400000, 0x0000000603400000, 0x0000000603800000|  0%| F|  |TAMS 0x0000000603400000, 0x0000000603400000| Untracked 
|  11|0x0000000603800000, 0x0000000603800000, 0x0000000603c00000|  0%| F|  |TAMS 0x0000000603800000, 0x0000000603800000| Untracked 
|  12|0x0000000603c00000, 0x0000000603c00000, 0x0000000604000000|  0%| F|  |TAMS 0x0000000603c00000, 0x0000000603c00000| Untracked 
|  13|0x0000000604000000, 0x0000000604000000, 0x0000000604400000|  0%| F|  |TAMS 0x0000000604000000, 0x0000000604000000| Untracked 
|  14|0x0000000604400000, 0x0000000604400000, 0x0000000604800000|  0%| F|  |TAMS 0x0000000604400000, 0x0000000604400000| Untracked 
|  15|0x0000000604800000, 0x0000000604800000, 0x0000000604c00000|  0%| F|  |TAMS 0x0000000604800000, 0x0000000604800000| Untracked 
|  16|0x0000000604c00000, 0x0000000604c00000, 0x0000000605000000|  0%| F|  |TAMS 0x0000000604c00000, 0x0000000604c00000| Untracked 
|  17|0x0000000605000000, 0x0000000605000000, 0x0000000605400000|  0%| F|  |TAMS 0x0000000605000000, 0x0000000605000000| Untracked 
|  18|0x0000000605400000, 0x0000000605400000, 0x0000000605800000|  0%| F|  |TAMS 0x0000000605400000, 0x0000000605400000| Untracked 
|  19|0x0000000605800000, 0x0000000605800000, 0x0000000605c00000|  0%| F|  |TAMS 0x0000000605800000, 0x0000000605800000| Untracked 
|  20|0x0000000605c00000, 0x0000000605c00000, 0x0000000606000000|  0%| F|  |TAMS 0x0000000605c00000, 0x0000000605c00000| Untracked 
|  21|0x0000000606000000, 0x0000000606000000, 0x0000000606400000|  0%| F|  |TAMS 0x0000000606000000, 0x0000000606000000| Untracked 
|  22|0x0000000606400000, 0x0000000606400000, 0x0000000606800000|  0%| F|  |TAMS 0x0000000606400000, 0x0000000606400000| Untracked 
|  23|0x0000000606800000, 0x0000000606800000, 0x0000000606c00000|  0%| F|  |TAMS 0x0000000606800000, 0x0000000606800000| Untracked 
|  24|0x0000000606c00000, 0x0000000606c00000, 0x0000000607000000|  0%| F|  |TAMS 0x0000000606c00000, 0x0000000606c00000| Untracked 
|  25|0x0000000607000000, 0x0000000607000000, 0x0000000607400000|  0%| F|  |TAMS 0x0000000607000000, 0x0000000607000000| Untracked 
|  26|0x0000000607400000, 0x0000000607400000, 0x0000000607800000|  0%| F|  |TAMS 0x0000000607400000, 0x0000000607400000| Untracked 
|  27|0x0000000607800000, 0x0000000607800000, 0x0000000607c00000|  0%| F|  |TAMS 0x0000000607800000, 0x0000000607800000| Untracked 
|  28|0x0000000607c00000, 0x0000000607c00000, 0x0000000608000000|  0%| F|  |TAMS 0x0000000607c00000, 0x0000000607c00000| Untracked 
|  29|0x0000000608000000, 0x0000000608000000, 0x0000000608400000|  0%| F|  |TAMS 0x0000000608000000, 0x0000000608000000| Untracked 
|  30|0x0000000608400000, 0x0000000608400000, 0x0000000608800000|  0%| F|  |TAMS 0x0000000608400000, 0x0000000608400000| Untracked 
|  31|0x0000000608800000, 0x0000000608800000, 0x0000000608c00000|  0%| F|  |TAMS 0x0000000608800000, 0x0000000608800000| Untracked 
|  32|0x0000000608c00000, 0x0000000608c00000, 0x0000000609000000|  0%| F|  |TAMS 0x0000000608c00000, 0x0000000608c00000| Untracked 
|  33|0x0000000609000000, 0x0000000609000000, 0x0000000609400000|  0%| F|  |TAMS 0x0000000609000000, 0x0000000609000000| Untracked 
|  34|0x0000000609400000, 0x0000000609400000, 0x0000000609800000|  0%| F|  |TAMS 0x0000000609400000, 0x0000000609400000| Untracked 
|  35|0x0000000609800000, 0x0000000609800000, 0x0000000609c00000|  0%| F|  |TAMS 0x0000000609800000, 0x0000000609800000| Untracked 
|  36|0x0000000609c00000, 0x0000000609c00000, 0x000000060a000000|  0%| F|  |TAMS 0x0000000609c00000, 0x0000000609c00000| Untracked 
|  37|0x000000060a000000, 0x000000060a000000, 0x000000060a400000|  0%| F|  |TAMS 0x000000060a000000, 0x000000060a000000| Untracked 
|  38|0x000000060a400000, 0x000000060a400000, 0x000000060a800000|  0%| F|  |TAMS 0x000000060a400000, 0x000000060a400000| Untracked 
|  39|0x000000060a800000, 0x000000060a800000, 0x000000060ac00000|  0%| F|  |TAMS 0x000000060a800000, 0x000000060a800000| Untracked 
|  40|0x000000060ac00000, 0x000000060ac00000, 0x000000060b000000|  0%| F|  |TAMS 0x000000060ac00000, 0x000000060ac00000| Untracked 
|  41|0x000000060b000000, 0x000000060b000000, 0x000000060b400000|  0%| F|  |TAMS 0x000000060b000000, 0x000000060b000000| Untracked 
|  42|0x000000060b400000, 0x000000060b400000, 0x000000060b800000|  0%| F|  |TAMS 0x000000060b400000, 0x000000060b400000| Untracked 
|  43|0x000000060b800000, 0x000000060b800000, 0x000000060bc00000|  0%| F|  |TAMS 0x000000060b800000, 0x000000060b800000| Untracked 
|  44|0x000000060bc00000, 0x000000060bc00000, 0x000000060c000000|  0%| F|  |TAMS 0x000000060bc00000, 0x000000060bc00000| Untracked 
|  45|0x000000060c000000, 0x000000060c000000, 0x000000060c400000|  0%| F|  |TAMS 0x000000060c000000, 0x000000060c000000| Untracked 
|  46|0x000000060c400000, 0x000000060c400000, 0x000000060c800000|  0%| F|  |TAMS 0x000000060c400000, 0x000000060c400000| Untracked 
|  47|0x000000060c800000, 0x000000060c800000, 0x000000060cc00000|  0%| F|  |TAMS 0x000000060c800000, 0x000000060c800000| Untracked 
|  48|0x000000060cc00000, 0x000000060cc00000, 0x000000060d000000|  0%| F|  |TAMS 0x000000060cc00000, 0x000000060cc00000| Untracked 
|  49|0x000000060d000000, 0x000000060d000000, 0x000000060d400000|  0%| F|  |TAMS 0x000000060d000000, 0x000000060d000000| Untracked 
|  50|0x000000060d400000, 0x000000060d400000, 0x000000060d800000|  0%| F|  |TAMS 0x000000060d400000, 0x000000060d400000| Untracked 
|  51|0x000000060d800000, 0x000000060d800000, 0x000000060dc00000|  0%| F|  |TAMS 0x000000060d800000, 0x000000060d800000| Untracked 
|  52|0x000000060dc00000, 0x000000060dc00000, 0x000000060e000000|  0%| F|  |TAMS 0x000000060dc00000, 0x000000060dc00000| Untracked 
|  53|0x000000060e000000, 0x000000060e000000, 0x000000060e400000|  0%| F|  |TAMS 0x000000060e000000, 0x000000060e000000| Untracked 
|  54|0x000000060e400000, 0x000000060e400000, 0x000000060e800000|  0%| F|  |TAMS 0x000000060e400000, 0x000000060e400000| Untracked 
|  55|0x000000060e800000, 0x000000060e800000, 0x000000060ec00000|  0%| F|  |TAMS 0x000000060e800000, 0x000000060e800000| Untracked 
|  56|0x000000060ec00000, 0x000000060ec00000, 0x000000060f000000|  0%| F|  |TAMS 0x000000060ec00000, 0x000000060ec00000| Untracked 
|  57|0x000000060f000000, 0x000000060f000000, 0x000000060f400000|  0%| F|  |TAMS 0x000000060f000000, 0x000000060f000000| Untracked 
|  58|0x000000060f400000, 0x000000060f400000, 0x000000060f800000|  0%| F|  |TAMS 0x000000060f400000, 0x000000060f400000| Untracked 
|  59|0x000000060f800000, 0x000000060f800000, 0x000000060fc00000|  0%| F|  |TAMS 0x000000060f800000, 0x000000060f800000| Untracked 
|  60|0x000000060fc00000, 0x000000060fc00000, 0x0000000610000000|  0%| F|  |TAMS 0x000000060fc00000, 0x000000060fc00000| Untracked 
|  61|0x0000000610000000, 0x0000000610000000, 0x0000000610400000|  0%| F|  |TAMS 0x0000000610000000, 0x0000000610000000| Untracked 
|  62|0x0000000610400000, 0x0000000610400000, 0x0000000610800000|  0%| F|  |TAMS 0x0000000610400000, 0x0000000610400000| Untracked 
|  63|0x0000000610800000, 0x0000000610800000, 0x0000000610c00000|  0%| F|  |TAMS 0x0000000610800000, 0x0000000610800000| Untracked 
|  64|0x0000000610c00000, 0x0000000610c00000, 0x0000000611000000|  0%| F|  |TAMS 0x0000000610c00000, 0x0000000610c00000| Untracked 
|  65|0x0000000611000000, 0x0000000611000000, 0x0000000611400000|  0%| F|  |TAMS 0x0000000611000000, 0x0000000611000000| Untracked 
|  66|0x0000000611400000, 0x0000000611400000, 0x0000000611800000|  0%| F|  |TAMS 0x0000000611400000, 0x0000000611400000| Untracked 
|  67|0x0000000611800000, 0x0000000611800000, 0x0000000611c00000|  0%| F|  |TAMS 0x0000000611800000, 0x0000000611800000| Untracked 
|  68|0x0000000611c00000, 0x0000000611c00000, 0x0000000612000000|  0%| F|  |TAMS 0x0000000611c00000, 0x0000000611c00000| Untracked 
|  69|0x0000000612000000, 0x0000000612000000, 0x0000000612400000|  0%| F|  |TAMS 0x0000000612000000, 0x0000000612000000| Untracked 
|  70|0x0000000612400000, 0x0000000612400000, 0x0000000612800000|  0%| F|  |TAMS 0x0000000612400000, 0x0000000612400000| Untracked 
|  71|0x0000000612800000, 0x0000000612800000, 0x0000000612c00000|  0%| F|  |TAMS 0x0000000612800000, 0x0000000612800000| Untracked 
|  72|0x0000000612c00000, 0x0000000612c00000, 0x0000000613000000|  0%| F|  |TAMS 0x0000000612c00000, 0x0000000612c00000| Untracked 
|  73|0x0000000613000000, 0x0000000613000000, 0x0000000613400000|  0%| F|  |TAMS 0x0000000613000000, 0x0000000613000000| Untracked 
|  74|0x0000000613400000, 0x0000000613400000, 0x0000000613800000|  0%| F|  |TAMS 0x0000000613400000, 0x0000000613400000| Untracked 
|  75|0x0000000613800000, 0x0000000613800000, 0x0000000613c00000|  0%| F|  |TAMS 0x0000000613800000, 0x0000000613800000| Untracked 
|  76|0x0000000613c00000, 0x0000000613c00000, 0x0000000614000000|  0%| F|  |TAMS 0x0000000613c00000, 0x0000000613c00000| Untracked 
|  77|0x0000000614000000, 0x0000000614000000, 0x0000000614400000|  0%| F|  |TAMS 0x0000000614000000, 0x0000000614000000| Untracked 
|  78|0x0000000614400000, 0x0000000614400000, 0x0000000614800000|  0%| F|  |TAMS 0x0000000614400000, 0x0000000614400000| Untracked 
|  79|0x0000000614800000, 0x0000000614800000, 0x0000000614c00000|  0%| F|  |TAMS 0x0000000614800000, 0x0000000614800000| Untracked 
|  80|0x0000000614c00000, 0x0000000614c00000, 0x0000000615000000|  0%| F|  |TAMS 0x0000000614c00000, 0x0000000614c00000| Untracked 
|  81|0x0000000615000000, 0x0000000615000000, 0x0000000615400000|  0%| F|  |TAMS 0x0000000615000000, 0x0000000615000000| Untracked 
|  82|0x0000000615400000, 0x0000000615400000, 0x0000000615800000|  0%| F|  |TAMS 0x0000000615400000, 0x0000000615400000| Untracked 
|  83|0x0000000615800000, 0x0000000615800000, 0x0000000615c00000|  0%| F|  |TAMS 0x0000000615800000, 0x0000000615800000| Untracked 
|  84|0x0000000615c00000, 0x0000000615c00000, 0x0000000616000000|  0%| F|  |TAMS 0x0000000615c00000, 0x0000000615c00000| Untracked 
|  85|0x0000000616000000, 0x0000000616000000, 0x0000000616400000|  0%| F|  |TAMS 0x0000000616000000, 0x0000000616000000| Untracked 
|  86|0x0000000616400000, 0x0000000616400000, 0x0000000616800000|  0%| F|  |TAMS 0x0000000616400000, 0x0000000616400000| Untracked 
|  87|0x0000000616800000, 0x0000000616800000, 0x0000000616c00000|  0%| F|  |TAMS 0x0000000616800000, 0x0000000616800000| Untracked 
|  88|0x0000000616c00000, 0x0000000616c00000, 0x0000000617000000|  0%| F|  |TAMS 0x0000000616c00000, 0x0000000616c00000| Untracked 
|  89|0x0000000617000000, 0x0000000617000000, 0x0000000617400000|  0%| F|  |TAMS 0x0000000617000000, 0x0000000617000000| Untracked 
|  90|0x0000000617400000, 0x0000000617400000, 0x0000000617800000|  0%| F|  |TAMS 0x0000000617400000, 0x0000000617400000| Untracked 
|  91|0x0000000617800000, 0x0000000617800000, 0x0000000617c00000|  0%| F|  |TAMS 0x0000000617800000, 0x0000000617800000| Untracked 
|  92|0x0000000617c00000, 0x0000000617c00000, 0x0000000618000000|  0%| F|  |TAMS 0x0000000617c00000, 0x0000000617c00000| Untracked 
|  93|0x0000000618000000, 0x0000000618000000, 0x0000000618400000|  0%| F|  |TAMS 0x0000000618000000, 0x0000000618000000| Untracked 
|  94|0x0000000618400000, 0x0000000618400000, 0x0000000618800000|  0%| F|  |TAMS 0x0000000618400000, 0x0000000618400000| Untracked 
|  95|0x0000000618800000, 0x0000000618800000, 0x0000000618c00000|  0%| F|  |TAMS 0x0000000618800000, 0x0000000618800000| Untracked 
|  96|0x0000000618c00000, 0x0000000618c00000, 0x0000000619000000|  0%| F|  |TAMS 0x0000000618c00000, 0x0000000618c00000| Untracked 
|  97|0x0000000619000000, 0x0000000619000000, 0x0000000619400000|  0%| F|  |TAMS 0x0000000619000000, 0x0000000619000000| Untracked 
|  98|0x0000000619400000, 0x0000000619400000, 0x0000000619800000|  0%| F|  |TAMS 0x0000000619400000, 0x0000000619400000| Untracked 
|  99|0x0000000619800000, 0x0000000619800000, 0x0000000619c00000|  0%| F|  |TAMS 0x0000000619800000, 0x0000000619800000| Untracked 
| 100|0x0000000619c00000, 0x0000000619c00000, 0x000000061a000000|  0%| F|  |TAMS 0x0000000619c00000, 0x0000000619c00000| Untracked 
| 101|0x000000061a000000, 0x000000061a000000, 0x000000061a400000|  0%| F|  |TAMS 0x000000061a000000, 0x000000061a000000| Untracked 
| 102|0x000000061a400000, 0x000000061a400000, 0x000000061a800000|  0%| F|  |TAMS 0x000000061a400000, 0x000000061a400000| Untracked 
| 103|0x000000061a800000, 0x000000061a800000, 0x000000061ac00000|  0%| F|  |TAMS 0x000000061a800000, 0x000000061a800000| Untracked 
| 104|0x000000061ac00000, 0x000000061ac00000, 0x000000061b000000|  0%| F|  |TAMS 0x000000061ac00000, 0x000000061ac00000| Untracked 
| 105|0x000000061b000000, 0x000000061b000000, 0x000000061b400000|  0%| F|  |TAMS 0x000000061b000000, 0x000000061b000000| Untracked 
| 106|0x000000061b400000, 0x000000061b400000, 0x000000061b800000|  0%| F|  |TAMS 0x000000061b400000, 0x000000061b400000| Untracked 
| 107|0x000000061b800000, 0x000000061b800000, 0x000000061bc00000|  0%| F|  |TAMS 0x000000061b800000, 0x000000061b800000| Untracked 
| 108|0x000000061bc00000, 0x000000061bc00000, 0x000000061c000000|  0%| F|  |TAMS 0x000000061bc00000, 0x000000061bc00000| Untracked 
| 109|0x000000061c000000, 0x000000061c000000, 0x000000061c400000|  0%| F|  |TAMS 0x000000061c000000, 0x000000061c000000| Untracked 
| 110|0x000000061c400000, 0x000000061c400000, 0x000000061c800000|  0%| F|  |TAMS 0x000000061c400000, 0x000000061c400000| Untracked 
| 111|0x000000061c800000, 0x000000061c800000, 0x000000061cc00000|  0%| F|  |TAMS 0x000000061c800000, 0x000000061c800000| Untracked 
| 112|0x000000061cc00000, 0x000000061cc00000, 0x000000061d000000|  0%| F|  |TAMS 0x000000061cc00000, 0x000000061cc00000| Untracked 
| 113|0x000000061d000000, 0x000000061d000000, 0x000000061d400000|  0%| F|  |TAMS 0x000000061d000000, 0x000000061d000000| Untracked 
| 114|0x000000061d400000, 0x000000061d400000, 0x000000061d800000|  0%| F|  |TAMS 0x000000061d400000, 0x000000061d400000| Untracked 
| 115|0x000000061d800000, 0x000000061d800000, 0x000000061dc00000|  0%| F|  |TAMS 0x000000061d800000, 0x000000061d800000| Untracked 
| 116|0x000000061dc00000, 0x000000061dc00000, 0x000000061e000000|  0%| F|  |TAMS 0x000000061dc00000, 0x000000061dc00000| Untracked 
| 117|0x000000061e000000, 0x000000061e000000, 0x000000061e400000|  0%| F|  |TAMS 0x000000061e000000, 0x000000061e000000| Untracked 
| 118|0x000000061e400000, 0x000000061e400000, 0x000000061e800000|  0%| F|  |TAMS 0x000000061e400000, 0x000000061e400000| Untracked 
| 119|0x000000061e800000, 0x000000061e800000, 0x000000061ec00000|  0%| F|  |TAMS 0x000000061e800000, 0x000000061e800000| Untracked 
| 120|0x000000061ec00000, 0x000000061ec00000, 0x000000061f000000|  0%| F|  |TAMS 0x000000061ec00000, 0x000000061ec00000| Untracked 
| 121|0x000000061f000000, 0x000000061f000000, 0x000000061f400000|  0%| F|  |TAMS 0x000000061f000000, 0x000000061f000000| Untracked 
| 122|0x000000061f400000, 0x000000061f400000, 0x000000061f800000|  0%| F|  |TAMS 0x000000061f400000, 0x000000061f400000| Untracked 
| 123|0x000000061f800000, 0x000000061fbe54c8, 0x000000061fc00000| 97%| E|  |TAMS 0x000000061f800000, 0x000000061f800000| Complete 
| 124|0x000000061fc00000, 0x0000000620000000, 0x0000000620000000|100%| E|CS|TAMS 0x000000061fc00000, 0x000000061fc00000| Complete 
| 125|0x0000000620000000, 0x0000000620400000, 0x0000000620400000|100%| E|CS|TAMS 0x0000000620000000, 0x0000000620000000| Complete 
| 126|0x0000000620400000, 0x0000000620800000, 0x0000000620800000|100%| E|CS|TAMS 0x0000000620400000, 0x0000000620400000| Complete 
| 127|0x0000000620800000, 0x0000000620c00000, 0x0000000620c00000|100%| E|CS|TAMS 0x0000000620800000, 0x0000000620800000| Complete 

Card table byte_map: [0x0000015b65820000,0x0000015b66820000] _byte_map_base: 0x0000015b6281a000

Marking Bits (Prev, Next): (CMBitMap*) 0x0000015b4d3c0930, (CMBitMap*) 0x0000015b4d3c0970
 Prev Bits: [0x0000015b67820000, 0x0000015b6f7f0000)
 Next Bits: [0x0000015b6f7f0000, 0x0000015b777c0000)

Polling page: 0x0000015b4cad0000

Metaspace:

Usage:
  Non-class:      5.97 MB used.
      Class:    319.85 KB used.
       Both:      6.28 MB used.

Virtual space:
  Non-class space:       64.00 MB reserved,       6.06 MB (  9%) committed,  1 nodes.
      Class space:        1.00 GB reserved,     448.00 KB ( <1%) committed,  1 nodes.
             Both:        1.06 GB reserved,       6.50 MB ( <1%) committed. 

Chunk freelists:
   Non-Class:  3.78 MB
       Class:  3.54 MB
        Both:  7.32 MB

MaxMetaspaceSize: unlimited
CompressedClassSpaceSize: 1.00 GB
Initial GC threshold: 21.00 MB
Current GC threshold: 21.00 MB
CDS: on
MetaspaceReclaimPolicy: balanced
 - commit_granule_bytes: 65536.
 - commit_granule_words: 8192.
 - virtual_space_node_default_size: 8388608.
 - enlarge_chunks_in_place: 1.
 - new_chunks_are_fully_committed: 0.
 - uncommit_free_chunks: 1.
 - use_allocation_guard: 0.


Internal statistics:

num_allocs_failed_limit: 0.
num_arena_births: 122.
num_arena_deaths: 0.
num_vsnodes_births: 2.
num_vsnodes_deaths: 0.
num_space_committed: 102.
num_space_uncommitted: 0.
num_chunks_returned_to_freelist: 0.
num_chunks_taken_from_freelist: 302.
num_chunk_merges: 0.
num_chunk_splits: 215.
num_chunks_enlarged: 163.
num_inconsistent_stats: 0.

CodeHeap 'non-profiled nmethods': size=120000Kb used=356Kb max_used=356Kb free=119643Kb
 bounds [0x0000015b5cfc0000, 0x0000015b5d230000, 0x0000015b644f0000]
CodeHeap 'profiled nmethods': size=120000Kb used=1413Kb max_used=1413Kb free=118586Kb
 bounds [0x0000015b554f0000, 0x0000015b55760000, 0x0000015b5ca20000]
CodeHeap 'non-nmethods': size=5760Kb used=1829Kb max_used=1842Kb free=3930Kb
 bounds [0x0000015b5ca20000, 0x0000015b5cc90000, 0x0000015b5cfc0000]
 total_blobs=2055 nmethods=919 adapters=1047
 compilation: enabled
              stopped_count=0, restarted_count=0
 full_count=0

Compilation events (20 events):
Event: 0.752 Thread 0x0000015b7e42de30  909   !   3       java.io.WinNTFileSystem::isInvalid (78 bytes)
Event: 0.752 Thread 0x0000015b7e42de30 nmethod 909 0x0000015b5564f590 code [0x0000015b5564f780, 0x0000015b5564fbb8]
Event: 0.757 Thread 0x0000015b7e42de30  911       1       java.util.jar.Manifest::getEntries (5 bytes)
Event: 0.757 Thread 0x0000015b7e42de30 nmethod 911 0x0000015b5d018190 code [0x0000015b5d018320, 0x0000015b5d0183f8]
Event: 0.757 Thread 0x0000015b7e42de30  912       1       java.util.jar.Manifest::getMainAttributes (5 bytes)
Event: 0.757 Thread 0x0000015b7e42de30 nmethod 912 0x0000015b5d018490 code [0x0000015b5d018620, 0x0000015b5d0186f8]
Event: 0.757 Thread 0x0000015b7e42de30  913       1       java.util.zip.ZipEntry::getCrc (5 bytes)
Event: 0.757 Thread 0x0000015b7e42de30 nmethod 913 0x0000015b5d018790 code [0x0000015b5d018920, 0x0000015b5d0189d8]
Event: 0.763 Thread 0x0000015b09f88aa0  914       4       java.lang.String::<init> (15 bytes)
Event: 0.764 Thread 0x0000015b09f88aa0 nmethod 914 0x0000015b5d018a90 code [0x0000015b5d018c00, 0x0000015b5d018d78]
Event: 0.765 Thread 0x0000015b7e42de30  915       3       java.lang.ClassLoader::loadClass (7 bytes)
Event: 0.765 Thread 0x0000015b7e42de30 nmethod 915 0x0000015b5564fd90 code [0x0000015b5564ff40, 0x0000015b55650128]
Event: 0.765 Thread 0x0000015b7e42de30  916       3       jdk.internal.loader.BuiltinClassLoader::loadClass (22 bytes)
Event: 0.765 Thread 0x0000015b7e42de30 nmethod 916 0x0000015b55650210 code [0x0000015b556503e0, 0x0000015b556506b8]
Event: 0.765 Thread 0x0000015b7e42de30  917       3       jdk.internal.loader.ClassLoaders$BootClassLoader::loadClassOrNull (10 bytes)
Event: 0.765 Thread 0x0000015b7e42de30 nmethod 917 0x0000015b55650810 code [0x0000015b556509e0, 0x0000015b55650c78]
Event: 0.765 Thread 0x0000015b7e42de30  918       3       java.util.zip.ZipFile$ZipFileInflaterInputStream::fill (80 bytes)
Event: 0.766 Thread 0x0000015b7e42de30 nmethod 918 0x0000015b55650e10 code [0x0000015b55651000, 0x0000015b556513a8]
Event: 0.772 Thread 0x0000015b7e42de30  919       1       java.lang.reflect.Method::getName (5 bytes)
Event: 0.772 Thread 0x0000015b7e42de30 nmethod 919 0x0000015b5d018e10 code [0x0000015b5d018fa0, 0x0000015b5d019078]

GC Heap History (0 events):
No events

Dll operation events (9 events):
Event: 0.007 Loaded shared library C:\Users\eligi\.jdks\corretto-19.0.2\bin\java.dll
Event: 0.016 Loaded shared library C:\Users\eligi\.jdks\corretto-19.0.2\bin\jsvml.dll
Event: 0.066 Loaded shared library C:\Users\eligi\.jdks\corretto-19.0.2\bin\net.dll
Event: 0.067 Loaded shared library C:\Users\eligi\.jdks\corretto-19.0.2\bin\nio.dll
Event: 0.073 Loaded shared library C:\Users\eligi\.jdks\corretto-19.0.2\bin\zip.dll
Event: 0.139 Loaded shared library C:\Users\eligi\.jdks\corretto-19.0.2\bin\jimage.dll
Event: 0.162 Loaded shared library C:\Users\eligi\AppData\Local\Temp\lwjgl_eligi\3.3.2+13\x64\lwjgl.dll
Event: 0.411 Loaded shared library C:\Users\eligi\AppData\Local\Temp\lwjgl_eligi\3.3.2+13\x64\lwjgl_opengl.dll
Event: 0.506 Loaded shared library C:\Users\eligi\.jdks\corretto-19.0.2\bin\verify.dll

Deoptimization events (20 events):
Event: 0.455 Thread 0x0000015b4b17d9f0 DEOPT PACKING pc=0x0000015b5cff6204 sp=0x0000001fc7cfed10
Event: 0.455 Thread 0x0000015b4b17d9f0 DEOPT UNPACKING pc=0x0000015b5ca86da3 sp=0x0000001fc7cfeca8 mode 2
Event: 0.560 Thread 0x0000015b4b17d9f0 Uncommon trap: trap_request=0xffffffde fr.pc=0x0000015b5d000150 relative=0x0000000000000130
Event: 0.560 Thread 0x0000015b4b17d9f0 Uncommon trap: reason=class_check action=maybe_recompile pc=0x0000015b5d000150 method=jdk.internal.misc.Unsafe.allocateUninitializedArray(Ljava/lang/Class;I)Ljava/lang/Object; @ 51 c2
Event: 0.560 Thread 0x0000015b4b17d9f0 DEOPT PACKING pc=0x0000015b5d000150 sp=0x0000001fc7cfcc90
Event: 0.560 Thread 0x0000015b4b17d9f0 DEOPT UNPACKING pc=0x0000015b5ca86da3 sp=0x0000001fc7cfcc18 mode 2
Event: 0.561 Thread 0x0000015b4b17d9f0 Uncommon trap: trap_request=0xffffffde fr.pc=0x0000015b5d000150 relative=0x0000000000000130
Event: 0.561 Thread 0x0000015b4b17d9f0 Uncommon trap: reason=class_check action=maybe_recompile pc=0x0000015b5d000150 method=jdk.internal.misc.Unsafe.allocateUninitializedArray(Ljava/lang/Class;I)Ljava/lang/Object; @ 51 c2
Event: 0.561 Thread 0x0000015b4b17d9f0 DEOPT PACKING pc=0x0000015b5d000150 sp=0x0000001fc7cfcb70
Event: 0.561 Thread 0x0000015b4b17d9f0 DEOPT UNPACKING pc=0x0000015b5ca86da3 sp=0x0000001fc7cfcaf8 mode 2
Event: 0.561 Thread 0x0000015b4b17d9f0 Uncommon trap: trap_request=0xffffffde fr.pc=0x0000015b5d000150 relative=0x0000000000000130
Event: 0.561 Thread 0x0000015b4b17d9f0 Uncommon trap: reason=class_check action=maybe_recompile pc=0x0000015b5d000150 method=jdk.internal.misc.Unsafe.allocateUninitializedArray(Ljava/lang/Class;I)Ljava/lang/Object; @ 51 c2
Event: 0.561 Thread 0x0000015b4b17d9f0 DEOPT PACKING pc=0x0000015b5d000150 sp=0x0000001fc7cfcb70
Event: 0.561 Thread 0x0000015b4b17d9f0 DEOPT UNPACKING pc=0x0000015b5ca86da3 sp=0x0000001fc7cfcaf8 mode 2
Event: 0.561 Thread 0x0000015b4b17d9f0 Uncommon trap: trap_request=0xffffffde fr.pc=0x0000015b5d000150 relative=0x0000000000000130
Event: 0.561 Thread 0x0000015b4b17d9f0 Uncommon trap: reason=class_check action=maybe_recompile pc=0x0000015b5d000150 method=jdk.internal.misc.Unsafe.allocateUninitializedArray(Ljava/lang/Class;I)Ljava/lang/Object; @ 51 c2
Event: 0.561 Thread 0x0000015b4b17d9f0 DEOPT PACKING pc=0x0000015b5d000150 sp=0x0000001fc7cfc9e0
Event: 0.561 Thread 0x0000015b4b17d9f0 DEOPT UNPACKING pc=0x0000015b5ca86da3 sp=0x0000001fc7cfc968 mode 2
Event: 0.640 Thread 0x0000015b4b17d9f0 DEOPT PACKING pc=0x0000015b5553c1f9 sp=0x0000001fc7cfee70
Event: 0.640 Thread 0x0000015b4b17d9f0 DEOPT UNPACKING pc=0x0000015b5ca87543 sp=0x0000001fc7cfe2d0 mode 0

Classes loaded (20 events):
Event: 0.250 Loading class jdk/internal/reflect/MethodHandleIntegerFieldAccessorImpl
Event: 0.250 Loading class jdk/internal/reflect/MethodHandleIntegerFieldAccessorImpl done
Event: 0.416 Loading class jdk/internal/foreign/MemorySessionImpl
Event: 0.416 Loading class java/lang/foreign/MemorySession
Event: 0.416 Loading class java/lang/foreign/SegmentAllocator
Event: 0.417 Loading class java/lang/foreign/SegmentAllocator done
Event: 0.417 Loading class java/lang/foreign/MemorySession done
Event: 0.417 Loading class jdk/internal/foreign/MemorySessionImpl done
Event: 0.502 Loading class java/io/Externalizable
Event: 0.502 Loading class java/io/Externalizable done
Event: 0.669 Loading class jdk/internal/module/ModulePatcher$PatchedModuleReader
Event: 0.669 Loading class jdk/internal/module/ModulePatcher$PatchedModuleReader done
Event: 0.669 Loading class sun/net/www/protocol/jrt/Handler
Event: 0.669 Loading class sun/net/www/protocol/jrt/Handler done
Event: 0.674 Loading class sun/text/resources/cldr/FormatData_en
Event: 0.675 Loading class sun/text/resources/cldr/FormatData_en done
Event: 0.675 Loading class sun/text/resources/cldr/FormatData_en_US
Event: 0.675 Loading class sun/text/resources/cldr/FormatData_en_US done
Event: 0.690 Loading class java/lang/SecurityException
Event: 0.690 Loading class java/lang/SecurityException done

Classes unloaded (0 events):
No events

Classes redefined (0 events):
No events

Internal exceptions (20 events):
Event: 0.160 Thread 0x0000015b4b17d9f0 Exception <a 'sun/nio/fs/WindowsException'{0x000000062058db00}> (0x000000062058db00) 
thrown [s\src\hotspot\share\prims\jni.cpp, line 517]
Event: 0.160 Thread 0x0000015b4b17d9f0 Exception <a 'sun/nio/fs/WindowsException'{0x000000062058e050}> (0x000000062058e050) 
thrown [s\src\hotspot\share\prims\jni.cpp, line 517]
Event: 0.205 Thread 0x0000015b4b17d9f0 Exception <a 'java/lang/NoSuchMethodError'{0x000000062062db78}: 'int java.lang.invoke.DirectMethodHandle$Holder.invokeStaticInit(java.lang.Object, java.lang.Object, int, long)'> (0x000000062062db78) 
thrown [s\src\hotspot\share\interpreter\linkResolver.cpp, line 774]
Event: 0.205 Thread 0x0000015b4b17d9f0 Exception <a 'java/lang/NoSuchMethodError'{0x0000000620633448}: 'java.lang.Object java.lang.invoke.DirectMethodHandle$Holder.newInvokeSpecial(java.lang.Object, java.lang.Object, int)'> (0x0000000620633448) 
thrown [s\src\hotspot\share\interpreter\linkResolver.cpp, line 774]
Event: 0.207 Thread 0x0000015b4b17d9f0 Exception <a 'java/lang/NoSuchMethodError'{0x0000000620642ca8}: 'int java.lang.invoke.DirectMethodHandle$Holder.invokeStaticInit(java.lang.Object, java.lang.Object, long, long)'> (0x0000000620642ca8) 
thrown [s\src\hotspot\share\interpreter\linkResolver.cpp, line 774]
Event: 0.208 Thread 0x0000015b4b17d9f0 Exception <a 'java/lang/NoSuchMethodError'{0x0000000620648a38}: 'java.lang.Object java.lang.invoke.DirectMethodHandle$Holder.newInvokeSpecial(java.lang.Object, java.lang.Object, long)'> (0x0000000620648a38) 
thrown [s\src\hotspot\share\interpreter\linkResolver.cpp, line 774]
Event: 0.208 Thread 0x0000015b4b17d9f0 Exception <a 'java/lang/NoSuchMethodError'{0x000000062064c310}: 'java.lang.Object java.lang.invoke.Invokers$Holder.linkToTargetMethod(java.lang.Object, long, java.lang.Object)'> (0x000000062064c310) 
thrown [s\src\hotspot\share\interpreter\linkResolver.cpp, line 774]
Event: 0.209 Thread 0x0000015b4b17d9f0 Exception <a 'java/lang/NoSuchMethodError'{0x0000000620653768}: 'int java.lang.invoke.DirectMethodHandle$Holder.invokeStaticInit(java.lang.Object, java.lang.Object, java.lang.Object, long)'> (0x0000000620653768) 
thrown [s\src\hotspot\share\interpreter\linkResolver.cpp, line 774]
Event: 0.235 Thread 0x0000015b4b17d9f0 Exception <a 'sun/nio/fs/WindowsException'{0x0000000620706158}> (0x0000000620706158) 
thrown [s\src\hotspot\share\prims\jni.cpp, line 517]
Event: 0.235 Thread 0x0000015b4b17d9f0 Exception <a 'sun/nio/fs/WindowsException'{0x00000006207064b8}> (0x00000006207064b8) 
thrown [s\src\hotspot\share\prims\jni.cpp, line 517]
Event: 0.251 Thread 0x0000015b4b17d9f0 Exception <a 'java/lang/NoSuchMethodError'{0x0000000620721c18}: 'int java.lang.invoke.Invokers$Holder.invokeExact_MT(java.lang.Object, java.lang.Object)'> (0x0000000620721c18) 
thrown [s\src\hotspot\share\interpreter\linkResolver.cpp, line 774]
Event: 0.374 Thread 0x0000015b4b17d9f0 Exception <a 'java/lang/NoSuchMethodError'{0x00000006207786f0}: 'void java.lang.invoke.DirectMethodHandle$Holder.invokeStaticInit(java.lang.Object, long, double, double)'> (0x00000006207786f0) 
thrown [s\src\hotspot\share\interpreter\linkResolver.cpp, line 774]
Event: 0.376 Thread 0x0000015b4b17d9f0 Exception <a 'java/lang/NoSuchMethodError'{0x0000000620787cc8}: 'void java.lang.invoke.DirectMethodHandle$Holder.invokeStaticInit(java.lang.Object, long, int, int, int)'> (0x0000000620787cc8) 
thrown [s\src\hotspot\share\interpreter\linkResolver.cpp, line 774]
Event: 0.380 Thread 0x0000015b4b17d9f0 Exception <a 'java/lang/NoSuchMethodError'{0x00000006207a0738}: 'void java.lang.invoke.DirectMethodHandle$Holder.invokeStaticInit(java.lang.Object, long, int, int, int, int)'> (0x00000006207a0738) 
thrown [s\src\hotspot\share\interpreter\linkResolver.cpp, line 774]
Event: 0.405 Thread 0x0000015b4b17d9f0 Exception <a 'java/lang/NoSuchMethodError'{0x00000006207c35b0}: 'void java.lang.System.load(java.lang.String, java.lang.Class)'> (0x00000006207c35b0) 
thrown [s\src\hotspot\share\interpreter\linkResolver.cpp, line 774]
Event: 0.405 Thread 0x0000015b4b17d9f0 Exception <a 'java/lang/NoSuchMethodError'{0x00000006207c63b8}: 'void java.lang.System.loadLibrary(java.lang.String, java.lang.Class)'> (0x00000006207c63b8) 
thrown [s\src\hotspot\share\interpreter\linkResolver.cpp, line 774]
Event: 0.409 Thread 0x0000015b4b17d9f0 Exception <a 'sun/nio/fs/WindowsException'{0x00000006207d61c8}> (0x00000006207d61c8) 
thrown [s\src\hotspot\share\prims\jni.cpp, line 517]
Event: 0.409 Thread 0x0000015b4b17d9f0 Exception <a 'sun/nio/fs/WindowsException'{0x00000006207d6570}> (0x00000006207d6570) 
thrown [s\src\hotspot\share\prims\jni.cpp, line 517]
Event: 0.419 Thread 0x0000015b4b17d9f0 Exception <a 'sun/nio/fs/WindowsException'{0x00000006207e0610}> (0x00000006207e0610) 
thrown [s\src\hotspot\share\prims\jni.cpp, line 517]
Event: 0.420 Thread 0x0000015b4b17d9f0 Exception <a 'sun/nio/fs/WindowsException'{0x00000006207e08f0}> (0x00000006207e08f0) 
thrown [s\src\hotspot\share\prims\jni.cpp, line 517]

VM Operations (8 events):
Event: 0.051 Executing VM operation: ChangeBreakpoints
Event: 0.051 Executing VM operation: ChangeBreakpoints done
Event: 0.074 Executing VM operation: HandshakeAllThreads
Event: 0.075 Executing VM operation: HandshakeAllThreads done
Event: 0.153 Executing VM operation: HandshakeAllThreads
Event: 0.153 Executing VM operation: HandshakeAllThreads done
Event: 0.666 Executing VM operation: HandshakeAllThreads
Event: 0.666 Executing VM operation: HandshakeAllThreads done

Events (17 events):
Event: 0.016 Thread 0x0000015b4b17d9f0 Thread added: 0x0000015b4b17d9f0
Event: 0.026 Thread 0x0000015b779b5a50 Thread added: 0x0000015b779b5a50
Event: 0.026 Thread 0x0000015b779b67f0 Thread added: 0x0000015b779b67f0
Event: 0.026 Thread 0x0000015b779ba4e0 Thread added: 0x0000015b779ba4e0
Event: 0.026 Thread 0x0000015b7e401590 Thread added: 0x0000015b7e401590
Event: 0.026 Thread 0x0000015b7e422c10 Thread added: 0x0000015b7e422c10
Event: 0.026 Thread 0x0000015b7e4226c0 Thread added: 0x0000015b7e4226c0
Event: 0.026 Thread 0x0000015b7e42b310 Thread added: 0x0000015b7e42b310
Event: 0.026 Thread 0x0000015b7e42de30 Thread added: 0x0000015b7e42de30
Event: 0.026 Thread 0x0000015b7e424bf0 Thread added: 0x0000015b7e424bf0
Event: 0.050 Thread 0x0000015b7e5829a0 Thread added: 0x0000015b7e5829a0
Event: 0.050 Thread 0x0000015b7e56e8c0 Thread added: 0x0000015b7e56e8c0
Event: 0.051 Thread 0x0000015b7e588f20 Thread added: 0x0000015b7e588f20
Event: 0.055 Thread 0x0000015b7e4236b0 Thread added: 0x0000015b7e4236b0
Event: 0.058 Thread 0x0000015b7e425140 Thread added: 0x0000015b7e425140
Event: 0.421 Thread 0x0000015b09f88aa0 Thread added: 0x0000015b09f88aa0
Event: 0.557 Thread 0x0000015b09f636f0 Thread added: 0x0000015b09f636f0


Dynamic libraries:
0x00007ff633bb0000 - 0x00007ff633bbd000 	C:\Users\eligi\.jdks\corretto-19.0.2\bin\java.exe
0x00007ff908a50000 - 0x00007ff908c64000 	C:\WINDOWS\SYSTEM32\ntdll.dll
0x00007ff8871b0000 - 0x00007ff8871c9000 	C:\Program Files\Avast Software\Avast\aswhook.dll
0x00007ff9074c0000 - 0x00007ff907582000 	C:\WINDOWS\System32\KERNEL32.DLL
0x00007ff905e50000 - 0x00007ff9061f3000 	C:\WINDOWS\System32\KERNELBASE.dll
0x00007ff906370000 - 0x00007ff906481000 	C:\WINDOWS\System32\ucrtbase.dll
0x00007ff8f38f0000 - 0x00007ff8f3907000 	C:\Users\eligi\.jdks\corretto-19.0.2\bin\jli.dll
0x00007ff8ecfc0000 - 0x00007ff8ecfd5000 	C:\Users\eligi\.jdks\corretto-19.0.2\bin\VCRUNTIME140.dll
0x00007ff906930000 - 0x00007ff906ada000 	C:\WINDOWS\System32\USER32.dll
0x00007ff8e7030000 - 0x00007ff8e72be000 	C:\WINDOWS\WinSxS\amd64_microsoft.windows.common-controls_6595b64144ccf1df_6.0.22621.1635_none_270f70857386168e\COMCTL32.dll
0x00007ff9066e0000 - 0x00007ff906706000 	C:\WINDOWS\System32\win32u.dll
0x00007ff9087e0000 - 0x00007ff908887000 	C:\WINDOWS\System32\msvcrt.dll
0x00007ff907c50000 - 0x00007ff907c79000 	C:\WINDOWS\System32\GDI32.dll
0x00007ff9065c0000 - 0x00007ff9066d9000 	C:\WINDOWS\System32\gdi32full.dll
0x00007ff906790000 - 0x00007ff90682a000 	C:\WINDOWS\System32\msvcp_win.dll
0x00007ff906830000 - 0x00007ff906861000 	C:\WINDOWS\System32\IMM32.DLL
0x00007ff8968e0000 - 0x00007ff89697b000 	C:\Users\eligi\.jdks\corretto-19.0.2\bin\msvcp140.dll
0x00007ff815cb0000 - 0x00007ff816989000 	C:\Users\eligi\.jdks\corretto-19.0.2\bin\server\jvm.dll
0x00007ff907230000 - 0x00007ff9072de000 	C:\WINDOWS\System32\ADVAPI32.dll
0x00007ff908900000 - 0x00007ff9089a4000 	C:\WINDOWS\System32\sechost.dll
0x00007ff907c80000 - 0x00007ff907d97000 	C:\WINDOWS\System32\RPCRT4.dll
0x00007ff8fca60000 - 0x00007ff8fca94000 	C:\WINDOWS\SYSTEM32\WINMM.dll
0x00007ff8e7870000 - 0x00007ff8e7879000 	C:\WINDOWS\SYSTEM32\WSOCK32.dll
0x00007ff8ffee0000 - 0x00007ff8ffeea000 	C:\WINDOWS\SYSTEM32\VERSION.dll
0x00007ff9071b0000 - 0x00007ff907221000 	C:\WINDOWS\System32\WS2_32.dll
0x00007ff904e90000 - 0x00007ff904ea8000 	C:\WINDOWS\SYSTEM32\kernel.appcore.dll
0x00007ff8f3460000 - 0x00007ff8f346a000 	C:\Users\eligi\.jdks\corretto-19.0.2\bin\jimage.dll
0x00007ff9038f0000 - 0x00007ff903b1e000 	C:\WINDOWS\SYSTEM32\DBGHELP.DLL
0x00007ff907640000 - 0x00007ff9079c9000 	C:\WINDOWS\System32\combase.dll
0x00007ff907b70000 - 0x00007ff907c47000 	C:\WINDOWS\System32\OLEAUT32.dll
0x00007ff8e61c0000 - 0x00007ff8e61f2000 	C:\WINDOWS\SYSTEM32\dbgcore.DLL
0x00007ff906710000 - 0x00007ff90678a000 	C:\WINDOWS\System32\bcryptPrimitives.dll
0x00007ff8ec510000 - 0x00007ff8ec54b000 	C:\Users\eligi\.jdks\corretto-19.0.2\bin\jdwp.dll
0x00007ff8ecf90000 - 0x00007ff8ecfb6000 	C:\Users\eligi\.jdks\corretto-19.0.2\bin\java.dll
0x00007ff88a680000 - 0x00007ff88a756000 	C:\Users\eligi\.jdks\corretto-19.0.2\bin\jsvml.dll
0x00007ff907da0000 - 0x00007ff908599000 	C:\WINDOWS\System32\SHELL32.dll
0x00007ff903e40000 - 0x00007ff90470e000 	C:\WINDOWS\SYSTEM32\windows.storage.dll
0x00007ff903d00000 - 0x00007ff903e3e000 	C:\WINDOWS\SYSTEM32\wintypes.dll
0x00007ff9085a0000 - 0x00007ff908691000 	C:\WINDOWS\System32\SHCORE.dll
0x00007ff9075e0000 - 0x00007ff90763e000 	C:\WINDOWS\System32\shlwapi.dll
0x00007ff905d80000 - 0x00007ff905da6000 	C:\WINDOWS\SYSTEM32\profapi.dll
0x00007ff8f3f20000 - 0x00007ff8f3f2c000 	C:\Users\eligi\.jdks\corretto-19.0.2\bin\dt_socket.dll
0x00007ff9049b0000 - 0x00007ff9049dd000 	C:\WINDOWS\SYSTEM32\IPHLPAPI.DLL
0x00007ff905310000 - 0x00007ff905379000 	C:\WINDOWS\system32\mswsock.dll
0x00007ff8eb6e0000 - 0x00007ff8eb6f3000 	C:\Users\eligi\.jdks\corretto-19.0.2\bin\net.dll
0x00007ff8ffd80000 - 0x00007ff8ffeb7000 	C:\WINDOWS\SYSTEM32\WINHTTP.dll
0x00007ff8eb140000 - 0x00007ff8eb155000 	C:\Users\eligi\.jdks\corretto-19.0.2\bin\nio.dll
0x00007ff8eb120000 - 0x00007ff8eb138000 	C:\Users\eligi\.jdks\corretto-19.0.2\bin\zip.dll
0x00007ff8e0da0000 - 0x00007ff8e0e1a000 	C:\Users\eligi\AppData\Local\Temp\lwjgl_eligi\3.3.2+13\x64\lwjgl.dll
0x00007ff8cbaf0000 - 0x00007ff8cbb72000 	C:\Users\eligi\AppData\Local\Temp\lwjgl_eligi\3.3.2+13\x64\glfw.dll
0x00007ff886370000 - 0x00007ff8863b6000 	C:\WINDOWS\SYSTEM32\dinput8.dll
0x00007ff8f41e0000 - 0x00007ff8f41f1000 	C:\WINDOWS\SYSTEM32\xinput1_4.dll
0x00007ff905af0000 - 0x00007ff905b3e000 	C:\WINDOWS\SYSTEM32\cfgmgr32.dll
0x00007ff905ac0000 - 0x00007ff905aec000 	C:\WINDOWS\SYSTEM32\DEVOBJ.dll
0x00007ff9033c0000 - 0x00007ff9033eb000 	C:\WINDOWS\SYSTEM32\dwmapi.dll
0x00007ff8e0e20000 - 0x00007ff8e1021000 	C:\WINDOWS\SYSTEM32\inputhost.dll
0x00007ff9029b0000 - 0x00007ff902ae3000 	C:\WINDOWS\SYSTEM32\CoreMessaging.dll
0x00007ff902fb0000 - 0x00007ff90305b000 	C:\WINDOWS\system32\uxtheme.dll
0x00007ff905590000 - 0x00007ff90559c000 	C:\WINDOWS\SYSTEM32\CRYPTBASE.DLL
0x00007ff9086a0000 - 0x00007ff9087c7000 	C:\WINDOWS\System32\MSCTF.dll
0x00007ff88bd60000 - 0x00007ff88be60000 	C:\WINDOWS\SYSTEM32\opengl32.dll
0x00007ff890300000 - 0x00007ff89032d000 	C:\WINDOWS\SYSTEM32\GLU32.dll
0x00007ff903090000 - 0x00007ff9030c8000 	C:\WINDOWS\SYSTEM32\dxcore.dll
0x00007ff906870000 - 0x00007ff906920000 	C:\WINDOWS\System32\clbcatq.dll
0x00007ff8ee9b0000 - 0x00007ff8ee9dd000 	C:\WINDOWS\System32\DriverStore\FileRepository\u0393367.inf_amd64_6fba1387e8658583\B393268\atig6pxx.dll
0x00007ff818d20000 - 0x00007ff81d314000 	C:\WINDOWS\System32\DriverStore\FileRepository\u0393367.inf_amd64_6fba1387e8658583\B393268\atio6axx.dll
0x00007ff906c10000 - 0x00007ff907084000 	C:\WINDOWS\System32\SETUPAPI.dll
0x00007ff8f5260000 - 0x00007ff8f5295000 	C:\WINDOWS\SYSTEM32\amdihk64.dll
0x00007ff906550000 - 0x00007ff9065bb000 	C:\WINDOWS\System32\WINTRUST.dll
0x00007ff906200000 - 0x00007ff906367000 	C:\WINDOWS\System32\CRYPT32.dll
0x00007ff905aa0000 - 0x00007ff905ab2000 	C:\WINDOWS\SYSTEM32\MSASN1.dll
0x00007ff905780000 - 0x00007ff9057a8000 	C:\WINDOWS\SYSTEM32\BCrypt.dll
0x00007ff8ea830000 - 0x00007ff8ea95d000 	C:\WINDOWS\SYSTEM32\textinputframework.dll
0x00007ff8fe9f0000 - 0x00007ff8fed5c000 	C:\WINDOWS\SYSTEM32\CoreUIComponents.dll
0x00007ff8ea7d0000 - 0x00007ff8ea82e000 	C:\Users\eligi\AppData\Local\Temp\lwjgl_eligi\3.3.2+13\x64\lwjgl_opengl.dll
0x00007ff8ee470000 - 0x00007ff8ee480000 	C:\Users\eligi\.jdks\corretto-19.0.2\bin\verify.dll

dbghelp: loaded successfully - version: 4.0.5 - missing functions: none
symbol engine: initialized successfully - sym options: 0x614 - pdb path: .;C:\Users\eligi\.jdks\corretto-19.0.2\bin;C:\WINDOWS\SYSTEM32;C:\Program Files\Avast Software\Avast;C:\WINDOWS\WinSxS\amd64_microsoft.windows.common-controls_6595b64144ccf1df_6.0.22621.1635_none_270f70857386168e;C:\Users\eligi\.jdks\corretto-19.0.2\bin\server;C:\Users\eligi\AppData\Local\Temp\lwjgl_eligi\3.3.2+13\x64;C:\WINDOWS\System32\DriverStore\FileRepository\u0393367.inf_amd64_6fba1387e8658583\B393268

VM Arguments:
jvm_args: -agentlib:jdwp=transport=dt_socket,server=n,suspend=y,address=127.0.0.1:49716 -Dfile.encoding=windows-1252 -Duser.country=US -Duser.language=en -Duser.variant -ea 
java_command: Main
java_class_path (initial): C:\Users\eligi\Documents\Java\dev\Mario2\build\classes\java\main;C:\Users\eligi\Documents\Java\dev\Mario2\build\classes\groovy\main;C:\Users\eligi\Documents\Java\dev\Mario2\build\resources\main;C:\Users\eligi\.gradle\caches\modules-2\files-2.1\org.codehaus.groovy\groovy-all\2.4.15\423a17aeb2f64bc6f76e8e44265a548bec80fd42\groovy-all-2.4.15.jar;C:\Users\eligi\.gradle\caches\modules-2\files-2.1\org.lwjgl\lwjgl-assimp\3.3.2\e5238c13abef6b0fd6e1b4320d3c8cd0c10bfe61\lwjgl-assimp-3.3.2.jar;C:\Users\eligi\.gradle\caches\modules-2\files-2.1\org.lwjgl\lwjgl-assimp\3.3.2\54edbc8767bde24b73187c229dbd552228230c8a\lwjgl-assimp-3.3.2-natives-windows.jar;C:\Users\eligi\.gradle\caches\modules-2\files-2.1\org.lwjgl\lwjgl-glfw\3.3.2\757920418805fb90bfebb3d46b1d9e7669fca2eb\lwjgl-glfw-3.3.2.jar;C:\Users\eligi\.gradle\caches\modules-2\files-2.1\org.lwjgl\lwjgl-glfw\3.3.2\1251e3cb7e5d6159334cfb9244f789ce992f03b\lwjgl-glfw-3.3.2-natives-windows.jar;C:\Users\eligi\.gradle\caches\modules-2\files-2.1\org.lwjgl\lwjgl-nfd\3.3.2\ec66452fad5bf48707cbe96c573c6cc3dd8a7a82\lwjgl-nfd-3.3.2.jar;C:\Users\eligi\.gradle\caches\modules-2\files-2.1\org.lwjgl\lwjgl-nfd\3.3.2\12c0041066a97f0c74d0f72db1423ac9ea124275\lwjgl-nfd-3.3.2-natives-windows.jar;C:\Users\eligi\.gradle\caches\modules-2\files-2.1\org.lwjgl\lwjgl-openal\3.3.2\ae5357ed6d934546d3533993ea84c0cfb75eed95\lwjgl-openal-3.3.2.jar;C:\Users\eligi\.gradle\caches\modules-2\files-2.1\org.lwjgl\lwjgl-openal\3.3.2\e74f299a602192faaf14b917632e4cbbb493c940\lwjgl-openal-3.3.2-natives-windows.jar;C:\Users\eligi\.gradle\caches\modules-2\files-2.1\org.lwjgl\lwjgl-opengl\3.3.2\ee8e95be0b438602038bc1f02dc5e3d011b1b216\lwjgl-opengl-3.3.2.jar;C:\Users\eligi\.gradle\caches\modules-2\files-2.1\org.lwjgl\lwjgl-opengl\3.3.2\83cd34469d4e0bc335bf74c7f62206530a9480bf\lwjgl-opengl-3.3.2-natives-windows.jar;C:\Users\eligi\.gradle\caches\modules-2\files-2.1\org.lwjgl\lwjgl-stb\3.3.2\a2550795014d622b686e9caac50b14baa87d2c70\lwjgl-stb-3.3.2.jar;C:\Users\eligi\.gradle\caches\modules-2\files-2.1\org.lwjgl\lwjgl-stb\3.3.2\1c4f4b8353bdb78c5264ab921436f03fc9aa1ba5\lwjgl-stb-3.3.2-natives-windows.jar;C:\Users\eligi\.gradle\caches\modules-2\files-2.1\org.lwjgl\lwjgl\3.3.2\4421d94af68e35dcaa31737a6fc59136a1e61b94\lwjgl-3.3.2.jar;C:\Users\eligi\.gradle\caches\modules-2\files-2.1\org.lwjgl\lwjgl\3.3.2\a55169ced70ffcd15f2162daf4a9c968578f6cd5\lwjgl-3.3.2-natives-windows.jar;C:\Users\eligi\.gradle\caches\modules-2\files-2.1\org.joml\joml\1.10.5\22566d58af70ad3d72308bab63b8339906deb649\joml-1.10.5.jar
Launcher Type: SUN_STANDARD

[Global flags]
     intx CICompilerCount                          = 4                                         {product} {ergonomic}
     uint ConcGCThreads                            = 2                                         {product} {ergonomic}
     uint G1ConcRefinementThreads                  = 8                                         {product} {ergonomic}
   size_t G1HeapRegionSize                         = 4194304                                   {product} {ergonomic}
    uintx GCDrainStackTargetSize                   = 64                                        {product} {ergonomic}
   size_t InitialHeapSize                          = 536870912                                 {product} {ergonomic}
   size_t MarkStackSize                            = 4194304                                   {product} {ergonomic}
   size_t MaxHeapSize                              = 8577351680                                {product} {ergonomic}
   size_t MaxNewSize                               = 5146411008                                {product} {ergonomic}
   size_t MinHeapDeltaBytes                        = 4194304                                   {product} {ergonomic}
   size_t MinHeapSize                              = 8388608                                   {product} {ergonomic}
    uintx NonNMethodCodeHeapSize                   = 5839372                                {pd product} {ergonomic}
    uintx NonProfiledCodeHeapSize                  = 122909434                              {pd product} {ergonomic}
    uintx ProfiledCodeHeapSize                     = 122909434                              {pd product} {ergonomic}
    uintx ReservedCodeCacheSize                    = 251658240                              {pd product} {ergonomic}
     bool SegmentedCodeCache                       = true                                      {product} {ergonomic}
   size_t SoftMaxHeapSize                          = 8577351680                             {manageable} {ergonomic}
     bool UseCompressedClassPointers               = true                           {product lp64_product} {ergonomic}
     bool UseCompressedOops                        = true                           {product lp64_product} {ergonomic}
     bool UseG1GC                                  = true                                      {product} {ergonomic}
     bool UseLargePagesIndividualAllocation        = false                                  {pd product} {ergonomic}

Logging:
Log output configuration:
 #0: stdout all=warning uptime,level,tags foldmultilines=false
 #1: stderr all=off uptime,level,tags foldmultilines=false

Environment Variables:
PATH=C:\Program Files (x86)\NVIDIA Corporation\PhysX\Common;C:\Program Files\Oculus\Support\oculus-runtime;C:\Program Files (x86)\Common Files\Oracle\Java\javapath;C:\WINDOWS\system32;C:\WINDOWS;C:\WINDOWS\System32\Wbem;C:\WINDOWS\System32\WindowsPowerShell\v1.0\;C:\WINDOWS\System32\OpenSSH\;C:\Program Files\dotnet\;C:\Program Files\Microsoft SQL Server\150\Tools\Binn\;C:\Program Files\Microsoft SQL Server\Client SDK\ODBC\170\Tools\Binn\;C:\Users\eligi\AppData\Local\Programs\Python\Python311\Scripts\;C:\Users\eligi\AppData\Local\Programs\Python\Python311\;C:\Users\eligi\AppData\Local\Microsoft\WindowsApps;;C:\Program Files\JetBrains\PyCharm Community Edition 2022.3.2\bin;;C:\Users\eligi\.dotnet\tools;C:\Program Files\JetBrains\IntelliJ IDEA Community Edition 2023.1.4\bin;;C:\Program Files\JetBrains\IntelliJ IDEA 2023.1.4\bin;
USERNAME=eligi
OS=Windows_NT
PROCESSOR_IDENTIFIER=Intel64 Family 6 Model 158 Stepping 13, GenuineIntel
TMP=C:\Users\eligi\AppData\Local\Temp
TEMP=C:\Users\eligi\AppData\Local\Temp



---------------  S Y S T E M  ---------------

OS:
 Windows 11 , 64 bit Build 22621 (10.0.22621.1928)
OS uptime: 11 days 15:08 hours

CPU: total 8 (initial active 8) (8 cores per cpu, 1 threads per core) family 6 model 158 stepping 13 microcode 0xde, cx8, cmov, fxsr, mmx, 3dnowpref, sse, sse2, sse3, ssse3, sse4.1, sse4.2, popcnt, lzcnt, tsc, tscinvbit, avx, avx2, aes, erms, clmul, bmi1, bmi2, adx, fma, vzeroupper, clflush, clflushopt, rdtscp

Memory: 4k page, system-wide physical 32715M (17954M free)
TotalPageFile size 49099M (AvailPageFile size 24895M)
current process WorkingSet (physical memory assigned to process): 136M, peak: 139M
current process commit charge ("private bytes"): 716M, peak: 721M

vm_info: OpenJDK 64-Bit Server VM (19.0.2+7-FR) for windows-amd64 JRE (19.0.2+7-FR), built on Jan 13 2023 22:53:32 by "Administrator" with MS VC++ 15.9 (VS2017)

END.
